{"E:\\code-remote-mvp\\cli\\src\\auth.ts": {"path":"E:\\code-remote-mvp\\cli\\src\\auth.ts","statementMap":{"0":{"start":{"line":1,"column":0},"end":{"line":1,"column":36}},"1":{"start":{"line":2,"column":0},"end":{"line":2,"column":26}},"2":{"start":{"line":11,"column":35},"end":{"line":11,"column":39}},"3":{"start":{"line":14,"column":4},"end":{"line":14,"column":35}},"4":{"start":{"line":16,"column":4},"end":{"line":18,"column":5}},"5":{"start":{"line":17,"column":6},"end":{"line":17,"column":57}},"6":{"start":{"line":22,"column":4},"end":{"line":22,"column":22}},"7":{"start":{"line":26,"column":4},"end":{"line":28,"column":5}},"8":{"start":{"line":27,"column":6},"end":{"line":27,"column":19}},"9":{"start":{"line":29,"column":4},"end":{"line":29,"column":37}},"10":{"start":{"line":33,"column":4},"end":{"line":33,"column":66}},"11":{"start":{"line":37,"column":4},"end":{"line":37,"column":26}},"12":{"start":{"line":41,"column":4},"end":{"line":41,"column":44}},"13":{"start":{"line":42,"column":4},"end":{"line":42,"column":51}},"14":{"start":{"line":43,"column":4},"end":{"line":43,"column":44}},"15":{"start":{"line":44,"column":4},"end":{"line":44,"column":59}},"16":{"start":{"line":45,"column":4},"end":{"line":52,"column":5}},"17":{"start":{"line":46,"column":23},"end":{"line":46,"column":73}},"18":{"start":{"line":47,"column":26},"end":{"line":47,"column":54}},"19":{"start":{"line":48,"column":6},"end":{"line":48,"column":80}},"20":{"start":{"line":49,"column":6},"end":{"line":49,"column":68}},"21":{"start":{"line":51,"column":6},"end":{"line":51,"column":57}},"22":{"start":{"line":53,"column":4},"end":{"line":53,"column":44}},"23":{"start":{"line":57,"column":4},"end":{"line":57,"column":26}},"24":{"start":{"line":58,"column":4},"end":{"line":62,"column":5}},"25":{"start":{"line":60,"column":18},"end":{"line":60,"column":55}},"26":{"start":{"line":61,"column":6},"end":{"line":61,"column":50}},"27":{"start":{"line":9,"column":0},"end":{"line":9,"column":13}}},"fnMap":{"0":{"name":"(anonymous_1)","decl":{"start":{"line":13,"column":2},"end":{"line":13,"column":14}},"loc":{"start":{"line":13,"column":42},"end":{"line":19,"column":3}}},"1":{"name":"(anonymous_2)","decl":{"start":{"line":21,"column":2},"end":{"line":21,"column":10}},"loc":{"start":{"line":21,"column":10},"end":{"line":23,"column":3}}},"2":{"name":"(anonymous_3)","decl":{"start":{"line":25,"column":2},"end":{"line":25,"column":9}},"loc":{"start":{"line":25,"column":28},"end":{"line":30,"column":3}}},"3":{"name":"(anonymous_4)","decl":{"start":{"line":32,"column":2},"end":{"line":32,"column":11}},"loc":{"start":{"line":32,"column":11},"end":{"line":34,"column":3}}},"4":{"name":"(anonymous_5)","decl":{"start":{"line":36,"column":2},"end":{"line":36,"column":14}},"loc":{"start":{"line":36,"column":14},"end":{"line":38,"column":3}}},"5":{"name":"(anonymous_6)","decl":{"start":{"line":40,"column":2},"end":{"line":40,"column":13}},"loc":{"start":{"line":40,"column":13},"end":{"line":54,"column":3}}},"6":{"name":"(anonymous_7)","decl":{"start":{"line":56,"column":2},"end":{"line":56,"column":9}},"loc":{"start":{"line":56,"column":9},"end":{"line":63,"column":3}}}},"branchMap":{"0":{"loc":{"start":{"line":14,"column":17},"end":{"line":14,"column":34}},"type":"binary-expr","locations":[{"start":{"line":14,"column":17},"end":{"line":14,"column":22}},{"start":{"line":14,"column":26},"end":{"line":14,"column":34}}]},"1":{"loc":{"start":{"line":16,"column":4},"end":{"line":18,"column":5}},"type":"if","locations":[{"start":{"line":16,"column":4},"end":{"line":18,"column":5}},{"start":{},"end":{}}]},"2":{"loc":{"start":{"line":26,"column":4},"end":{"line":28,"column":5}},"type":"if","locations":[{"start":{"line":26,"column":4},"end":{"line":28,"column":5}},{"start":{},"end":{}}]},"3":{"loc":{"start":{"line":26,"column":8},"end":{"line":26,"column":53}},"type":"binary-expr","locations":[{"start":{"line":26,"column":8},"end":{"line":26,"column":22}},{"start":{"line":26,"column":26},"end":{"line":26,"column":53}}]},"4":{"loc":{"start":{"line":33,"column":11},"end":{"line":33,"column":65}},"type":"binary-expr","locations":[{"start":{"line":33,"column":11},"end":{"line":33,"column":34}},{"start":{"line":33,"column":38},"end":{"line":33,"column":65}}]},"5":{"loc":{"start":{"line":45,"column":4},"end":{"line":52,"column":5}},"type":"if","locations":[{"start":{"line":45,"column":4},"end":{"line":52,"column":5}},{"start":{"line":50,"column":11},"end":{"line":52,"column":5}}]},"6":{"loc":{"start":{"line":58,"column":4},"end":{"line":62,"column":5}},"type":"if","locations":[{"start":{"line":58,"column":4},"end":{"line":62,"column":5}},{"start":{},"end":{}}]}},"s":{"0":0,"1":0,"2":0,"3":0,"4":0,"5":0,"6":0,"7":0,"8":0,"9":0,"10":0,"11":0,"12":0,"13":0,"14":0,"15":0,"16":0,"17":0,"18":0,"19":0,"20":0,"21":0,"22":0,"23":0,"24":0,"25":0,"26":0,"27":0},"f":{"0":0,"1":0,"2":0,"3":0,"4":0,"5":0,"6":0},"b":{"0":[0,0],"1":[0,0],"2":[0,0],"3":[0,0],"4":[0,0],"5":[0,0],"6":[0,0]}}
,"E:\\code-remote-mvp\\cli\\src\\handler.ts": {"path":"E:\\code-remote-mvp\\cli\\src\\handler.ts","statementMap":{"0":{"start":{"line":1,"column":0},"end":{"line":1,"column":26}},"1":{"start":{"line":10,"column":38},"end":{"line":10,"column":40}},"2":{"start":{"line":11,"column":31},"end":{"line":11,"column":34}},"3":{"start":{"line":14,"column":36},"end":{"line":18,"column":6}},"4":{"start":{"line":21,"column":4},"end":{"line":21,"column":31}},"5":{"start":{"line":22,"column":4},"end":{"line":24,"column":5}},"6":{"start":{"line":23,"column":6},"end":{"line":23,"column":27}},"7":{"start":{"line":27,"column":4},"end":{"line":27,"column":18}},"8":{"start":{"line":28,"column":4},"end":{"line":28,"column":44}},"9":{"start":{"line":29,"column":4},"end":{"line":29,"column":74}},"10":{"start":{"line":30,"column":4},"end":{"line":30,"column":38}},"11":{"start":{"line":31,"column":4},"end":{"line":31,"column":44}},"12":{"start":{"line":35,"column":21},"end":{"line":35,"column":51}},"13":{"start":{"line":37,"column":4},"end":{"line":37,"column":20}},"14":{"start":{"line":42,"column":25},"end":{"line":42,"column":46}},"15":{"start":{"line":44,"column":4},"end":{"line":46,"column":5}},"16":{"start":{"line":45,"column":6},"end":{"line":45,"column":103}},"17":{"start":{"line":48,"column":4},"end":{"line":56,"column":5}},"18":{"start":{"line":49,"column":6},"end":{"line":55,"column":22}},"19":{"start":{"line":58,"column":4},"end":{"line":63,"column":5}},"20":{"start":{"line":59,"column":6},"end":{"line":62,"column":18}},"21":{"start":{"line":65,"column":4},"end":{"line":67,"column":5}},"22":{"start":{"line":66,"column":6},"end":{"line":66,"column":63}},"23":{"start":{"line":70,"column":4},"end":{"line":71,"column":103}},"24":{"start":{"line":75,"column":4},"end":{"line":77,"column":5}},"25":{"start":{"line":76,"column":6},"end":{"line":76,"column":40}},"26":{"start":{"line":78,"column":4},"end":{"line":78,"column":29}},"27":{"start":{"line":82,"column":4},"end":{"line":82,"column":22}},"28":{"start":{"line":9,"column":0},"end":{"line":9,"column":13}}},"fnMap":{"0":{"name":"(anonymous_1)","decl":{"start":{"line":13,"column":2},"end":{"line":13,"column":7}},"loc":{"start":{"line":13,"column":55},"end":{"line":38,"column":3}}},"1":{"name":"(anonymous_2)","decl":{"start":{"line":40,"column":10},"end":{"line":40,"column":26}},"loc":{"start":{"line":40,"column":42},"end":{"line":72,"column":3}}},"2":{"name":"(anonymous_3)","decl":{"start":{"line":74,"column":2},"end":{"line":74,"column":12}},"loc":{"start":{"line":74,"column":27},"end":{"line":79,"column":3}}},"3":{"name":"(anonymous_4)","decl":{"start":{"line":81,"column":2},"end":{"line":81,"column":14}},"loc":{"start":{"line":81,"column":14},"end":{"line":83,"column":3}}}},"branchMap":{"0":{"loc":{"start":{"line":22,"column":4},"end":{"line":24,"column":5}},"type":"if","locations":[{"start":{"line":22,"column":4},"end":{"line":24,"column":5}},{"start":{},"end":{}}]},"1":{"loc":{"start":{"line":44,"column":4},"end":{"line":46,"column":5}},"type":"if","locations":[{"start":{"line":44,"column":4},"end":{"line":46,"column":5}},{"start":{},"end":{}}]},"2":{"loc":{"start":{"line":44,"column":8},"end":{"line":44,"column":69}},"type":"binary-expr","locations":[{"start":{"line":44,"column":8},"end":{"line":44,"column":38}},{"start":{"line":44,"column":42},"end":{"line":44,"column":69}}]},"3":{"loc":{"start":{"line":48,"column":4},"end":{"line":56,"column":5}},"type":"if","locations":[{"start":{"line":48,"column":4},"end":{"line":56,"column":5}},{"start":{},"end":{}}]},"4":{"loc":{"start":{"line":48,"column":8},"end":{"line":48,"column":67}},"type":"binary-expr","locations":[{"start":{"line":48,"column":8},"end":{"line":48,"column":37}},{"start":{"line":48,"column":41},"end":{"line":48,"column":67}}]},"5":{"loc":{"start":{"line":58,"column":4},"end":{"line":63,"column":5}},"type":"if","locations":[{"start":{"line":58,"column":4},"end":{"line":63,"column":5}},{"start":{},"end":{}}]},"6":{"loc":{"start":{"line":65,"column":4},"end":{"line":67,"column":5}},"type":"if","locations":[{"start":{"line":65,"column":4},"end":{"line":67,"column":5}},{"start":{},"end":{}}]},"7":{"loc":{"start":{"line":75,"column":4},"end":{"line":77,"column":5}},"type":"if","locations":[{"start":{"line":75,"column":4},"end":{"line":77,"column":5}},{"start":{},"end":{}}]}},"s":{"0":0,"1":0,"2":0,"3":0,"4":0,"5":0,"6":0,"7":0,"8":0,"9":0,"10":0,"11":0,"12":0,"13":0,"14":0,"15":0,"16":0,"17":0,"18":0,"19":0,"20":0,"21":0,"22":0,"23":0,"24":0,"25":0,"26":0,"27":0,"28":0},"f":{"0":0,"1":0,"2":0,"3":0},"b":{"0":[0,0],"1":[0,0],"2":[0,0],"3":[0,0],"4":[0,0],"5":[0,0],"6":[0,0],"7":[0,0]}}
,"E:\\code-remote-mvp\\cli\\src\\imageHandler.ts": {"path":"E:\\code-remote-mvp\\cli\\src\\imageHandler.ts","statementMap":{"0":{"start":{"line":1,"column":0},"end":{"line":1,"column":20}},"1":{"start":{"line":2,"column":0},"end":{"line":2,"column":24}},"2":{"start":{"line":11,"column":4},"end":{"line":11,"column":36}},"3":{"start":{"line":12,"column":4},"end":{"line":12,"column":34}},"4":{"start":{"line":13,"column":4},"end":{"line":13,"column":44}},"5":{"start":{"line":15,"column":4},"end":{"line":17,"column":5}},"6":{"start":{"line":16,"column":6},"end":{"line":16,"column":55}},"7":{"start":{"line":22,"column":4},"end":{"line":24,"column":5}},"8":{"start":{"line":23,"column":6},"end":{"line":23,"column":72}},"9":{"start":{"line":27,"column":4},"end":{"line":41,"column":5}},"10":{"start":{"line":29,"column":24},"end":{"line":36,"column":8}},"11":{"start":{"line":30,"column":8},"end":{"line":30,"column":41}},"12":{"start":{"line":30,"column":29},"end":{"line":30,"column":41}},"13":{"start":{"line":31,"column":8},"end":{"line":34,"column":9}},"14":{"start":{"line":32,"column":27},"end":{"line":32,"column":47}},"15":{"start":{"line":33,"column":10},"end":{"line":33,"column":58}},"16":{"start":{"line":35,"column":8},"end":{"line":35,"column":41}},"17":{"start":{"line":38,"column":6},"end":{"line":40,"column":7}},"18":{"start":{"line":39,"column":8},"end":{"line":39,"column":54}},"19":{"start":{"line":44,"column":21},"end":{"line":44,"column":57}},"20":{"start":{"line":45,"column":21},"end":{"line":45,"column":55}},"21":{"start":{"line":48,"column":4},"end":{"line":56,"column":5}},"22":{"start":{"line":49,"column":6},"end":{"line":49,"column":41}},"23":{"start":{"line":50,"column":6},"end":{"line":50,"column":22}},"24":{"start":{"line":52,"column":6},"end":{"line":54,"column":7}},"25":{"start":{"line":53,"column":8},"end":{"line":53,"column":42}},"26":{"start":{"line":55,"column":6},"end":{"line":55,"column":18}},"27":{"start":{"line":60,"column":19},"end":{"line":60,"column":44}},"28":{"start":{"line":61,"column":16},"end":{"line":61,"column":52}},"29":{"start":{"line":62,"column":44},"end":{"line":68,"column":6}},"30":{"start":{"line":70,"column":4},"end":{"line":77,"column":6}},"31":{"start":{"line":81,"column":16},"end":{"line":81,"column":42}},"32":{"start":{"line":82,"column":21},"end":{"line":82,"column":53}},"33":{"start":{"line":83,"column":22},"end":{"line":83,"column":41}},"34":{"start":{"line":85,"column":4},"end":{"line":85,"column":44}},"35":{"start":{"line":89,"column":49},"end":{"line":94,"column":6}},"36":{"start":{"line":96,"column":21},"end":{"line":96,"column":41}},"37":{"start":{"line":97,"column":4},"end":{"line":97,"column":26}},"38":{"start":{"line":97,"column":19},"end":{"line":97,"column":26}},"39":{"start":{"line":99,"column":4},"end":{"line":103,"column":5}},"40":{"start":{"line":99,"column":17},"end":{"line":99,"column":18}},"41":{"start":{"line":100,"column":6},"end":{"line":102,"column":7}},"42":{"start":{"line":101,"column":8},"end":{"line":101,"column":41}},"43":{"start":{"line":107,"column":16},"end":{"line":107,"column":26}},"44":{"start":{"line":108,"column":17},"end":{"line":110,"column":58}},"45":{"start":{"line":111,"column":17},"end":{"line":114,"column":66}},"46":{"start":{"line":115,"column":4},"end":{"line":115,"column":29}},"47":{"start":{"line":5,"column":0},"end":{"line":5,"column":13}}},"fnMap":{"0":{"name":"(anonymous_1)","decl":{"start":{"line":10,"column":2},"end":{"line":10,"column":14}},"loc":{"start":{"line":10,"column":33},"end":{"line":18,"column":3}}},"1":{"name":"(anonymous_2)","decl":{"start":{"line":20,"column":2},"end":{"line":20,"column":7}},"loc":{"start":{"line":20,"column":69},"end":{"line":57,"column":3}}},"2":{"name":"(anonymous_3)","decl":{"start":{"line":29,"column":47},"end":{"line":29,"column":54}},"loc":{"start":{"line":29,"column":57},"end":{"line":36,"column":7}}},"3":{"name":"(anonymous_4)","decl":{"start":{"line":59,"column":2},"end":{"line":59,"column":7}},"loc":{"start":{"line":59,"column":34},"end":{"line":78,"column":3}}},"4":{"name":"(anonymous_5)","decl":{"start":{"line":80,"column":2},"end":{"line":80,"column":18}},"loc":{"start":{"line":80,"column":39},"end":{"line":86,"column":3}}},"5":{"name":"(anonymous_6)","decl":{"start":{"line":88,"column":10},"end":{"line":88,"column":29}},"loc":{"start":{"line":88,"column":62},"end":{"line":104,"column":3}}},"6":{"name":"(anonymous_7)","decl":{"start":{"line":106,"column":10},"end":{"line":106,"column":22}},"loc":{"start":{"line":106,"column":22},"end":{"line":116,"column":3}}}},"branchMap":{"0":{"loc":{"start":{"line":15,"column":4},"end":{"line":17,"column":5}},"type":"if","locations":[{"start":{"line":15,"column":4},"end":{"line":17,"column":5}},{"start":{},"end":{}}]},"1":{"loc":{"start":{"line":15,"column":8},"end":{"line":15,"column":63}},"type":"binary-expr","locations":[{"start":{"line":15,"column":8},"end":{"line":15,"column":30}},{"start":{"line":15,"column":34},"end":{"line":15,"column":63}}]},"2":{"loc":{"start":{"line":22,"column":4},"end":{"line":24,"column":5}},"type":"if","locations":[{"start":{"line":22,"column":4},"end":{"line":24,"column":5}},{"start":{},"end":{}}]},"3":{"loc":{"start":{"line":27,"column":4},"end":{"line":41,"column":5}},"type":"if","locations":[{"start":{"line":27,"column":4},"end":{"line":41,"column":5}},{"start":{},"end":{}}]},"4":{"loc":{"start":{"line":27,"column":8},"end":{"line":27,"column":72}},"type":"binary-expr","locations":[{"start":{"line":27,"column":8},"end":{"line":27,"column":36}},{"start":{"line":27,"column":40},"end":{"line":27,"column":72}}]},"5":{"loc":{"start":{"line":30,"column":8},"end":{"line":30,"column":41}},"type":"if","locations":[{"start":{"line":30,"column":8},"end":{"line":30,"column":41}},{"start":{},"end":{}}]},"6":{"loc":{"start":{"line":31,"column":8},"end":{"line":34,"column":9}},"type":"if","locations":[{"start":{"line":31,"column":8},"end":{"line":34,"column":9}},{"start":{},"end":{}}]},"7":{"loc":{"start":{"line":38,"column":6},"end":{"line":40,"column":7}},"type":"if","locations":[{"start":{"line":38,"column":6},"end":{"line":40,"column":7}},{"start":{},"end":{}}]},"8":{"loc":{"start":{"line":52,"column":6},"end":{"line":54,"column":7}},"type":"if","locations":[{"start":{"line":52,"column":6},"end":{"line":54,"column":7}},{"start":{},"end":{}}]},"9":{"loc":{"start":{"line":74,"column":18},"end":{"line":74,"column":45}},"type":"binary-expr","locations":[{"start":{"line":74,"column":18},"end":{"line":74,"column":30}},{"start":{"line":74,"column":34},"end":{"line":74,"column":45}}]},"10":{"loc":{"start":{"line":97,"column":4},"end":{"line":97,"column":26}},"type":"if","locations":[{"start":{"line":97,"column":4},"end":{"line":97,"column":26}},{"start":{},"end":{}}]},"11":{"loc":{"start":{"line":100,"column":6},"end":{"line":102,"column":7}},"type":"if","locations":[{"start":{"line":100,"column":6},"end":{"line":102,"column":7}},{"start":{},"end":{}}]}},"s":{"0":1,"1":1,"2":6,"3":6,"4":6,"5":6,"6":1,"7":4,"8":1,"9":3,"10":3,"11":6,"12":0,"13":6,"14":0,"15":0,"16":6,"17":3,"18":1,"19":2,"20":2,"21":2,"22":2,"23":2,"24":0,"25":0,"26":0,"27":0,"28":0,"29":0,"30":0,"31":4,"32":4,"33":4,"34":4,"35":0,"36":0,"37":0,"38":0,"39":0,"40":0,"41":0,"42":0,"43":4,"44":4,"45":4,"46":4,"47":1},"f":{"0":6,"1":4,"2":6,"3":0,"4":4,"5":0,"6":4},"b":{"0":[1,5],"1":[6,6],"2":[1,3],"3":[3,0],"4":[3,3],"5":[0,6],"6":[0,6],"7":[1,2],"8":[0,0],"9":[0,0],"10":[0,0],"11":[0,0]}}
,"E:\\code-remote-mvp\\cli\\src\\index.ts": {"path":"E:\\code-remote-mvp\\cli\\src\\index.ts","statementMap":{"0":{"start":{"line":3,"column":0},"end":{"line":3,"column":36}},"1":{"start":{"line":4,"column":0},"end":{"line":4,"column":26}},"2":{"start":{"line":5,"column":0},"end":{"line":5,"column":28}},"3":{"start":{"line":6,"column":0},"end":{"line":6,"column":32}},"4":{"start":{"line":7,"column":0},"end":{"line":7,"column":47}},"5":{"start":{"line":8,"column":0},"end":{"line":8,"column":46}},"6":{"start":{"line":9,"column":0},"end":{"line":9,"column":40}},"7":{"start":{"line":13,"column":0},"end":{"line":13,"column":9}},"8":{"start":{"line":13,"column":9},"end":{"line":13,"column":49}},"9":{"start":{"line":23,"column":38},"end":{"line":23,"column":42}},"10":{"start":{"line":24,"column":25},"end":{"line":24,"column":29}},"11":{"start":{"line":27,"column":16},"end":{"line":36,"column":1}},"12":{"start":{"line":28,"column":2},"end":{"line":30,"column":3}},"13":{"start":{"line":29,"column":4},"end":{"line":29,"column":25}},"14":{"start":{"line":31,"column":2},"end":{"line":33,"column":3}},"15":{"start":{"line":32,"column":4},"end":{"line":32,"column":19}},"16":{"start":{"line":34,"column":2},"end":{"line":34,"column":56}},"17":{"start":{"line":35,"column":2},"end":{"line":35,"column":18}},"18":{"start":{"line":38,"column":0},"end":{"line":38,"column":30}},"19":{"start":{"line":39,"column":0},"end":{"line":39,"column":31}},"20":{"start":{"line":41,"column":0},"end":{"line":44,"column":20}},"21":{"start":{"line":46,"column":0},"end":{"line":158,"column":5}},"22":{"start":{"line":57,"column":4},"end":{"line":57,"column":18}},"23":{"start":{"line":58,"column":4},"end":{"line":63,"column":8}},"24":{"start":{"line":64,"column":4},"end":{"line":64,"column":18}},"25":{"start":{"line":66,"column":17},"end":{"line":66,"column":43}},"26":{"start":{"line":67,"column":20},"end":{"line":67,"column":35}},"27":{"start":{"line":68,"column":22},"end":{"line":68,"column":56}},"28":{"start":{"line":71,"column":23},"end":{"line":71,"column":67}},"29":{"start":{"line":72,"column":29},"end":{"line":72,"column":51}},"30":{"start":{"line":73,"column":4},"end":{"line":75,"column":5}},"31":{"start":{"line":74,"column":6},"end":{"line":74,"column":62}},"32":{"start":{"line":78,"column":17},"end":{"line":78,"column":47}},"33":{"start":{"line":81,"column":4},"end":{"line":86,"column":6}},"34":{"start":{"line":89,"column":27},"end":{"line":89,"column":47}},"35":{"start":{"line":92,"column":4},"end":{"line":95,"column":7}},"36":{"start":{"line":93,"column":23},"end":{"line":93,"column":76}},"37":{"start":{"line":94,"column":6},"end":{"line":94,"column":47}},"38":{"start":{"line":97,"column":4},"end":{"line":100,"column":7}},"39":{"start":{"line":98,"column":6},"end":{"line":98,"column":80}},"40":{"start":{"line":99,"column":6},"end":{"line":99,"column":102}},"41":{"start":{"line":102,"column":4},"end":{"line":104,"column":7}},"42":{"start":{"line":103,"column":6},"end":{"line":103,"column":84}},"43":{"start":{"line":107,"column":4},"end":{"line":107,"column":59}},"44":{"start":{"line":107,"column":33},"end":{"line":107,"column":57}},"45":{"start":{"line":110,"column":4},"end":{"line":123,"column":5}},"46":{"start":{"line":111,"column":34},"end":{"line":111,"column":61}},"47":{"start":{"line":112,"column":33},"end":{"line":112,"column":66}},"48":{"start":{"line":114,"column":27},"end":{"line":119,"column":8}},"49":{"start":{"line":121,"column":6},"end":{"line":121,"column":59}},"50":{"start":{"line":122,"column":6},"end":{"line":122,"column":34}},"51":{"start":{"line":126,"column":4},"end":{"line":126,"column":18}},"52":{"start":{"line":127,"column":4},"end":{"line":127,"column":57}},"53":{"start":{"line":128,"column":4},"end":{"line":128,"column":44}},"54":{"start":{"line":129,"column":4},"end":{"line":129,"column":18}},"55":{"start":{"line":130,"column":4},"end":{"line":130,"column":68}},"56":{"start":{"line":131,"column":4},"end":{"line":131,"column":61}},"57":{"start":{"line":132,"column":4},"end":{"line":132,"column":18}},"58":{"start":{"line":135,"column":34},"end":{"line":135,"column":61}},"59":{"start":{"line":136,"column":33},"end":{"line":136,"column":70}},"60":{"start":{"line":138,"column":4},"end":{"line":142,"column":7}},"61":{"start":{"line":145,"column":4},"end":{"line":145,"column":47}},"62":{"start":{"line":148,"column":4},"end":{"line":150,"column":5}},"63":{"start":{"line":149,"column":6},"end":{"line":149,"column":57}},"64":{"start":{"line":152,"column":4},"end":{"line":152,"column":18}},"65":{"start":{"line":153,"column":4},"end":{"line":153,"column":86}},"66":{"start":{"line":154,"column":4},"end":{"line":154,"column":18}},"67":{"start":{"line":157,"column":4},"end":{"line":157,"column":27}},"68":{"start":{"line":160,"column":0},"end":{"line":168,"column":5}},"69":{"start":{"line":165,"column":27},"end":{"line":165,"column":42}},"70":{"start":{"line":166,"column":18},"end":{"line":166,"column":69}},"71":{"start":{"line":167,"column":4},"end":{"line":167,"column":46}},"72":{"start":{"line":170,"column":0},"end":{"line":208,"column":5}},"73":{"start":{"line":176,"column":22},"end":{"line":176,"column":50}},"74":{"start":{"line":176,"column":23},"end":{"line":176,"column":41}},"75":{"start":{"line":177,"column":18},"end":{"line":177,"column":55}},"76":{"start":{"line":179,"column":4},"end":{"line":179,"column":68}},"77":{"start":{"line":181,"column":15},"end":{"line":181,"column":41}},"78":{"start":{"line":183,"column":4},"end":{"line":186,"column":7}},"79":{"start":{"line":184,"column":6},"end":{"line":184,"column":50}},"80":{"start":{"line":185,"column":6},"end":{"line":185,"column":55}},"81":{"start":{"line":188,"column":4},"end":{"line":199,"column":7}},"82":{"start":{"line":189,"column":22},"end":{"line":189,"column":49}},"83":{"start":{"line":190,"column":6},"end":{"line":190,"column":52}},"84":{"start":{"line":192,"column":6},"end":{"line":198,"column":7}},"85":{"start":{"line":193,"column":8},"end":{"line":193,"column":82}},"86":{"start":{"line":194,"column":8},"end":{"line":197,"column":17}},"87":{"start":{"line":195,"column":10},"end":{"line":195,"column":21}},"88":{"start":{"line":196,"column":10},"end":{"line":196,"column":58}},"89":{"start":{"line":201,"column":4},"end":{"line":203,"column":7}},"90":{"start":{"line":202,"column":6},"end":{"line":202,"column":56}},"91":{"start":{"line":205,"column":4},"end":{"line":207,"column":7}},"92":{"start":{"line":206,"column":6},"end":{"line":206,"column":58}},"93":{"start":{"line":211,"column":0},"end":{"line":211,"column":16}}},"fnMap":{"0":{"name":"(anonymous_10)","decl":{"start":{"line":13,"column":9},"end":{"line":13,"column":21}},"loc":{"start":{"line":13,"column":9},"end":{"line":13,"column":49}}},"1":{"name":"(anonymous_11)","decl":{"start":{"line":27,"column":16},"end":{"line":27,"column":19}},"loc":{"start":{"line":27,"column":21},"end":{"line":36,"column":1}}},"2":{"name":"(anonymous_12)","decl":{"start":{"line":56,"column":10},"end":{"line":56,"column":15}},"loc":{"start":{"line":56,"column":28},"end":{"line":158,"column":3}}},"3":{"name":"(anonymous_13)","decl":{"start":{"line":92,"column":21},"end":{"line":92,"column":26}},"loc":{"start":{"line":92,"column":49},"end":{"line":95,"column":5}}},"4":{"name":"(anonymous_14)","decl":{"start":{"line":97,"column":24},"end":{"line":97,"column":25}},"loc":{"start":{"line":97,"column":37},"end":{"line":100,"column":5}}},"5":{"name":"(anonymous_15)","decl":{"start":{"line":102,"column":27},"end":{"line":102,"column":28}},"loc":{"start":{"line":102,"column":40},"end":{"line":104,"column":5}}},"6":{"name":"(anonymous_16)","decl":{"start":{"line":107,"column":22},"end":{"line":107,"column":29}},"loc":{"start":{"line":107,"column":33},"end":{"line":107,"column":57}}},"7":{"name":"(anonymous_17)","decl":{"start":{"line":111,"column":34},"end":{"line":111,"column":47}},"loc":{"start":{"line":111,"column":34},"end":{"line":111,"column":61}}},"8":{"name":"(anonymous_18)","decl":{"start":{"line":135,"column":34},"end":{"line":135,"column":47}},"loc":{"start":{"line":135,"column":34},"end":{"line":135,"column":61}}},"9":{"name":"(anonymous_19)","decl":{"start":{"line":164,"column":10},"end":{"line":164,"column":11}},"loc":{"start":{"line":164,"column":22},"end":{"line":168,"column":3}}},"10":{"name":"(anonymous_20)","decl":{"start":{"line":175,"column":10},"end":{"line":175,"column":15}},"loc":{"start":{"line":175,"column":28},"end":{"line":208,"column":3}}},"11":{"name":"(anonymous_21)","decl":{"start":{"line":176,"column":23},"end":{"line":176,"column":36}},"loc":{"start":{"line":176,"column":23},"end":{"line":176,"column":41}}},"12":{"name":"(anonymous_22)","decl":{"start":{"line":183,"column":18},"end":{"line":183,"column":21}},"loc":{"start":{"line":183,"column":23},"end":{"line":186,"column":5}}},"13":{"name":"(anonymous_23)","decl":{"start":{"line":188,"column":21},"end":{"line":188,"column":22}},"loc":{"start":{"line":188,"column":30},"end":{"line":199,"column":5}}},"14":{"name":"(anonymous_24)","decl":{"start":{"line":194,"column":19},"end":{"line":194,"column":22}},"loc":{"start":{"line":194,"column":24},"end":{"line":197,"column":9}}},"15":{"name":"(anonymous_25)","decl":{"start":{"line":201,"column":19},"end":{"line":201,"column":20}},"loc":{"start":{"line":201,"column":29},"end":{"line":203,"column":5}}},"16":{"name":"(anonymous_26)","decl":{"start":{"line":205,"column":19},"end":{"line":205,"column":22}},"loc":{"start":{"line":205,"column":24},"end":{"line":207,"column":5}}}},"branchMap":{"0":{"loc":{"start":{"line":28,"column":2},"end":{"line":30,"column":3}},"type":"if","locations":[{"start":{"line":28,"column":2},"end":{"line":30,"column":3}},{"start":{},"end":{}}]},"1":{"loc":{"start":{"line":31,"column":2},"end":{"line":33,"column":3}},"type":"if","locations":[{"start":{"line":31,"column":2},"end":{"line":33,"column":3}},{"start":{},"end":{}}]},"2":{"loc":{"start":{"line":68,"column":22},"end":{"line":68,"column":56}},"type":"binary-expr","locations":[{"start":{"line":68,"column":22},"end":{"line":68,"column":39}},{"start":{"line":68,"column":43},"end":{"line":68,"column":56}}]},"3":{"loc":{"start":{"line":73,"column":4},"end":{"line":75,"column":5}},"type":"if","locations":[{"start":{"line":73,"column":4},"end":{"line":75,"column":5}},{"start":{},"end":{}}]},"4":{"loc":{"start":{"line":85,"column":6},"end":{"line":85,"column":47}},"type":"cond-expr","locations":[{"start":{"line":85,"column":25},"end":{"line":85,"column":35}},{"start":{"line":85,"column":38},"end":{"line":85,"column":47}}]},"5":{"loc":{"start":{"line":110,"column":4},"end":{"line":123,"column":5}},"type":"if","locations":[{"start":{"line":110,"column":4},"end":{"line":123,"column":5}},{"start":{},"end":{}}]},"6":{"loc":{"start":{"line":148,"column":4},"end":{"line":150,"column":5}},"type":"if","locations":[{"start":{"line":148,"column":4},"end":{"line":150,"column":5}},{"start":{},"end":{}}]},"7":{"loc":{"start":{"line":177,"column":18},"end":{"line":177,"column":55}},"type":"binary-expr","locations":[{"start":{"line":177,"column":18},"end":{"line":177,"column":31}},{"start":{"line":177,"column":35},"end":{"line":177,"column":55}}]},"8":{"loc":{"start":{"line":192,"column":6},"end":{"line":198,"column":7}},"type":"if","locations":[{"start":{"line":192,"column":6},"end":{"line":198,"column":7}},{"start":{},"end":{}}]}},"s":{"0":0,"1":0,"2":0,"3":0,"4":0,"5":0,"6":0,"7":0,"8":0,"9":0,"10":0,"11":0,"12":0,"13":0,"14":0,"15":0,"16":0,"17":0,"18":0,"19":0,"20":0,"21":0,"22":0,"23":0,"24":0,"25":0,"26":0,"27":0,"28":0,"29":0,"30":0,"31":0,"32":0,"33":0,"34":0,"35":0,"36":0,"37":0,"38":0,"39":0,"40":0,"41":0,"42":0,"43":0,"44":0,"45":0,"46":0,"47":0,"48":0,"49":0,"50":0,"51":0,"52":0,"53":0,"54":0,"55":0,"56":0,"57":0,"58":0,"59":0,"60":0,"61":0,"62":0,"63":0,"64":0,"65":0,"66":0,"67":0,"68":0,"69":0,"70":0,"71":0,"72":0,"73":0,"74":0,"75":0,"76":0,"77":0,"78":0,"79":0,"80":0,"81":0,"82":0,"83":0,"84":0,"85":0,"86":0,"87":0,"88":0,"89":0,"90":0,"91":0,"92":0,"93":0},"f":{"0":0,"1":0,"2":0,"3":0,"4":0,"5":0,"6":0,"7":0,"8":0,"9":0,"10":0,"11":0,"12":0,"13":0,"14":0,"15":0,"16":0},"b":{"0":[0,0],"1":[0,0],"2":[0,0],"3":[0,0],"4":[0,0],"5":[0,0],"6":[0,0],"7":[0,0],"8":[0,0]}}
,"E:\\code-remote-mvp\\cli\\src\\qrcode.ts": {"path":"E:\\code-remote-mvp\\cli\\src\\qrcode.ts","statementMap":{"0":{"start":{"line":1,"column":0},"end":{"line":1,"column":26}},"1":{"start":{"line":2,"column":0},"end":{"line":2,"column":37}},"2":{"start":{"line":13,"column":45},"end":{"line":13,"column":59}},"3":{"start":{"line":16,"column":18},"end":{"line":18,"column":30}},"4":{"start":{"line":22,"column":19},"end":{"line":22,"column":101}},"5":{"start":{"line":24,"column":4},"end":{"line":24,"column":18}},"6":{"start":{"line":25,"column":4},"end":{"line":25,"column":63}},"7":{"start":{"line":26,"column":4},"end":{"line":26,"column":44}},"8":{"start":{"line":27,"column":4},"end":{"line":27,"column":18}},"9":{"start":{"line":30,"column":4},"end":{"line":32,"column":7}},"10":{"start":{"line":31,"column":6},"end":{"line":31,"column":26}},"11":{"start":{"line":34,"column":4},"end":{"line":34,"column":18}},"12":{"start":{"line":35,"column":4},"end":{"line":35,"column":44}},"13":{"start":{"line":36,"column":4},"end":{"line":36,"column":18}},"14":{"start":{"line":37,"column":4},"end":{"line":37,"column":50}},"15":{"start":{"line":38,"column":4},"end":{"line":38,"column":18}},"16":{"start":{"line":39,"column":4},"end":{"line":39,"column":63}},"17":{"start":{"line":40,"column":4},"end":{"line":40,"column":63}},"18":{"start":{"line":41,"column":4},"end":{"line":41,"column":18}},"19":{"start":{"line":42,"column":4},"end":{"line":42,"column":44}},"20":{"start":{"line":45,"column":4},"end":{"line":45,"column":18}},"21":{"start":{"line":46,"column":4},"end":{"line":46,"column":71}},"22":{"start":{"line":47,"column":4},"end":{"line":47,"column":18}},"23":{"start":{"line":48,"column":4},"end":{"line":48,"column":68}},"24":{"start":{"line":49,"column":4},"end":{"line":49,"column":54}},"25":{"start":{"line":50,"column":4},"end":{"line":50,"column":56}},"26":{"start":{"line":51,"column":4},"end":{"line":51,"column":46}},"27":{"start":{"line":52,"column":4},"end":{"line":52,"column":18}},"28":{"start":{"line":56,"column":4},"end":{"line":56,"column":18}},"29":{"start":{"line":57,"column":4},"end":{"line":57,"column":71}},"30":{"start":{"line":58,"column":4},"end":{"line":58,"column":73}},"31":{"start":{"line":59,"column":4},"end":{"line":59,"column":18}},"32":{"start":{"line":63,"column":4},"end":{"line":63,"column":18}},"33":{"start":{"line":64,"column":4},"end":{"line":64,"column":55}},"34":{"start":{"line":65,"column":4},"end":{"line":65,"column":44}},"35":{"start":{"line":66,"column":4},"end":{"line":66,"column":18}},"36":{"start":{"line":67,"column":4},"end":{"line":67,"column":87}},"37":{"start":{"line":68,"column":4},"end":{"line":68,"column":85}},"38":{"start":{"line":69,"column":4},"end":{"line":69,"column":85}},"39":{"start":{"line":70,"column":4},"end":{"line":70,"column":18}},"40":{"start":{"line":71,"column":4},"end":{"line":71,"column":44}},"41":{"start":{"line":72,"column":4},"end":{"line":72,"column":18}},"42":{"start":{"line":11,"column":0},"end":{"line":11,"column":13}}},"fnMap":{"0":{"name":"(anonymous_1)","decl":{"start":{"line":12,"column":2},"end":{"line":12,"column":8}},"loc":{"start":{"line":12,"column":47},"end":{"line":53,"column":3}}},"1":{"name":"(anonymous_2)","decl":{"start":{"line":30,"column":45},"end":{"line":30,"column":46}},"loc":{"start":{"line":30,"column":56},"end":{"line":32,"column":5}}},"2":{"name":"(anonymous_3)","decl":{"start":{"line":55,"column":2},"end":{"line":55,"column":8}},"loc":{"start":{"line":55,"column":37},"end":{"line":60,"column":3}}},"3":{"name":"(anonymous_4)","decl":{"start":{"line":62,"column":2},"end":{"line":62,"column":8}},"loc":{"start":{"line":62,"column":28},"end":{"line":73,"column":3}}}},"branchMap":{"0":{"loc":{"start":{"line":16,"column":18},"end":{"line":18,"column":30}},"type":"cond-expr","locations":[{"start":{"line":17,"column":8},"end":{"line":17,"column":75}},{"start":{"line":18,"column":8},"end":{"line":18,"column":30}}]}},"s":{"0":0,"1":0,"2":0,"3":0,"4":0,"5":0,"6":0,"7":0,"8":0,"9":0,"10":0,"11":0,"12":0,"13":0,"14":0,"15":0,"16":0,"17":0,"18":0,"19":0,"20":0,"21":0,"22":0,"23":0,"24":0,"25":0,"26":0,"27":0,"28":0,"29":0,"30":0,"31":0,"32":0,"33":0,"34":0,"35":0,"36":0,"37":0,"38":0,"39":0,"40":0,"41":0,"42":0},"f":{"0":0,"1":0,"2":0,"3":0},"b":{"0":[0,0]}}
,"E:\\code-remote-mvp\\cli\\src\\server.ts": {"path":"E:\\code-remote-mvp\\cli\\src\\server.ts","statementMap":{"0":{"start":{"line":1,"column":0},"end":{"line":1,"column":48}},"1":{"start":{"line":2,"column":0},"end":{"line":2,"column":69}},"2":{"start":{"line":3,"column":0},"end":{"line":3,"column":32}},"3":{"start":{"line":4,"column":0},"end":{"line":4,"column":37}},"4":{"start":{"line":5,"column":0},"end":{"line":5,"column":36}},"5":{"start":{"line":6,"column":0},"end":{"line":6,"column":26}},"6":{"start":{"line":8,"column":0},"end":{"line":8,"column":50}},"7":{"start":{"line":9,"column":0},"end":{"line":9,"column":77}},"8":{"start":{"line":63,"column":41},"end":{"line":63,"column":50}},"9":{"start":{"line":73,"column":24},"end":{"line":78,"column":4}},"10":{"start":{"line":81,"column":4},"end":{"line":81,"column":21}},"11":{"start":{"line":82,"column":4},"end":{"line":82,"column":35}},"12":{"start":{"line":83,"column":4},"end":{"line":83,"column":56}},"13":{"start":{"line":84,"column":4},"end":{"line":84,"column":33}},"14":{"start":{"line":85,"column":4},"end":{"line":85,"column":63}},"15":{"start":{"line":86,"column":4},"end":{"line":86,"column":53}},"16":{"start":{"line":89,"column":4},"end":{"line":89,"column":83}},"17":{"start":{"line":89,"column":49},"end":{"line":89,"column":81}},"18":{"start":{"line":90,"column":4},"end":{"line":90,"column":64}},"19":{"start":{"line":91,"column":4},"end":{"line":91,"column":23}},"20":{"start":{"line":96,"column":4},"end":{"line":100,"column":5}},"21":{"start":{"line":97,"column":6},"end":{"line":97,"column":65}},"22":{"start":{"line":98,"column":6},"end":{"line":98,"column":76}},"23":{"start":{"line":99,"column":6},"end":{"line":99,"column":13}},"24":{"start":{"line":103,"column":4},"end":{"line":125,"column":5}},"25":{"start":{"line":104,"column":21},"end":{"line":104,"column":62}},"26":{"start":{"line":105,"column":23},"end":{"line":105,"column":54}},"27":{"start":{"line":107,"column":6},"end":{"line":124,"column":7}},"28":{"start":{"line":108,"column":20},"end":{"line":108,"column":37}},"29":{"start":{"line":109,"column":50},"end":{"line":118,"column":10}},"30":{"start":{"line":119,"column":28},"end":{"line":119,"column":72}},"31":{"start":{"line":120,"column":8},"end":{"line":120,"column":60}},"32":{"start":{"line":121,"column":37},"end":{"line":121,"column":50}},"33":{"start":{"line":122,"column":8},"end":{"line":122,"column":45}},"34":{"start":{"line":123,"column":8},"end":{"line":123,"column":15}},"35":{"start":{"line":128,"column":4},"end":{"line":128,"column":57}},"36":{"start":{"line":129,"column":4},"end":{"line":129,"column":25}},"37":{"start":{"line":133,"column":4},"end":{"line":144,"column":7}},"38":{"start":{"line":134,"column":6},"end":{"line":134,"column":77}},"39":{"start":{"line":135,"column":6},"end":{"line":135,"column":46}},"40":{"start":{"line":136,"column":6},"end":{"line":136,"column":59}},"41":{"start":{"line":137,"column":6},"end":{"line":137,"column":62}},"42":{"start":{"line":138,"column":6},"end":{"line":138,"column":79}},"43":{"start":{"line":139,"column":6},"end":{"line":142,"column":7}},"44":{"start":{"line":140,"column":8},"end":{"line":140,"column":83}},"45":{"start":{"line":141,"column":8},"end":{"line":141,"column":67}},"46":{"start":{"line":143,"column":6},"end":{"line":143,"column":46}},"47":{"start":{"line":146,"column":4},"end":{"line":187,"column":7}},"48":{"start":{"line":147,"column":23},"end":{"line":147,"column":60}},"49":{"start":{"line":148,"column":6},"end":{"line":148,"column":70}},"50":{"start":{"line":150,"column":6},"end":{"line":177,"column":9}},"51":{"start":{"line":152,"column":24},"end":{"line":152,"column":39}},"52":{"start":{"line":153,"column":8},"end":{"line":153,"column":65}},"53":{"start":{"line":154,"column":8},"end":{"line":154,"column":80}},"54":{"start":{"line":155,"column":8},"end":{"line":155,"column":68}},"55":{"start":{"line":156,"column":8},"end":{"line":156,"column":79}},"56":{"start":{"line":157,"column":8},"end":{"line":157,"column":73}},"57":{"start":{"line":158,"column":8},"end":{"line":158,"column":65}},"58":{"start":{"line":160,"column":8},"end":{"line":176,"column":9}},"59":{"start":{"line":161,"column":10},"end":{"line":161,"column":45}},"60":{"start":{"line":163,"column":10},"end":{"line":175,"column":11}},"61":{"start":{"line":164,"column":43},"end":{"line":164,"column":62}},"62":{"start":{"line":166,"column":12},"end":{"line":166,"column":73}},"63":{"start":{"line":167,"column":12},"end":{"line":167,"column":72}},"64":{"start":{"line":168,"column":12},"end":{"line":168,"column":87}},"65":{"start":{"line":169,"column":12},"end":{"line":169,"column":107}},"66":{"start":{"line":170,"column":12},"end":{"line":170,"column":69}},"67":{"start":{"line":171,"column":12},"end":{"line":171,"column":44}},"68":{"start":{"line":173,"column":12},"end":{"line":173,"column":76}},"69":{"start":{"line":174,"column":12},"end":{"line":174,"column":57}},"70":{"start":{"line":179,"column":6},"end":{"line":182,"column":9}},"71":{"start":{"line":180,"column":8},"end":{"line":180,"column":37}},"72":{"start":{"line":181,"column":8},"end":{"line":181,"column":76}},"73":{"start":{"line":184,"column":6},"end":{"line":186,"column":9}},"74":{"start":{"line":185,"column":8},"end":{"line":185,"column":58}},"75":{"start":{"line":189,"column":4},"end":{"line":195,"column":7}},"76":{"start":{"line":190,"column":6},"end":{"line":194,"column":7}},"77":{"start":{"line":191,"column":8},"end":{"line":191,"column":82}},"78":{"start":{"line":192,"column":8},"end":{"line":192,"column":90}},"79":{"start":{"line":193,"column":8},"end":{"line":193,"column":24}},"80":{"start":{"line":199,"column":4},"end":{"line":250,"column":5}},"81":{"start":{"line":201,"column":8},"end":{"line":201,"column":43}},"82":{"start":{"line":202,"column":8},"end":{"line":202,"column":14}},"83":{"start":{"line":206,"column":8},"end":{"line":206,"column":46}},"84":{"start":{"line":207,"column":8},"end":{"line":207,"column":14}},"85":{"start":{"line":210,"column":8},"end":{"line":210,"column":164}},"86":{"start":{"line":211,"column":8},"end":{"line":211,"column":46}},"87":{"start":{"line":212,"column":8},"end":{"line":212,"column":14}},"88":{"start":{"line":215,"column":8},"end":{"line":215,"column":46}},"89":{"start":{"line":216,"column":8},"end":{"line":216,"column":14}},"90":{"start":{"line":219,"column":8},"end":{"line":219,"column":42}},"91":{"start":{"line":220,"column":8},"end":{"line":220,"column":14}},"92":{"start":{"line":224,"column":8},"end":{"line":224,"column":64}},"93":{"start":{"line":225,"column":24},"end":{"line":225,"column":49}},"94":{"start":{"line":226,"column":8},"end":{"line":239,"column":9}},"95":{"start":{"line":227,"column":10},"end":{"line":231,"column":14}},"96":{"start":{"line":233,"column":10},"end":{"line":238,"column":14}},"97":{"start":{"line":240,"column":8},"end":{"line":240,"column":14}},"98":{"start":{"line":244,"column":8},"end":{"line":244,"column":72}},"99":{"start":{"line":245,"column":8},"end":{"line":245,"column":86}},"100":{"start":{"line":246,"column":8},"end":{"line":246,"column":14}},"101":{"start":{"line":249,"column":8},"end":{"line":249,"column":51}},"102":{"start":{"line":254,"column":4},"end":{"line":281,"column":5}},"103":{"start":{"line":255,"column":23},"end":{"line":255,"column":31}},"104":{"start":{"line":256,"column":29},"end":{"line":261,"column":8}},"105":{"start":{"line":262,"column":6},"end":{"line":262,"column":41}},"106":{"start":{"line":264,"column":38},"end":{"line":268,"column":8}},"107":{"start":{"line":269,"column":6},"end":{"line":269,"column":40}},"108":{"start":{"line":271,"column":6},"end":{"line":271,"column":84}},"109":{"start":{"line":273,"column":6},"end":{"line":275,"column":7}},"110":{"start":{"line":274,"column":8},"end":{"line":274,"column":41}},"111":{"start":{"line":277,"column":38},"end":{"line":277,"column":61}},"112":{"start":{"line":278,"column":6},"end":{"line":278,"column":40}},"113":{"start":{"line":279,"column":6},"end":{"line":279,"column":75}},"114":{"start":{"line":280,"column":6},"end":{"line":280,"column":17}},"115":{"start":{"line":286,"column":34},"end":{"line":286,"column":38}},"116":{"start":{"line":287,"column":4},"end":{"line":292,"column":5}},"117":{"start":{"line":288,"column":6},"end":{"line":291,"column":7}},"118":{"start":{"line":289,"column":8},"end":{"line":289,"column":22}},"119":{"start":{"line":290,"column":8},"end":{"line":290,"column":14}},"120":{"start":{"line":294,"column":4},"end":{"line":297,"column":5}},"121":{"start":{"line":295,"column":6},"end":{"line":295,"column":46}},"122":{"start":{"line":296,"column":6},"end":{"line":296,"column":13}},"123":{"start":{"line":299,"column":4},"end":{"line":301,"column":5}},"124":{"start":{"line":300,"column":6},"end":{"line":300,"column":45}},"125":{"start":{"line":304,"column":4},"end":{"line":304,"column":49}},"126":{"start":{"line":309,"column":34},"end":{"line":309,"column":38}},"127":{"start":{"line":310,"column":4},"end":{"line":315,"column":5}},"128":{"start":{"line":311,"column":6},"end":{"line":314,"column":7}},"129":{"start":{"line":312,"column":8},"end":{"line":312,"column":22}},"130":{"start":{"line":313,"column":8},"end":{"line":313,"column":14}},"131":{"start":{"line":317,"column":4},"end":{"line":320,"column":5}},"132":{"start":{"line":318,"column":6},"end":{"line":318,"column":46}},"133":{"start":{"line":319,"column":6},"end":{"line":319,"column":13}},"134":{"start":{"line":322,"column":20},"end":{"line":322,"column":41}},"135":{"start":{"line":323,"column":22},"end":{"line":323,"column":39}},"136":{"start":{"line":324,"column":22},"end":{"line":324,"column":39}},"137":{"start":{"line":325,"column":24},"end":{"line":325,"column":43}},"138":{"start":{"line":328,"column":4},"end":{"line":328,"column":99}},"139":{"start":{"line":329,"column":4},"end":{"line":329,"column":65}},"140":{"start":{"line":330,"column":4},"end":{"line":330,"column":70}},"141":{"start":{"line":331,"column":4},"end":{"line":331,"column":56}},"142":{"start":{"line":332,"column":4},"end":{"line":332,"column":68}},"143":{"start":{"line":333,"column":4},"end":{"line":333,"column":73}},"144":{"start":{"line":334,"column":4},"end":{"line":334,"column":54}},"145":{"start":{"line":336,"column":4},"end":{"line":351,"column":6}},"146":{"start":{"line":340,"column":8},"end":{"line":340,"column":65}},"147":{"start":{"line":341,"column":8},"end":{"line":346,"column":12}},"148":{"start":{"line":356,"column":34},"end":{"line":356,"column":38}},"149":{"start":{"line":357,"column":4},"end":{"line":362,"column":5}},"150":{"start":{"line":358,"column":6},"end":{"line":361,"column":7}},"151":{"start":{"line":359,"column":8},"end":{"line":359,"column":22}},"152":{"start":{"line":360,"column":8},"end":{"line":360,"column":14}},"153":{"start":{"line":364,"column":4},"end":{"line":367,"column":5}},"154":{"start":{"line":365,"column":6},"end":{"line":365,"column":46}},"155":{"start":{"line":366,"column":6},"end":{"line":366,"column":13}},"156":{"start":{"line":369,"column":4},"end":{"line":377,"column":6}},"157":{"start":{"line":382,"column":32},"end":{"line":382,"column":36}},"158":{"start":{"line":383,"column":4},"end":{"line":388,"column":5}},"159":{"start":{"line":384,"column":6},"end":{"line":387,"column":7}},"160":{"start":{"line":385,"column":8},"end":{"line":385,"column":19}},"161":{"start":{"line":386,"column":8},"end":{"line":386,"column":14}},"162":{"start":{"line":390,"column":4},"end":{"line":393,"column":5}},"163":{"start":{"line":391,"column":6},"end":{"line":391,"column":46}},"164":{"start":{"line":392,"column":6},"end":{"line":392,"column":13}},"165":{"start":{"line":396,"column":4},"end":{"line":405,"column":6}},"166":{"start":{"line":407,"column":4},"end":{"line":407,"column":109}},"167":{"start":{"line":408,"column":4},"end":{"line":408,"column":60}},"168":{"start":{"line":412,"column":34},"end":{"line":412,"column":38}},"169":{"start":{"line":413,"column":4},"end":{"line":418,"column":5}},"170":{"start":{"line":414,"column":6},"end":{"line":417,"column":7}},"171":{"start":{"line":415,"column":8},"end":{"line":415,"column":22}},"172":{"start":{"line":416,"column":8},"end":{"line":416,"column":14}},"173":{"start":{"line":420,"column":4},"end":{"line":425,"column":5}},"174":{"start":{"line":421,"column":6},"end":{"line":421,"column":36}},"175":{"start":{"line":422,"column":6},"end":{"line":424,"column":7}},"176":{"start":{"line":423,"column":8},"end":{"line":423,"column":41}},"177":{"start":{"line":430,"column":32},"end":{"line":430,"column":36}},"178":{"start":{"line":431,"column":34},"end":{"line":431,"column":38}},"179":{"start":{"line":432,"column":4},"end":{"line":438,"column":5}},"180":{"start":{"line":433,"column":6},"end":{"line":437,"column":7}},"181":{"start":{"line":434,"column":8},"end":{"line":434,"column":19}},"182":{"start":{"line":435,"column":8},"end":{"line":435,"column":22}},"183":{"start":{"line":436,"column":8},"end":{"line":436,"column":14}},"184":{"start":{"line":440,"column":4},"end":{"line":443,"column":5}},"185":{"start":{"line":441,"column":6},"end":{"line":441,"column":46}},"186":{"start":{"line":442,"column":6},"end":{"line":442,"column":13}},"187":{"start":{"line":445,"column":4},"end":{"line":448,"column":5}},"188":{"start":{"line":446,"column":6},"end":{"line":446,"column":43}},"189":{"start":{"line":447,"column":6},"end":{"line":447,"column":13}},"190":{"start":{"line":450,"column":4},"end":{"line":484,"column":5}},"191":{"start":{"line":451,"column":31},"end":{"line":451,"column":61}},"192":{"start":{"line":452,"column":27},"end":{"line":452,"column":61}},"193":{"start":{"line":454,"column":24},"end":{"line":457,"column":null}},"194":{"start":{"line":460,"column":45},"end":{"line":464,"column":8}},"195":{"start":{"line":466,"column":6},"end":{"line":466,"column":47}},"196":{"start":{"line":467,"column":6},"end":{"line":467,"column":59}},"197":{"start":{"line":470,"column":6},"end":{"line":470,"column":39}},"198":{"start":{"line":472,"column":23},"end":{"line":472,"column":77}},"199":{"start":{"line":473,"column":48},"end":{"line":478,"column":8}},"200":{"start":{"line":480,"column":6},"end":{"line":480,"column":52}},"201":{"start":{"line":481,"column":6},"end":{"line":481,"column":57}},"202":{"start":{"line":483,"column":6},"end":{"line":483,"column":39}},"203":{"start":{"line":488,"column":4},"end":{"line":488,"column":53}},"204":{"start":{"line":488,"column":34},"end":{"line":488,"column":53}},"205":{"start":{"line":489,"column":4},"end":{"line":489,"column":60}},"206":{"start":{"line":489,"column":38},"end":{"line":489,"column":60}},"207":{"start":{"line":490,"column":4},"end":{"line":490,"column":53}},"208":{"start":{"line":490,"column":34},"end":{"line":490,"column":53}},"209":{"start":{"line":491,"column":4},"end":{"line":491,"column":28}},"210":{"start":{"line":495,"column":36},"end":{"line":499,"column":6}},"211":{"start":{"line":500,"column":4},"end":{"line":504,"column":5}},"212":{"start":{"line":501,"column":6},"end":{"line":501,"column":40}},"213":{"start":{"line":509,"column":4},"end":{"line":509,"column":34}},"214":{"start":{"line":513,"column":4},"end":{"line":513,"column":37}},"215":{"start":{"line":517,"column":4},"end":{"line":517,"column":37}},"216":{"start":{"line":521,"column":19},"end":{"line":521,"column":45}},"217":{"start":{"line":522,"column":4},"end":{"line":536,"column":5}},"218":{"start":{"line":523,"column":37},"end":{"line":527,"column":8}},"219":{"start":{"line":528,"column":6},"end":{"line":535,"column":7}},"220":{"start":{"line":529,"column":8},"end":{"line":529,"column":48}},"221":{"start":{"line":530,"column":8},"end":{"line":530,"column":20}},"222":{"start":{"line":532,"column":8},"end":{"line":532,"column":64}},"223":{"start":{"line":533,"column":8},"end":{"line":533,"column":38}},"224":{"start":{"line":534,"column":8},"end":{"line":534,"column":21}},"225":{"start":{"line":537,"column":4},"end":{"line":537,"column":17}},"226":{"start":{"line":541,"column":36},"end":{"line":545,"column":6}},"227":{"start":{"line":546,"column":23},"end":{"line":546,"column":47}},"228":{"start":{"line":548,"column":4},"end":{"line":557,"column":5}},"229":{"start":{"line":549,"column":6},"end":{"line":556,"column":7}},"230":{"start":{"line":550,"column":8},"end":{"line":555,"column":9}},"231":{"start":{"line":551,"column":10},"end":{"line":551,"column":37}},"232":{"start":{"line":553,"column":10},"end":{"line":553,"column":70}},"233":{"start":{"line":554,"column":10},"end":{"line":554,"column":40}},"234":{"start":{"line":561,"column":4},"end":{"line":561,"column":22}},"235":{"start":{"line":565,"column":4},"end":{"line":565,"column":41}},"236":{"start":{"line":569,"column":4},"end":{"line":574,"column":10}},"237":{"start":{"line":570,"column":19},"end":{"line":570,"column":34}},"238":{"start":{"line":571,"column":17},"end":{"line":574,"column":8}},"239":{"start":{"line":578,"column":19},"end":{"line":578,"column":45}},"240":{"start":{"line":579,"column":4},"end":{"line":581,"column":5}},"241":{"start":{"line":580,"column":6},"end":{"line":580,"column":19}},"242":{"start":{"line":583,"column":4},"end":{"line":607,"column":5}},"243":{"start":{"line":584,"column":31},"end":{"line":584,"column":61}},"244":{"start":{"line":585,"column":27},"end":{"line":585,"column":61}},"245":{"start":{"line":587,"column":31},"end":{"line":587,"column":70}},"246":{"start":{"line":590,"column":6},"end":{"line":596,"column":10}},"247":{"start":{"line":599,"column":6},"end":{"line":599,"column":29}},"248":{"start":{"line":601,"column":6},"end":{"line":601,"column":80}},"249":{"start":{"line":602,"column":6},"end":{"line":602,"column":18}},"250":{"start":{"line":604,"column":23},"end":{"line":604,"column":77}},"251":{"start":{"line":605,"column":6},"end":{"line":605,"column":52}},"252":{"start":{"line":606,"column":6},"end":{"line":606,"column":19}},"253":{"start":{"line":612,"column":4},"end":{"line":618,"column":5}},"254":{"start":{"line":613,"column":6},"end":{"line":617,"column":7}},"255":{"start":{"line":614,"column":8},"end":{"line":614,"column":26}},"256":{"start":{"line":619,"column":4},"end":{"line":619,"column":25}},"257":{"start":{"line":622,"column":4},"end":{"line":622,"column":21}},"258":{"start":{"line":625,"column":4},"end":{"line":625,"column":28}},"259":{"start":{"line":626,"column":4},"end":{"line":626,"column":52}},"260":{"start":{"line":60,"column":0},"end":{"line":60,"column":13}}},"fnMap":{"0":{"name":"(anonymous_10)","decl":{"start":{"line":80,"column":2},"end":{"line":80,"column":14}},"loc":{"start":{"line":80,"column":94},"end":{"line":92,"column":3}}},"1":{"name":"(anonymous_11)","decl":{"start":{"line":89,"column":35},"end":{"line":89,"column":36}},"loc":{"start":{"line":89,"column":49},"end":{"line":89,"column":81}}},"2":{"name":"(anonymous_12)","decl":{"start":{"line":94,"column":10},"end":{"line":94,"column":27}},"loc":{"start":{"line":94,"column":69},"end":{"line":130,"column":3}}},"3":{"name":"(anonymous_13)","decl":{"start":{"line":132,"column":10},"end":{"line":132,"column":21}},"loc":{"start":{"line":132,"column":21},"end":{"line":196,"column":3}}},"4":{"name":"(anonymous_14)","decl":{"start":{"line":133,"column":38},"end":{"line":133,"column":41}},"loc":{"start":{"line":133,"column":43},"end":{"line":144,"column":5}}},"5":{"name":"(anonymous_15)","decl":{"start":{"line":146,"column":30},"end":{"line":146,"column":31}},"loc":{"start":{"line":146,"column":53},"end":{"line":187,"column":5}}},"6":{"name":"(anonymous_16)","decl":{"start":{"line":150,"column":23},"end":{"line":150,"column":24}},"loc":{"start":{"line":150,"column":59},"end":{"line":177,"column":7}}},"7":{"name":"(anonymous_17)","decl":{"start":{"line":179,"column":21},"end":{"line":179,"column":24}},"loc":{"start":{"line":179,"column":26},"end":{"line":182,"column":7}}},"8":{"name":"(anonymous_18)","decl":{"start":{"line":184,"column":21},"end":{"line":184,"column":22}},"loc":{"start":{"line":184,"column":31},"end":{"line":186,"column":7}}},"9":{"name":"(anonymous_19)","decl":{"start":{"line":189,"column":25},"end":{"line":189,"column":26}},"loc":{"start":{"line":189,"column":35},"end":{"line":195,"column":5}}},"10":{"name":"(anonymous_20)","decl":{"start":{"line":198,"column":10},"end":{"line":198,"column":23}},"loc":{"start":{"line":198,"column":61},"end":{"line":251,"column":3}}},"11":{"name":"(anonymous_21)","decl":{"start":{"line":253,"column":10},"end":{"line":253,"column":20}},"loc":{"start":{"line":253,"column":50},"end":{"line":282,"column":3}}},"12":{"name":"(anonymous_22)","decl":{"start":{"line":284,"column":10},"end":{"line":284,"column":29}},"loc":{"start":{"line":284,"column":61},"end":{"line":305,"column":3}}},"13":{"name":"(anonymous_23)","decl":{"start":{"line":307,"column":10},"end":{"line":307,"column":29}},"loc":{"start":{"line":307,"column":67},"end":{"line":352,"column":3}}},"14":{"name":"(anonymous_24)","decl":{"start":{"line":339,"column":6},"end":{"line":339,"column":7}},"loc":{"start":{"line":339,"column":25},"end":{"line":347,"column":7}}},"15":{"name":"(anonymous_25)","decl":{"start":{"line":354,"column":10},"end":{"line":354,"column":29}},"loc":{"start":{"line":354,"column":67},"end":{"line":378,"column":3}}},"16":{"name":"(anonymous_26)","decl":{"start":{"line":380,"column":10},"end":{"line":380,"column":25}},"loc":{"start":{"line":380,"column":63},"end":{"line":409,"column":3}}},"17":{"name":"(anonymous_27)","decl":{"start":{"line":411,"column":10},"end":{"line":411,"column":29}},"loc":{"start":{"line":411,"column":43},"end":{"line":426,"column":3}}},"18":{"name":"(anonymous_28)","decl":{"start":{"line":428,"column":10},"end":{"line":428,"column":15}},"loc":{"start":{"line":428,"column":63},"end":{"line":485,"column":3}}},"19":{"name":"(anonymous_29)","decl":{"start":{"line":451,"column":31},"end":{"line":451,"column":44}},"loc":{"start":{"line":451,"column":31},"end":{"line":451,"column":61}}},"20":{"name":"(anonymous_30)","decl":{"start":{"line":487,"column":10},"end":{"line":487,"column":22}},"loc":{"start":{"line":487,"column":38},"end":{"line":492,"column":3}}},"21":{"name":"(anonymous_31)","decl":{"start":{"line":494,"column":10},"end":{"line":494,"column":19}},"loc":{"start":{"line":494,"column":50},"end":{"line":505,"column":3}}},"22":{"name":"(anonymous_32)","decl":{"start":{"line":508,"column":2},"end":{"line":508,"column":11}},"loc":{"start":{"line":508,"column":64},"end":{"line":510,"column":3}}},"23":{"name":"(anonymous_33)","decl":{"start":{"line":512,"column":2},"end":{"line":512,"column":14}},"loc":{"start":{"line":512,"column":50},"end":{"line":514,"column":3}}},"24":{"name":"(anonymous_34)","decl":{"start":{"line":516,"column":2},"end":{"line":516,"column":17}},"loc":{"start":{"line":516,"column":53},"end":{"line":518,"column":3}}},"25":{"name":"(anonymous_35)","decl":{"start":{"line":520,"column":2},"end":{"line":520,"column":14}},"loc":{"start":{"line":520,"column":48},"end":{"line":538,"column":3}}},"26":{"name":"(anonymous_36)","decl":{"start":{"line":540,"column":2},"end":{"line":540,"column":11}},"loc":{"start":{"line":540,"column":27},"end":{"line":558,"column":3}}},"27":{"name":"(anonymous_37)","decl":{"start":{"line":560,"column":2},"end":{"line":560,"column":10}},"loc":{"start":{"line":560,"column":10},"end":{"line":562,"column":3}}},"28":{"name":"(anonymous_38)","decl":{"start":{"line":564,"column":2},"end":{"line":564,"column":12}},"loc":{"start":{"line":564,"column":12},"end":{"line":566,"column":3}}},"29":{"name":"(anonymous_39)","decl":{"start":{"line":568,"column":2},"end":{"line":568,"column":21}},"loc":{"start":{"line":568,"column":21},"end":{"line":575,"column":3}}},"30":{"name":"(anonymous_40)","decl":{"start":{"line":570,"column":14},"end":{"line":570,"column":15}},"loc":{"start":{"line":570,"column":19},"end":{"line":570,"column":34}}},"31":{"name":"(anonymous_41)","decl":{"start":{"line":571,"column":11},"end":{"line":571,"column":12}},"loc":{"start":{"line":571,"column":17},"end":{"line":574,"column":8}}},"32":{"name":"(anonymous_42)","decl":{"start":{"line":577,"column":2},"end":{"line":577,"column":7}},"loc":{"start":{"line":577,"column":61},"end":{"line":608,"column":3}}},"33":{"name":"(anonymous_43)","decl":{"start":{"line":584,"column":31},"end":{"line":584,"column":44}},"loc":{"start":{"line":584,"column":31},"end":{"line":584,"column":61}}},"34":{"name":"(anonymous_44)","decl":{"start":{"line":610,"column":2},"end":{"line":610,"column":7}},"loc":{"start":{"line":610,"column":7},"end":{"line":627,"column":3}}}},"branchMap":{"0":{"loc":{"start":{"line":80,"column":14},"end":{"line":80,"column":33}},"type":"default-arg","locations":[{"start":{"line":80,"column":29},"end":{"line":80,"column":33}}]},"1":{"loc":{"start":{"line":82,"column":17},"end":{"line":82,"column":34}},"type":"binary-expr","locations":[{"start":{"line":82,"column":17},"end":{"line":82,"column":22}},{"start":{"line":82,"column":26},"end":{"line":82,"column":34}}]},"2":{"loc":{"start":{"line":83,"column":25},"end":{"line":83,"column":55}},"type":"binary-expr","locations":[{"start":{"line":83,"column":25},"end":{"line":83,"column":38}},{"start":{"line":83,"column":42},"end":{"line":83,"column":55}}]},"3":{"loc":{"start":{"line":96,"column":4},"end":{"line":100,"column":5}},"type":"if","locations":[{"start":{"line":96,"column":4},"end":{"line":100,"column":5}},{"start":{},"end":{}}]},"4":{"loc":{"start":{"line":103,"column":4},"end":{"line":125,"column":5}},"type":"if","locations":[{"start":{"line":103,"column":4},"end":{"line":125,"column":5}},{"start":{},"end":{}}]},"5":{"loc":{"start":{"line":103,"column":8},"end":{"line":103,"column":34}},"type":"binary-expr","locations":[{"start":{"line":103,"column":8},"end":{"line":103,"column":23}},{"start":{"line":103,"column":27},"end":{"line":103,"column":34}}]},"6":{"loc":{"start":{"line":104,"column":21},"end":{"line":104,"column":62}},"type":"cond-expr","locations":[{"start":{"line":104,"column":39},"end":{"line":104,"column":52}},{"start":{"line":104,"column":55},"end":{"line":104,"column":62}}]},"7":{"loc":{"start":{"line":107,"column":6},"end":{"line":124,"column":7}},"type":"if","locations":[{"start":{"line":107,"column":6},"end":{"line":124,"column":7}},{"start":{},"end":{}}]},"8":{"loc":{"start":{"line":119,"column":28},"end":{"line":119,"column":72}},"type":"binary-expr","locations":[{"start":{"line":119,"column":28},"end":{"line":119,"column":42}},{"start":{"line":119,"column":46},"end":{"line":119,"column":72}}]},"9":{"loc":{"start":{"line":139,"column":6},"end":{"line":142,"column":7}},"type":"if","locations":[{"start":{"line":139,"column":6},"end":{"line":142,"column":7}},{"start":{},"end":{}}]},"10":{"loc":{"start":{"line":147,"column":23},"end":{"line":147,"column":60}},"type":"binary-expr","locations":[{"start":{"line":147,"column":23},"end":{"line":147,"column":47}},{"start":{"line":147,"column":51},"end":{"line":147,"column":60}}]},"11":{"loc":{"start":{"line":160,"column":8},"end":{"line":176,"column":9}},"type":"if","locations":[{"start":{"line":160,"column":8},"end":{"line":176,"column":9}},{"start":{"line":162,"column":15},"end":{"line":176,"column":9}}]},"12":{"loc":{"start":{"line":169,"column":67},"end":{"line":169,"column":103}},"type":"binary-expr","locations":[{"start":{"line":169,"column":67},"end":{"line":169,"column":98}},{"start":{"line":169,"column":102},"end":{"line":169,"column":103}}]},"13":{"loc":{"start":{"line":190,"column":6},"end":{"line":194,"column":7}},"type":"if","locations":[{"start":{"line":190,"column":6},"end":{"line":194,"column":7}},{"start":{},"end":{}}]},"14":{"loc":{"start":{"line":199,"column":4},"end":{"line":250,"column":5}},"type":"switch","locations":[{"start":{"line":200,"column":6},"end":{"line":202,"column":14}},{"start":{"line":204,"column":6},"end":{"line":207,"column":14}},{"start":{"line":209,"column":6},"end":{"line":212,"column":14}},{"start":{"line":214,"column":6},"end":{"line":216,"column":14}},{"start":{"line":218,"column":6},"end":{"line":220,"column":14}},{"start":{"line":222,"column":6},"end":{"line":240,"column":14}},{"start":{"line":242,"column":6},"end":{"line":246,"column":14}},{"start":{"line":248,"column":6},"end":{"line":249,"column":51}}]},"15":{"loc":{"start":{"line":210,"column":81},"end":{"line":210,"column":113}},"type":"binary-expr","locations":[{"start":{"line":210,"column":81},"end":{"line":210,"column":108}},{"start":{"line":210,"column":112},"end":{"line":210,"column":113}}]},"16":{"loc":{"start":{"line":226,"column":8},"end":{"line":239,"column":9}},"type":"if","locations":[{"start":{"line":226,"column":8},"end":{"line":239,"column":9}},{"start":{"line":232,"column":15},"end":{"line":239,"column":9}}]},"17":{"loc":{"start":{"line":254,"column":4},"end":{"line":281,"column":5}},"type":"if","locations":[{"start":{"line":254,"column":4},"end":{"line":281,"column":5}},{"start":{"line":276,"column":11},"end":{"line":281,"column":5}}]},"18":{"loc":{"start":{"line":273,"column":6},"end":{"line":275,"column":7}},"type":"if","locations":[{"start":{"line":273,"column":6},"end":{"line":275,"column":7}},{"start":{},"end":{}}]},"19":{"loc":{"start":{"line":288,"column":6},"end":{"line":291,"column":7}},"type":"if","locations":[{"start":{"line":288,"column":6},"end":{"line":291,"column":7}},{"start":{},"end":{}}]},"20":{"loc":{"start":{"line":294,"column":4},"end":{"line":297,"column":5}},"type":"if","locations":[{"start":{"line":294,"column":4},"end":{"line":297,"column":5}},{"start":{},"end":{}}]},"21":{"loc":{"start":{"line":294,"column":8},"end":{"line":294,"column":63}},"type":"binary-expr","locations":[{"start":{"line":294,"column":8},"end":{"line":294,"column":17}},{"start":{"line":294,"column":21},"end":{"line":294,"column":63}}]},"22":{"loc":{"start":{"line":299,"column":4},"end":{"line":301,"column":5}},"type":"if","locations":[{"start":{"line":299,"column":4},"end":{"line":301,"column":5}},{"start":{},"end":{}}]},"23":{"loc":{"start":{"line":299,"column":8},"end":{"line":299,"column":38}},"type":"binary-expr","locations":[{"start":{"line":299,"column":8},"end":{"line":299,"column":27}},{"start":{"line":299,"column":31},"end":{"line":299,"column":38}}]},"24":{"loc":{"start":{"line":311,"column":6},"end":{"line":314,"column":7}},"type":"if","locations":[{"start":{"line":311,"column":6},"end":{"line":314,"column":7}},{"start":{},"end":{}}]},"25":{"loc":{"start":{"line":317,"column":4},"end":{"line":320,"column":5}},"type":"if","locations":[{"start":{"line":317,"column":4},"end":{"line":320,"column":5}},{"start":{},"end":{}}]},"26":{"loc":{"start":{"line":317,"column":8},"end":{"line":317,"column":63}},"type":"binary-expr","locations":[{"start":{"line":317,"column":8},"end":{"line":317,"column":17}},{"start":{"line":317,"column":21},"end":{"line":317,"column":63}}]},"27":{"loc":{"start":{"line":322,"column":20},"end":{"line":322,"column":41}},"type":"binary-expr","locations":[{"start":{"line":322,"column":20},"end":{"line":322,"column":35}},{"start":{"line":322,"column":39},"end":{"line":322,"column":41}}]},"28":{"loc":{"start":{"line":328,"column":73},"end":{"line":328,"column":97}},"type":"binary-expr","locations":[{"start":{"line":328,"column":73},"end":{"line":328,"column":92}},{"start":{"line":328,"column":96},"end":{"line":328,"column":97}}]},"29":{"loc":{"start":{"line":332,"column":45},"end":{"line":332,"column":66}},"type":"binary-expr","locations":[{"start":{"line":332,"column":45},"end":{"line":332,"column":54}},{"start":{"line":332,"column":58},"end":{"line":332,"column":66}}]},"30":{"loc":{"start":{"line":333,"column":47},"end":{"line":333,"column":71}},"type":"binary-expr","locations":[{"start":{"line":333,"column":47},"end":{"line":333,"column":66}},{"start":{"line":333,"column":70},"end":{"line":333,"column":71}}]},"31":{"loc":{"start":{"line":358,"column":6},"end":{"line":361,"column":7}},"type":"if","locations":[{"start":{"line":358,"column":6},"end":{"line":361,"column":7}},{"start":{},"end":{}}]},"32":{"loc":{"start":{"line":364,"column":4},"end":{"line":367,"column":5}},"type":"if","locations":[{"start":{"line":364,"column":4},"end":{"line":367,"column":5}},{"start":{},"end":{}}]},"33":{"loc":{"start":{"line":364,"column":8},"end":{"line":364,"column":63}},"type":"binary-expr","locations":[{"start":{"line":364,"column":8},"end":{"line":364,"column":17}},{"start":{"line":364,"column":21},"end":{"line":364,"column":63}}]},"34":{"loc":{"start":{"line":371,"column":7},"end":{"line":371,"column":31}},"type":"binary-expr","locations":[{"start":{"line":371,"column":7},"end":{"line":371,"column":21}},{"start":{"line":371,"column":25},"end":{"line":371,"column":31}}]},"35":{"loc":{"start":{"line":384,"column":6},"end":{"line":387,"column":7}},"type":"if","locations":[{"start":{"line":384,"column":6},"end":{"line":387,"column":7}},{"start":{},"end":{}}]},"36":{"loc":{"start":{"line":390,"column":4},"end":{"line":393,"column":5}},"type":"if","locations":[{"start":{"line":390,"column":4},"end":{"line":393,"column":5}},{"start":{},"end":{}}]},"37":{"loc":{"start":{"line":390,"column":8},"end":{"line":390,"column":40}},"type":"binary-expr","locations":[{"start":{"line":390,"column":8},"end":{"line":390,"column":15}},{"start":{"line":390,"column":19},"end":{"line":390,"column":40}}]},"38":{"loc":{"start":{"line":402,"column":19},"end":{"line":402,"column":50}},"type":"binary-expr","locations":[{"start":{"line":402,"column":19},"end":{"line":402,"column":36}},{"start":{"line":402,"column":40},"end":{"line":402,"column":50}}]},"39":{"loc":{"start":{"line":414,"column":6},"end":{"line":417,"column":7}},"type":"if","locations":[{"start":{"line":414,"column":6},"end":{"line":417,"column":7}},{"start":{},"end":{}}]},"40":{"loc":{"start":{"line":420,"column":4},"end":{"line":425,"column":5}},"type":"if","locations":[{"start":{"line":420,"column":4},"end":{"line":425,"column":5}},{"start":{},"end":{}}]},"41":{"loc":{"start":{"line":422,"column":6},"end":{"line":424,"column":7}},"type":"if","locations":[{"start":{"line":422,"column":6},"end":{"line":424,"column":7}},{"start":{},"end":{}}]},"42":{"loc":{"start":{"line":433,"column":6},"end":{"line":437,"column":7}},"type":"if","locations":[{"start":{"line":433,"column":6},"end":{"line":437,"column":7}},{"start":{},"end":{}}]},"43":{"loc":{"start":{"line":440,"column":4},"end":{"line":443,"column":5}},"type":"if","locations":[{"start":{"line":440,"column":4},"end":{"line":443,"column":5}},{"start":{},"end":{}}]},"44":{"loc":{"start":{"line":440,"column":8},"end":{"line":440,"column":40}},"type":"binary-expr","locations":[{"start":{"line":440,"column":8},"end":{"line":440,"column":15}},{"start":{"line":440,"column":19},"end":{"line":440,"column":40}}]},"45":{"loc":{"start":{"line":445,"column":4},"end":{"line":448,"column":5}},"type":"if","locations":[{"start":{"line":445,"column":4},"end":{"line":448,"column":5}},{"start":{},"end":{}}]},"46":{"loc":{"start":{"line":445,"column":8},"end":{"line":445,"column":72}},"type":"binary-expr","locations":[{"start":{"line":445,"column":8},"end":{"line":445,"column":41}},{"start":{"line":445,"column":45},"end":{"line":445,"column":72}}]},"47":{"loc":{"start":{"line":472,"column":23},"end":{"line":472,"column":77}},"type":"cond-expr","locations":[{"start":{"line":472,"column":48},"end":{"line":472,"column":61}},{"start":{"line":472,"column":64},"end":{"line":472,"column":77}}]},"48":{"loc":{"start":{"line":488,"column":4},"end":{"line":488,"column":53}},"type":"if","locations":[{"start":{"line":488,"column":4},"end":{"line":488,"column":53}},{"start":{},"end":{}}]},"49":{"loc":{"start":{"line":489,"column":4},"end":{"line":489,"column":60}},"type":"if","locations":[{"start":{"line":489,"column":4},"end":{"line":489,"column":60}},{"start":{},"end":{}}]},"50":{"loc":{"start":{"line":490,"column":4},"end":{"line":490,"column":53}},"type":"if","locations":[{"start":{"line":490,"column":4},"end":{"line":490,"column":53}},{"start":{},"end":{}}]},"51":{"loc":{"start":{"line":522,"column":4},"end":{"line":536,"column":5}},"type":"if","locations":[{"start":{"line":522,"column":4},"end":{"line":536,"column":5}},{"start":{},"end":{}}]},"52":{"loc":{"start":{"line":522,"column":8},"end":{"line":522,"column":38}},"type":"binary-expr","locations":[{"start":{"line":522,"column":8},"end":{"line":522,"column":14}},{"start":{"line":522,"column":18},"end":{"line":522,"column":38}}]},"53":{"loc":{"start":{"line":549,"column":6},"end":{"line":556,"column":7}},"type":"if","locations":[{"start":{"line":549,"column":6},"end":{"line":556,"column":7}},{"start":{},"end":{}}]},"54":{"loc":{"start":{"line":579,"column":4},"end":{"line":581,"column":5}},"type":"if","locations":[{"start":{"line":579,"column":4},"end":{"line":581,"column":5}},{"start":{},"end":{}}]},"55":{"loc":{"start":{"line":579,"column":8},"end":{"line":579,"column":40}},"type":"binary-expr","locations":[{"start":{"line":579,"column":8},"end":{"line":579,"column":15}},{"start":{"line":579,"column":19},"end":{"line":579,"column":40}}]},"56":{"loc":{"start":{"line":604,"column":23},"end":{"line":604,"column":77}},"type":"cond-expr","locations":[{"start":{"line":604,"column":48},"end":{"line":604,"column":61}},{"start":{"line":604,"column":64},"end":{"line":604,"column":77}}]}},"s":{"0":0,"1":0,"2":0,"3":0,"4":0,"5":0,"6":0,"7":0,"8":0,"9":0,"10":0,"11":0,"12":0,"13":0,"14":0,"15":0,"16":0,"17":0,"18":0,"19":0,"20":0,"21":0,"22":0,"23":0,"24":0,"25":0,"26":0,"27":0,"28":0,"29":0,"30":0,"31":0,"32":0,"33":0,"34":0,"35":0,"36":0,"37":0,"38":0,"39":0,"40":0,"41":0,"42":0,"43":0,"44":0,"45":0,"46":0,"47":0,"48":0,"49":0,"50":0,"51":0,"52":0,"53":0,"54":0,"55":0,"56":0,"57":0,"58":0,"59":0,"60":0,"61":0,"62":0,"63":0,"64":0,"65":0,"66":0,"67":0,"68":0,"69":0,"70":0,"71":0,"72":0,"73":0,"74":0,"75":0,"76":0,"77":0,"78":0,"79":0,"80":0,"81":0,"82":0,"83":0,"84":0,"85":0,"86":0,"87":0,"88":0,"89":0,"90":0,"91":0,"92":0,"93":0,"94":0,"95":0,"96":0,"97":0,"98":0,"99":0,"100":0,"101":0,"102":0,"103":0,"104":0,"105":0,"106":0,"107":0,"108":0,"109":0,"110":0,"111":0,"112":0,"113":0,"114":0,"115":0,"116":0,"117":0,"118":0,"119":0,"120":0,"121":0,"122":0,"123":0,"124":0,"125":0,"126":0,"127":0,"128":0,"129":0,"130":0,"131":0,"132":0,"133":0,"134":0,"135":0,"136":0,"137":0,"138":0,"139":0,"140":0,"141":0,"142":0,"143":0,"144":0,"145":0,"146":0,"147":0,"148":0,"149":0,"150":0,"151":0,"152":0,"153":0,"154":0,"155":0,"156":0,"157":0,"158":0,"159":0,"160":0,"161":0,"162":0,"163":0,"164":0,"165":0,"166":0,"167":0,"168":0,"169":0,"170":0,"171":0,"172":0,"173":0,"174":0,"175":0,"176":0,"177":0,"178":0,"179":0,"180":0,"181":0,"182":0,"183":0,"184":0,"185":0,"186":0,"187":0,"188":0,"189":0,"190":0,"191":0,"192":0,"193":0,"194":0,"195":0,"196":0,"197":0,"198":0,"199":0,"200":0,"201":0,"202":0,"203":0,"204":0,"205":0,"206":0,"207":0,"208":0,"209":0,"210":0,"211":0,"212":0,"213":0,"214":0,"215":0,"216":0,"217":0,"218":0,"219":0,"220":0,"221":0,"222":0,"223":0,"224":0,"225":0,"226":0,"227":0,"228":0,"229":0,"230":0,"231":0,"232":0,"233":0,"234":0,"235":0,"236":0,"237":0,"238":0,"239":0,"240":0,"241":0,"242":0,"243":0,"244":0,"245":0,"246":0,"247":0,"248":0,"249":0,"250":0,"251":0,"252":0,"253":0,"254":0,"255":0,"256":0,"257":0,"258":0,"259":0,"260":0},"f":{"0":0,"1":0,"2":0,"3":0,"4":0,"5":0,"6":0,"7":0,"8":0,"9":0,"10":0,"11":0,"12":0,"13":0,"14":0,"15":0,"16":0,"17":0,"18":0,"19":0,"20":0,"21":0,"22":0,"23":0,"24":0,"25":0,"26":0,"27":0,"28":0,"29":0,"30":0,"31":0,"32":0,"33":0,"34":0},"b":{"0":[0],"1":[0,0],"2":[0,0],"3":[0,0],"4":[0,0],"5":[0,0],"6":[0,0],"7":[0,0],"8":[0,0],"9":[0,0],"10":[0,0],"11":[0,0],"12":[0,0],"13":[0,0],"14":[0,0,0,0,0,0,0,0],"15":[0,0],"16":[0,0],"17":[0,0],"18":[0,0],"19":[0,0],"20":[0,0],"21":[0,0],"22":[0,0],"23":[0,0],"24":[0,0],"25":[0,0],"26":[0,0],"27":[0,0],"28":[0,0],"29":[0,0],"30":[0,0],"31":[0,0],"32":[0,0],"33":[0,0],"34":[0,0],"35":[0,0],"36":[0,0],"37":[0,0],"38":[0,0],"39":[0,0],"40":[0,0],"41":[0,0],"42":[0,0],"43":[0,0],"44":[0,0],"45":[0,0],"46":[0,0],"47":[0,0],"48":[0,0],"49":[0,0],"50":[0,0],"51":[0,0],"52":[0,0],"53":[0,0],"54":[0,0],"55":[0,0],"56":[0,0]}}
,"E:\\code-remote-mvp\\cli\\src\\tunnel.ts": {"path":"E:\\code-remote-mvp\\cli\\src\\tunnel.ts","statementMap":{"0":{"start":{"line":1,"column":0},"end":{"line":1,"column":26}},"1":{"start":{"line":2,"column":0},"end":{"line":2,"column":37}},"2":{"start":{"line":3,"column":0},"end":{"line":3,"column":33}},"3":{"start":{"line":5,"column":18},"end":{"line":5,"column":33}},"4":{"start":{"line":22,"column":25},"end":{"line":22,"column":29}},"5":{"start":{"line":25,"column":4},"end":{"line":25,"column":25}},"6":{"start":{"line":29,"column":4},"end":{"line":32,"column":5}},"7":{"start":{"line":30,"column":6},"end":{"line":30,"column":81}},"8":{"start":{"line":31,"column":6},"end":{"line":31,"column":31}},"9":{"start":{"line":34,"column":4},"end":{"line":45,"column":5}},"10":{"start":{"line":36,"column":8},"end":{"line":36,"column":44}},"11":{"start":{"line":38,"column":8},"end":{"line":38,"column":39}},"12":{"start":{"line":40,"column":8},"end":{"line":40,"column":37}},"13":{"start":{"line":42,"column":8},"end":{"line":42,"column":40}},"14":{"start":{"line":44,"column":8},"end":{"line":44,"column":68}},"15":{"start":{"line":49,"column":4},"end":{"line":60,"column":5}},"16":{"start":{"line":50,"column":6},"end":{"line":50,"column":42}},"17":{"start":{"line":51,"column":6},"end":{"line":51,"column":18}},"18":{"start":{"line":54,"column":6},"end":{"line":59,"column":7}},"19":{"start":{"line":55,"column":8},"end":{"line":55,"column":44}},"20":{"start":{"line":56,"column":8},"end":{"line":56,"column":20}},"21":{"start":{"line":58,"column":8},"end":{"line":58,"column":21}},"22":{"start":{"line":64,"column":4},"end":{"line":64,"column":64}},"23":{"start":{"line":66,"column":19},"end":{"line":66,"column":63}},"24":{"start":{"line":67,"column":4},"end":{"line":81,"column":5}},"25":{"start":{"line":68,"column":6},"end":{"line":68,"column":60}},"26":{"start":{"line":69,"column":6},"end":{"line":69,"column":20}},"27":{"start":{"line":70,"column":6},"end":{"line":70,"column":59}},"28":{"start":{"line":71,"column":6},"end":{"line":71,"column":73}},"29":{"start":{"line":72,"column":6},"end":{"line":72,"column":144}},"30":{"start":{"line":73,"column":6},"end":{"line":73,"column":106}},"31":{"start":{"line":74,"column":6},"end":{"line":74,"column":88}},"32":{"start":{"line":75,"column":6},"end":{"line":75,"column":93}},"33":{"start":{"line":76,"column":6},"end":{"line":76,"column":20}},"34":{"start":{"line":77,"column":6},"end":{"line":77,"column":105}},"35":{"start":{"line":78,"column":6},"end":{"line":78,"column":20}},"36":{"start":{"line":80,"column":6},"end":{"line":80,"column":31}},"37":{"start":{"line":83,"column":4},"end":{"line":111,"column":5}},"38":{"start":{"line":84,"column":6},"end":{"line":84,"column":68}},"39":{"start":{"line":87,"column":6},"end":{"line":87,"column":91}},"40":{"start":{"line":89,"column":6},"end":{"line":98,"column":9}},"41":{"start":{"line":90,"column":23},"end":{"line":90,"column":38}},"42":{"start":{"line":92,"column":25},"end":{"line":92,"column":82}},"43":{"start":{"line":93,"column":8},"end":{"line":97,"column":9}},"44":{"start":{"line":94,"column":22},"end":{"line":94,"column":33}},"45":{"start":{"line":95,"column":10},"end":{"line":95,"column":74}},"46":{"start":{"line":96,"column":10},"end":{"line":96,"column":50}},"47":{"start":{"line":100,"column":6},"end":{"line":102,"column":9}},"48":{"start":{"line":101,"column":8},"end":{"line":101,"column":37}},"49":{"start":{"line":105,"column":6},"end":{"line":105,"column":62}},"50":{"start":{"line":105,"column":35},"end":{"line":105,"column":60}},"51":{"start":{"line":107,"column":6},"end":{"line":107,"column":50}},"52":{"start":{"line":109,"column":6},"end":{"line":109,"column":64}},"53":{"start":{"line":110,"column":6},"end":{"line":110,"column":31}},"54":{"start":{"line":115,"column":4},"end":{"line":115,"column":58}},"55":{"start":{"line":117,"column":19},"end":{"line":117,"column":57}},"56":{"start":{"line":118,"column":4},"end":{"line":122,"column":5}},"57":{"start":{"line":119,"column":6},"end":{"line":119,"column":54}},"58":{"start":{"line":120,"column":6},"end":{"line":120,"column":92}},"59":{"start":{"line":121,"column":6},"end":{"line":121,"column":31}},"60":{"start":{"line":124,"column":4},"end":{"line":139,"column":5}},"61":{"start":{"line":125,"column":6},"end":{"line":125,"column":63}},"62":{"start":{"line":126,"column":6},"end":{"line":126,"column":60}},"63":{"start":{"line":128,"column":6},"end":{"line":131,"column":9}},"64":{"start":{"line":129,"column":23},"end":{"line":129,"column":38}},"65":{"start":{"line":130,"column":8},"end":{"line":130,"column":28}},"66":{"start":{"line":133,"column":6},"end":{"line":133,"column":62}},"67":{"start":{"line":133,"column":35},"end":{"line":133,"column":60}},"68":{"start":{"line":135,"column":6},"end":{"line":135,"column":45}},"69":{"start":{"line":137,"column":6},"end":{"line":137,"column":63}},"70":{"start":{"line":138,"column":6},"end":{"line":138,"column":31}},"71":{"start":{"line":143,"column":4},"end":{"line":143,"column":73}},"72":{"start":{"line":144,"column":4},"end":{"line":144,"column":75}},"73":{"start":{"line":145,"column":4},"end":{"line":145,"column":29}},"74":{"start":{"line":149,"column":4},"end":{"line":152,"column":5}},"75":{"start":{"line":150,"column":6},"end":{"line":150,"column":68}},"76":{"start":{"line":151,"column":6},"end":{"line":151,"column":31}},"77":{"start":{"line":154,"column":4},"end":{"line":154,"column":78}},"78":{"start":{"line":155,"column":4},"end":{"line":155,"column":78}},"79":{"start":{"line":159,"column":4},"end":{"line":163,"column":5}},"80":{"start":{"line":160,"column":6},"end":{"line":160,"column":26}},"81":{"start":{"line":161,"column":6},"end":{"line":161,"column":26}},"82":{"start":{"line":162,"column":6},"end":{"line":162,"column":56}},"83":{"start":{"line":167,"column":4},"end":{"line":167,"column":18}},"84":{"start":{"line":168,"column":4},"end":{"line":168,"column":54}},"85":{"start":{"line":169,"column":4},"end":{"line":169,"column":44}},"86":{"start":{"line":170,"column":4},"end":{"line":170,"column":18}},"87":{"start":{"line":1
[...]
,"E:\\code-remote-mvp\\cli\\src\\multi-agent\\tools\\index.ts": {"path":"E:\\code-remote-mvp\\cli\\src\\multi-agent\\tools\\index.ts","statementMap":{"0":{"start":{"line":25,"column":0},"end":{"line":25,"column":16}},"1":{"start":{"line":8,"column":0},"end":{"line":8,"column":9}},"2":{"start":{"line":8,"column":9},"end":{"line":8,"column":22}},"3":{"start":{"line":8,"column":22},"end":{"line":8,"column":41}},"4":{"start":{"line":8,"column":41},"end":{"line":8,"column":82}},"5":{"start":{"line":12,"column":0},"end":{"line":12,"column":9}},"6":{"start":{"line":12,"column":9},"end":{"line":12,"column":23}},"7":{"start":{"line":12,"column":23},"end":{"line":12,"column":43}},"8":{"start":{"line":12,"column":43},"end":{"line":12,"column":74}},"9":{"start":{"line":19,"column":0},"end":{"line":19,"column":9}},"10":{"start":{"line":19,"column":9},"end":{"line":19,"column":24}},"11":{"start":{"line":19,"column":24},"end":{"line":19,"column":68}},"12":{"start":{"line":20,"column":0},"end":{"line":20,"column":9}},"13":{"start":{"line":20,"column":9},"end":{"line":20,"column":23}},"14":{"start":{"line":20,"column":23},"end":{"line":20,"column":65}},"15":{"start":{"line":26,"column":33},"end":{"line":26,"column":54}},"16":{"start":{"line":27,"column":28},"end":{"line":27,"column":51}},"17":{"start":{"line":28,"column":27},"end":{"line":28,"column":49}},"18":{"start":{"line":30,"column":2},"end":{"line":32,"column":3}},"19":{"start":{"line":31,"column":4},"end":{"line":31,"column":47}},"20":{"start":{"line":33,"column":2},"end":{"line":35,"column":3}},"21":{"start":{"line":34,"column":4},"end":{"line":34,"column":46}}},"fnMap":{"0":{"name":"(anonymous_0)","decl":{"start":{"line":8,"column":9},"end":{"line":8,"column":20}},"loc":{"start":{"line":8,"column":9},"end":{"line":8,"column":22}}},"1":{"name":"(anonymous_1)","decl":{"start":{"line":8,"column":22},"end":{"line":8,"column":39}},"loc":{"start":{"line":8,"column":22},"end":{"line":8,"column":41}}},"2":{"name":"(anonymous_2)","decl":{"start":{"line":8,"column":41},"end":{"line":8,"column":58}},"loc":{"start":{"line":8,"column":41},"end":{"line":8,"column":82}}},"3":{"name":"(anonymous_3)","decl":{"start":{"line":12,"column":9},"end":{"line":12,"column":21}},"loc":{"start":{"line":12,"column":9},"end":{"line":12,"column":23}}},"4":{"name":"(anonymous_4)","decl":{"start":{"line":12,"column":23},"end":{"line":12,"column":41}},"loc":{"start":{"line":12,"column":23},"end":{"line":12,"column":43}}},"5":{"name":"(anonymous_5)","decl":{"start":{"line":12,"column":43},"end":{"line":12,"column":53}},"loc":{"start":{"line":12,"column":43},"end":{"line":12,"column":74}}},"6":{"name":"(anonymous_6)","decl":{"start":{"line":19,"column":9},"end":{"line":19,"column":22}},"loc":{"start":{"line":19,"column":9},"end":{"line":19,"column":24}}},"7":{"name":"(anonymous_7)","decl":{"start":{"line":19,"column":24},"end":{"line":19,"column":45}},"loc":{"start":{"line":19,"column":24},"end":{"line":19,"column":68}}},"8":{"name":"(anonymous_8)","decl":{"start":{"line":20,"column":9},"end":{"line":20,"column":21}},"loc":{"start":{"line":20,"column":9},"end":{"line":20,"column":23}}},"9":{"name":"(anonymous_9)","decl":{"start":{"line":20,"column":23},"end":{"line":20,"column":43}},"loc":{"start":{"line":20,"column":23},"end":{"line":20,"column":65}}},"10":{"name":"registerBuiltinTools","decl":{"start":{"line":25,"column":16},"end":{"line":25,"column":36}},"loc":{"start":{"line":25,"column":36},"end":{"line":36,"column":1}}}},"branchMap":{"0":{"loc":{"start":{"line":30,"column":2},"end":{"line":32,"column":3}},"type":"if","locations":[{"start":{"line":30,"column":2},"end":{"line":32,"column":3}},{"start":{},"end":{}}]},"1":{"loc":{"start":{"line":33,"column":2},"end":{"line":35,"column":3}},"type":"if","locations":[{"start":{"line":33,"column":2},"end":{"line":35,"column":3}},{"start":{},"end":{}}]}},"s":{"0":0,"1":0,"2":0,"3":0,"4":0,"5":0,"6":0,"7":0,"8":0,"9":0,"10":0,"11":0,"12":0,"13":0,"14":0,"15":0,"16":0,"17":0,"18":0,"19":0,"20":0,"21":0},"f":{"0":0,"1":0,"2":0,"3":0,"4":0,"5":0,"6":0,"7":0,"8":0,"9":0,"10":0},"b":{"0":[0,0],"1":[0,0]}}
,"E:\\code-remote-mvp\\cli\\src\\multi-agent\\tools\\registry.ts": {"path":"E:\\code-remote-mvp\\cli\\src\\multi-agent\\tools\\registry.ts","statementMap":{"0":{"start":{"line":182,"column":0},"end":{"line":182,"column":16}},"1":{"start":{"line":16,"column":37},"end":{"line":16,"column":46}},"2":{"start":{"line":20,"column":4},"end":{"line":24,"column":6}},"3":{"start":{"line":33,"column":17},"end":{"line":33,"column":37}},"4":{"start":{"line":34,"column":4},"end":{"line":36,"column":5}},"5":{"start":{"line":35,"column":6},"end":{"line":35,"column":98}},"6":{"start":{"line":37,"column":4},"end":{"line":37,"column":31}},"7":{"start":{"line":45,"column":4},"end":{"line":47,"column":5}},"8":{"start":{"line":46,"column":6},"end":{"line":46,"column":26}},"9":{"start":{"line":55,"column":4},"end":{"line":55,"column":35}},"10":{"start":{"line":63,"column":4},"end":{"line":63,"column":32}},"11":{"start":{"line":71,"column":4},"end":{"line":71,"column":32}},"12":{"start":{"line":78,"column":4},"end":{"line":78,"column":66}},"13":{"start":{"line":78,"column":52},"end":{"line":78,"column":64}},"14":{"start":{"line":86,"column":4},"end":{"line":88,"column":6}},"15":{"start":{"line":87,"column":6},"end":{"line":87,"column":47}},"16":{"start":{"line":87,"column":28},"end":{"line":87,"column":46}},"17":{"start":{"line":98,"column":17},"end":{"line":98,"column":37}},"18":{"start":{"line":99,"column":4},"end":{"line":108,"column":5}},"19":{"start":{"line":100,"column":6},"end":{"line":107,"column":8}},"20":{"start":{"line":111,"column":4},"end":{"line":123,"column":5}},"21":{"start":{"line":112,"column":25},"end":{"line":112,"column":45}},"22":{"start":{"line":113,"column":6},"end":{"line":122,"column":7}},"23":{"start":{"line":114,"column":8},"end":{"line":121,"column":10}},"24":{"start":{"line":126,"column":4},"end":{"line":141,"column":5}},"25":{"start":{"line":127,"column":21},"end":{"line":129,"column":null}},"26":{"start":{"line":131,"column":6},"end":{"line":131,"column":20}},"27":{"start":{"line":133,"column":6},"end":{"line":140,"column":8}},"28":{"start":{"line":151,"column":4},"end":{"line":156,"column":7}},"29":{"start":{"line":154,"column":8},"end":{"line":154,"column":78}},"30":{"start":{"line":154,"column":25},"end":{"line":154,"column":68}},"31":{"start":{"line":163,"column":4},"end":{"line":163,"column":27}},"32":{"start":{"line":170,"column":4},"end":{"line":170,"column":23}},"33":{"start":{"line":15,"column":0},"end":{"line":15,"column":13}},"34":{"start":{"line":177,"column":13},"end":{"line":177,"column":53}},"35":{"start":{"line":186,"column":2},"end":{"line":217,"column":4}},"36":{"start":{"line":190,"column":31},"end":{"line":190,"column":33}},"37":{"start":{"line":193,"column":6},"end":{"line":199,"column":7}},"38":{"start":{"line":194,"column":8},"end":{"line":198,"column":9}},"39":{"start":{"line":195,"column":10},"end":{"line":197,"column":11}},"40":{"start":{"line":196,"column":12},"end":{"line":196,"column":64}},"41":{"start":{"line":202,"column":6},"end":{"line":210,"column":7}},"42":{"start":{"line":203,"column":23},"end":{"line":203,"column":49}},"43":{"start":{"line":204,"column":8},"end":{"line":209,"column":9}},"44":{"start":{"line":205,"column":29},"end":{"line":205,"column":74}},"45":{"start":{"line":206,"column":10},"end":{"line":208,"column":11}},"46":{"start":{"line":207,"column":12},"end":{"line":207,"column":90}},"47":{"start":{"line":212,"column":6},"end":{"line":215,"column":8}}},"fnMap":{"0":{"name":"(anonymous_0)","decl":{"start":{"line":19,"column":2},"end":{"line":19,"column":14}},"loc":{"start":{"line":19,"column":41},"end":{"line":25,"column":3}}},"1":{"name":"(anonymous_1)","decl":{"start":{"line":32,"column":2},"end":{"line":32,"column":10}},"loc":{"start":{"line":32,"column":21},"end":{"line":38,"column":3}}},"2":{"name":"(anonymous_2)","decl":{"start":{"line":44,"column":2},"end":{"line":44,"column":13}},"loc":{"start":{"line":44,"column":27},"end":{"line":48,"column":3}}},"3":{"name":"(anonymous_3)","decl":{"start":{"line":54,"column":2},"end":{"line":54,"column":12}},"loc":{"start":{"line":54,"column":25},"end":{"line":56,"column":3}}},"4":{"name":"(anonymous_4)","decl":{"start":{"line":62,"column":2},"end":{"line":62,"column":5}},"loc":{"start":{"line":62,"column":18},"end":{"line":64,"column":3}}},"5":{"name":"(anonymous_5)","decl":{"start":{"line":70,"column":2},"end":{"line":70,"column":5}},"loc":{"start":{"line":70,"column":18},"end":{"line":72,"column":3}}},"6":{"name":"(anonymous_6)","decl":{"start":{"line":77,"column":2},"end":{"line":77,"column":19}},"loc":{"start":{"line":77,"column":19},"end":{"line":79,"column":3}}},"7":{"name":"(anonymous_7)","decl":{"start":{"line":78,"column":47},"end":{"line":78,"column":48}},"loc":{"start":{"line":78,"column":52},"end":{"line":78,"column":64}}},"8":{"name":"(anonymous_8)","decl":{"start":{"line":85,"column":2},"end":{"line":85,"column":12}},"loc":{"start":{"line":85,"column":27},"end":{"line":89,"column":3}}},"9":{"name":"(anonymous_9)","decl":{"start":{"line":86,"column":43},"end":{"line":86,"column":46}},"loc":{"start":{"line":87,"column":6},"end":{"line":87,"column":47}}},"10":{"name":"(anonymous_10)","decl":{"start":{"line":87,"column":21},"end":{"line":87,"column":24}},"loc":{"start":{"line":87,"column":28},"end":{"line":87,"column":46}}},"11":{"name":"(anonymous_11)","decl":{"start":{"line":97,"column":2},"end":{"line":97,"column":7}},"loc":{"start":{"line":97,"column":60},"end":{"line":142,"column":3}}},"12":{"name":"(anonymous_12)","decl":{"start":{"line":147,"column":10},"end":{"line":147,"column":15}},"loc":{"start":{"line":149,"column":19},"end":{"line":157,"column":3}}},"13":{"name":"(anonymous_13)","decl":{"start":{"line":153,"column":30},"end":{"line":153,"column":31}},"loc":{"start":{"line":154,"column":8},"end":{"line":154,"column":78}}},"14":{"name":"(anonymous_14)","decl":{"start":{"line":154,"column":19},"end":{"line":154,"column":22}},"loc":{"start":{"line":154,"column":25},"end":{"line":154,"column":68}}},"15":{"name":"(anonymous_15)","decl":{"start":{"line":162,"column":2},"end":{"line":162,"column":6}},"loc":{"start":{"line":162,"column":10},"end":{"line":164,"column":3}}},"16":{"name":"(anonymous_16)","decl":{"start":{"line":169,"column":2},"end":{"line":169,"column":7}},"loc":{"start":{"line":169,"column":7},"end":{"line":171,"column":3}}},"17":{"name":"createTool","decl":{"start":{"line":182,"column":16},"end":{"line":182,"column":26}},"loc":{"start":{"line":184,"column":68},"end":{"line":218,"column":1}}},"18":{"name":"(anonymous_18)","decl":{"start":{"line":189,"column":14},"end":{"line":189,"column":15}},"loc":{"start":{"line":189,"column":24},"end":{"line":216,"column":5}}}},"branchMap":{"0":{"loc":{"start":{"line":34,"column":4},"end":{"line":36,"column":5}},"type":"if","locations":[{"start":{"line":34,"column":4},"end":{"line":36,"column":5}},{"start":{},"end":{}}]},"1":{"loc":{"start":{"line":34,"column":8},"end":{"line":34,"column":58}},"type":"binary-expr","locations":[{"start":{"line":34,"column":8},"end":{"line":34,"column":28}},{"start":{"line":34,"column":32},"end":{"line":34,"column":58}}]},"2":{"loc":{"start":{"line":99,"column":4},"end":{"line":108,"column":5}},"type":"if","locations":[{"start":{"line":99,"column":4},"end":{"line":108,"column":5}},{"start":{},"end":{}}]},"3":{"loc":{"start":{"line":111,"column":4},"end":{"line":123,"column":5}},"type":"if","locations":[{"start":{"line":111,"column":4},"end":{"line":123,"column":5}},{"start":{},"end":{}}]},"4":{"loc":{"start":{"line":113,"column":6},"end":{"line":122,"column":7}},"type":"if","locations":[{"start":{"line":113,"column":6},"end":{"line":122,"column":7}},{"start":{},"end":{}}]},"5":{"loc":{"start":{"line":138,"column":15},"end":{"line":138,"column":69}},"type":"cond-expr","locations":[{"start":{"line":138,"column":40},"end":{"line":138,"column":53}},{"start":{"line":138,"column":56},"end":{"line":138,"column":69}}]},"6":{"loc":{"start":{"line":193,"column":6},"end":{"line":199,"column":7}},"type":"if","locations":[{"start":{"line":193,"column":6},"end":{"line":199,"column":7}},{"start":{},"end":{}}]},"7":{"loc":{"start":{"line":195,"column":10},"end":{"line":197,"column":11}},"type":"if","locations":[{"start":{"line":195,"column":10},"end":{"line":197,"column":11}},{"start":{},"end":{}}]},"8":{"loc":{"start":{"line":195,"column":14},"end":{"line":195,"column":61}},"type":"binary-expr","locations":[{"start":{"line":195,"column":14},"end":{"line":195,"column":31}},{"start":{"line":195,"column":35},"end":{"line":195,"column":61}}]},"9":{"loc":{"start":{"line":204,"column":8},"end":{"line":209,"column":9}},"type":"if","locations":[{"start":{"line":204,"column":8},"end":{"line":209,"column":9}},{"start":{},"end":{}}]},"10":{"loc":{"start":{"line":205,"column":29},"end":{"line":205,"column":74}},"type":"cond-expr","locations":[{"start":{"line":205,"column":52},"end":{"line":205,"column":59}},{"start":{"line":205,"column":62},"end":{"line":205,"column":74}}]},"11":{"loc":{"start":{"line":206,"column":10},"end":{"line":208,"column":11}},"type":"if","locations":[{"start":{"line":206,"column":10},"end":{"line":208,"column":11}},{"start":{},"end":{}}]},"12":{"loc":{"start":{"line":206,"column":14},"end":{"line":206,"column":68}},"type":"binary-expr","locations":[{"start":{"line":206,"column":14},"end":{"line":206,"column":40}},{"start":{"line":206,"column":44},"end":{"line":206,"column":68}}]},"13":{"loc":{"start":{"line":214,"column":16},"end":{"line":214,"column":54}},"type":"cond-expr","locations":[{"start":{"line":214,"column":36},"end":{"line":214,"column":42}},{"start":{"line":214,"column":45},"end":{"line":214,"column":54}}]}},"s":{"0":0,"1":0,"2":0,"3":0,"4":0,"5":0,"6":0,"7":0,"8":0,"9":0,"10":0,"11":0,"12":0,"13":0,"14":0,"15":0,"16":0,"17":0,"18":0,"19":0,"20":0,"21":0,"22":0,"23":0,"24":0,"25":0,"26":0,"27":0,"28":0,"29":0,"30":0,"31":0,"32":0,"33":0,"34":0,"35":0,"36":0,"37":0,"38":0,"39":0,"40":0,"41":0,"42":0,"43":0,"44":0,"45":0,"46":0,"47":0},"f":{"0":0,"1":0,"2":0,"3":0,"4":0,"5":0,"6":0,"7":0,"8":0,"9":0,"10":0,"11":0,"12":0,"13":0,"14":0,"15":0,"16":0,"17":0,"18":0},"b":{"0":[0,0],"1":[0,0],"2":[0,0],"3":[0,0],"4":[0,0],"5":[0,0],"6":[0,0],"7":[0,0],"8":[0,0],"9":[0,0],"10":[0,0],"11":[0,0],"12":[0,0],"13":[0,0]}}
,"E:\\code-remote-mvp\\cli\\src\\multi-agent\\tools\\web-fetch.ts": {"path":"E:\\code-remote-mvp\\cli\\src\\multi-agent\\tools\\web-fetch.ts","statementMap":{"0":{"start":{"line":95,"column":0},"end":{"line":95,"column":16}},"1":{"start":{"line":7,"column":0},"end":{"line":7,"column":58}},"2":{"start":{"line":12,"column":27},"end":{"line":31,"column":2}},"3":{"start":{"line":38,"column":14},"end":{"line":38,"column":33}},"4":{"start":{"line":39,"column":21},"end":{"line":39,"column":55}},"5":{"start":{"line":48,"column":22},"end":{"line":67,"column":10}},"6":{"start":{"line":69,"column":27},"end":{"line":71,"column":17}},"7":{"start":{"line":73,"column":2},"end":{"line":84,"column":4}},"8":{"start":{"line":90,"column":13},"end":{"line":90,"column":82}},"9":{"start":{"line":96,"column":33},"end":{"line":96,"column":54}},"10":{"start":{"line":97,"column":2},"end":{"line":97,"column":44}}},"fnMap":{"0":{"name":"executeWebFetch","decl":{"start":{"line":37,"column":15},"end":{"line":37,"column":30}},"loc":{"start":{"line":37,"column":61},"end":{"line":85,"column":1}}},"1":{"name":"registerWebFetchTool","decl":{"start":{"line":95,"column":16},"end":{"line":95,"column":36}},"loc":{"start":{"line":95,"column":36},"end":{"line":98,"column":1}}}},"branchMap":{"0":{"loc":{"start":{"line":39,"column":21},"end":{"line":39,"column":55}},"type":"binary-expr","locations":[{"start":{"line":39,"column":21},"end":{"line":39,"column":47}},{"start":{"line":39,"column":51},"end":{"line":39,"column":55}}]},"1":{"loc":{"start":{"line":69,"column":27},"end":{"line":71,"column":17}},"type":"cond-expr","locations":[{"start":{"line":70,"column":6},"end":{"line":70,"column":72}},{"start":{"line":71,"column":6},"end":{"line":71,"column":17}}]}},"s":{"0":0,"1":0,"2":0,"3":0,"4":0,"5":0,"6":0,"7":0,"8":0,"9":0,"10":0},"f":{"0":0,"1":0},"b":{"0":[0,0],"1":[0,0]}}
,"E:\\code-remote-mvp\\cli\\src\\multi-agent\\tools\\web-search.ts": {"path":"E:\\code-remote-mvp\\cli\\src\\multi-agent\\tools\\web-search.ts","statementMap":{"0":{"start":{"line":95,"column":0},"end":{"line":95,"column":16}},"1":{"start":{"line":7,"column":0},"end":{"line":7,"column":58}},"2":{"start":{"line":12,"column":28},"end":{"line":27,"column":2}},"3":{"start":{"line":43,"column":16},"end":{"line":43,"column":37}},"4":{"start":{"line":44,"column":22},"end":{"line":44,"column":54}},"5":{"start":{"line":53,"column":38},"end":{"line":59,"column":4}},"6":{"start":{"line":62,"column":2},"end":{"line":68,"column":3}},"7":{"start":{"line":62,"column":15},"end":{"line":62,"column":16}},"8":{"start":{"line":63,"column":4},"end":{"line":67,"column":7}},"9":{"start":{"line":70,"column":17},"end":{"line":72,"column":16}},"10":{"start":{"line":71,"column":4},"end":{"line":71,"column":65}},"11":{"start":{"line":74,"column":2},"end":{"line":84,"column":4}},"12":{"start":{"line":90,"column":13},"end":{"line":90,"column":85}},"13":{"start":{"line":96,"column":33},"end":{"line":96,"column":54}},"14":{"start":{"line":97,"column":2},"end":{"line":97,"column":45}}},"fnMap":{"0":{"name":"executeWebSearch","decl":{"start":{"line":42,"column":15},"end":{"line":42,"column":31}},"loc":{"start":{"line":42,"column":62},"end":{"line":85,"column":1}}},"1":{"name":"(anonymous_1)","decl":{"start":{"line":70,"column":33},"end":{"line":70,"column":34}},"loc":{"start":{"line":71,"column":4},"end":{"line":71,"column":65}}},"2":{"name":"registerWebSearchTool","decl":{"start":{"line":95,"column":16},"end":{"line":95,"column":37}},"loc":{"start":{"line":95,"column":37},"end":{"line":98,"column":1}}}},"branchMap":{"0":{"loc":{"start":{"line":44,"column":22},"end":{"line":44,"column":54}},"type":"binary-expr","locations":[{"start":{"line":44,"column":22},"end":{"line":44,"column":49}},{"start":{"line":44,"column":53},"end":{"line":44,"column":54}}]}},"s":{"0":0,"1":0,"2":0,"3":0,"4":0,"5":0,"6":0,"7":0,"8":0,"9":0,"10":0,"11":0,"12":0,"13":0,"14":0},"f":{"0":0,"1":0,"2":0},"b":{"0":[0,0]}}
}
