TN:
SF:src\auth.ts
FN:13,(anonymous_1)
FN:21,(anonymous_2)
FN:25,(anonymous_3)
FN:32,(anonymous_4)
FN:36,(anonymous_5)
FN:40,(anonymous_6)
FN:56,(anonymous_7)
FNF:7
FNH:0
FNDA:0,(anonymous_1)
FNDA:0,(anonymous_2)
FNDA:0,(anonymous_3)
FNDA:0,(anonymous_4)
FNDA:0,(anonymous_5)
FNDA:0,(anonymous_6)
FNDA:0,(anonymous_7)
DA:1,0
DA:2,0
DA:9,0
DA:11,0
DA:14,0
DA:16,0
DA:17,0
DA:22,0
DA:26,0
DA:27,0
DA:29,0
DA:33,0
DA:37,0
DA:41,0
DA:42,0
DA:43,0
DA:44,0
DA:45,0
DA:46,0
DA:47,0
DA:48,0
DA:49,0
DA:51,0
DA:53,0
DA:57,0
DA:58,0
DA:60,0
DA:61,0
LF:28
LH:0
BRDA:14,0,0,0
BRDA:14,0,1,0
BRDA:16,1,0,0
BRDA:16,1,1,0
BRDA:26,2,0,0
BRDA:26,2,1,0
BRDA:26,3,0,0
BRDA:26,3,1,0
BRDA:33,4,0,0
BRDA:33,4,1,0
BRDA:45,5,0,0
BRDA:45,5,1,0
BRDA:58,6,0,0
BRDA:58,6,1,0
BRF:14
BRH:0
end_of_record
TN:
SF:src\handler.ts
FN:13,(anonymous_1)
FN:40,(anonymous_2)
FN:74,(anonymous_3)
FN:81,(anonymous_4)
FNF:4
FNH:0
FNDA:0,(anonymous_1)
FNDA:0,(anonymous_2)
FNDA:0,(anonymous_3)
FNDA:0,(anonymous_4)
DA:1,0
DA:9,0
DA:10,0
DA:11,0
DA:14,0
DA:21,0
DA:22,0
DA:23,0
DA:27,0
DA:28,0
DA:29,0
DA:30,0
DA:31,0
DA:35,0
DA:37,0
DA:42,0
DA:44,0
DA:45,0
DA:48,0
DA:49,0
DA:58,0
DA:59,0
DA:65,0
DA:66,0
DA:70,0
DA:75,0
DA:76,0
DA:78,0
DA:82,0
LF:29
LH:0
BRDA:22,0,0,0
BRDA:22,0,1,0
BRDA:44,1,0,0
BRDA:44,1,1,0
BRDA:44,2,0,0
BRDA:44,2,1,0
BRDA:48,3,0,0
BRDA:48,3,1,0
BRDA:48,4,0,0
BRDA:48,4,1,0
BRDA:58,5,0,0
BRDA:58,5,1,0
BRDA:65,6,0,0
BRDA:65,6,1,0
BRDA:75,7,0,0
BRDA:75,7,1,0
BRF:16
BRH:0
end_of_record
TN:
SF:src\imageHandler.ts
FN:10,(anonymous_1)
FN:20,(anonymous_2)
FN:29,(anonymous_3)
FN:59,(anonymous_4)
FN:80,(anonymous_5)
FN:88,(anonymous_6)
FN:106,(anonymous_7)
FNF:7
FNH:5
FNDA:6,(anonymous_1)
FNDA:4,(anonymous_2)
FNDA:6,(anonymous_3)
FNDA:0,(anonymous_4)
FNDA:4,(anonymous_5)
FNDA:0,(anonymous_6)
FNDA:4,(anonymous_7)
DA:1,1
DA:2,1
DA:5,1
DA:11,6
DA:12,6
DA:13,6
DA:15,6
DA:16,1
DA:22,4
DA:23,1
DA:27,3
DA:29,3
DA:30,6
DA:31,6
DA:32,0
DA:33,0
DA:35,6
DA:38,3
DA:39,1
DA:44,2
DA:45,2
DA:48,2
DA:49,2
DA:50,2
DA:52,0
DA:53,0
DA:55,0
DA:60,0
DA:61,0
DA:62,0
DA:70,0
DA:81,4
DA:82,4
DA:83,4
DA:85,4
DA:89,0
DA:96,0
DA:97,0
DA:99,0
DA:100,0
DA:101,0
DA:107,4
DA:108,4
DA:111,4
DA:115,4
LF:45
LH:30
BRDA:15,0,0,1
BRDA:15,0,1,5
BRDA:15,1,0,6
BRDA:15,1,1,6
BRDA:22,2,0,1
BRDA:22,2,1,3
BRDA:27,3,0,3
BRDA:27,3,1,0
BRDA:27,4,0,3
BRDA:27,4,1,3
BRDA:30,5,0,0
BRDA:30,5,1,6
BRDA:31,6,0,0
BRDA:31,6,1,6
BRDA:38,7,0,1
BRDA:38,7,1,2
BRDA:52,8,0,0
BRDA:52,8,1,0
BRDA:74,9,0,0
BRDA:74,9,1,0
BRDA:97,10,0,0
BRDA:97,10,1,0
BRDA:100,11,0,0
BRDA:100,11,1,0
BRF:24
BRH:13
end_of_record
TN:
SF:src\index.ts
FN:13,(anonymous_10)
FN:27,(anonymous_11)
FN:56,(anonymous_12)
FN:92,(anonymous_13)
FN:97,(anonymous_14)
FN:102,(anonymous_15)
FN:107,(anonymous_16)
FN:111,(anonymous_17)
FN:135,(anonymous_18)
FN:164,(anonymous_19)
FN:175,(anonymous_20)
FN:176,(anonymous_21)
FN:183,(anonymous_22)
FN:188,(anonymous_23)
FN:194,(anonymous_24)
FN:201,(anonymous_25)
FN:205,(anonymous_26)
FNF:17
FNH:0
FNDA:0,(anonymous_10)
FNDA:0,(anonymous_11)
FNDA:0,(anonymous_12)
FNDA:0,(anonymous_13)
FNDA:0,(anonymous_14)
FNDA:0,(anonymous_15)
FNDA:0,(anonymous_16)
FNDA:0,(anonymous_17)
FNDA:0,(anonymous_18)
FNDA:0,(anonymous_19)
FNDA:0,(anonymous_20)
FNDA:0,(anonymous_21)
FNDA:0,(anonymous_22)
FNDA:0,(anonymous_23)
FNDA:0,(anonymous_24)
FNDA:0,(anonymous_25)
FNDA:0,(anonymous_26)
DA:3,0
DA:4,0
DA:5,0
DA:6,0
DA:7,0
DA:8,0
DA:9,0
DA:13,0
DA:23,0
DA:24,0
DA:27,0
DA:28,0
DA:29,0
DA:31,0
DA:32,0
DA:34,0
DA:35,0
DA:38,0
DA:39,0
DA:41,0
DA:46,0
DA:57,0
DA:58,0
DA:64,0
DA:66,0
DA:67,0
DA:68,0
DA:71,0
DA:72,0
DA:73,0
DA:74,0
DA:78,0
DA:81,0
DA:89,0
DA:92,0
DA:93,0
DA:94,0
DA:97,0
DA:98,0
DA:99,0
DA:102,0
DA:103,0
DA:107,0
DA:110,0
DA:111,0
DA:112,0
DA:114,0
DA:121,0
DA:122,0
DA:126,0
DA:127,0
DA:128,0
DA:129,0
DA:130,0
DA:131,0
DA:132,0
DA:135,0
DA:136,0
DA:138,0
DA:145,0
DA:148,0
DA:149,0
DA:152,0
DA:153,0
DA:154,0
DA:157,0
DA:160,0
DA:165,0
DA:166,0
DA:167,0
DA:170,0
DA:176,0
DA:177,0
DA:179,0
DA:181,0
DA:183,0
DA:184,0
DA:185,0
DA:188,0
DA:189,0
DA:190,0
DA:192,0
DA:193,0
DA:194,0
DA:195,0
DA:196,0
DA:201,0
DA:202,0
DA:205,0
DA:206,0
DA:211,0
LF:91
LH:0
BRDA:28,0,0,0
BRDA:28,0,1,0
BRDA:31,1,0,0
BRDA:31,1,1,0
BRDA:68,2,0,0
BRDA:68,2,1,0
BRDA:73,3,0,0
BRDA:73,3,1,0
BRDA:85,4,0,0
BRDA:85,4,1,0
BRDA:110,5,0,0
BRDA:110,5,1,0
BRDA:148,6,0,0
BRDA:148,6,1,0
BRDA:177,7,0,0
BRDA:177,7,1,0
BRDA:192,8,0,0
BRDA:192,8,1,0
BRF:18
BRH:0
end_of_record
TN:
SF:src\qrcode.ts
FN:12,(anonymous_1)
FN:30,(anonymous_2)
FN:55,(anonymous_3)
FN:62,(anonymous_4)
FNF:4
FNH:0
FNDA:0,(anonymous_1)
FNDA:0,(anonymous_2)
FNDA:0,(anonymous_3)
FNDA:0,(anonymous_4)
DA:1,0
DA:2,0
DA:11,0
DA:13,0
DA:16,0
DA:22,0
DA:24,0
DA:25,0
DA:26,0
DA:27,0
DA:30,0
DA:31,0
DA:34,0
DA:35,0
DA:36,0
DA:37,0
DA:38,0
DA:39,0
DA:40,0
DA:41,0
DA:42,0
DA:45,0
DA:46,0
DA:47,0
DA:48,0
DA:49,0
DA:50,0
DA:51,0
DA:52,0
DA:56,0
DA:57,0
DA:58,0
DA:59,0
DA:63,0
DA:64,0
DA:65,0
DA:66,0
DA:67,0
DA:68,0
DA:69,0
DA:70,0
DA:71,0
DA:72,0
LF:43
LH:0
BRDA:16,0,0,0
BRDA:16,0,1,0
BRF:2
BRH:0
end_of_record
TN:
SF:src\server.ts
FN:80,(anonymous_10)
FN:89,(anonymous_11)
FN:94,(anonymous_12)
FN:132,(anonymous_13)
FN:133,(anonymous_14)
FN:146,(anonymous_15)
FN:150,(anonymous_16)
FN:179,(anonymous_17)
FN:184,(anonymous_18)
FN:189,(anonymous_19)
FN:198,(anonymous_20)
FN:253,(anonymous_21)
FN:284,(anonymous_22)
FN:307,(anonymous_23)
FN:339,(anonymous_24)
FN:354,(anonymous_25)
FN:380,(anonymous_26)
FN:411,(anonymous_27)
FN:428,(anonymous_28)
FN:451,(anonymous_29)
FN:487,(anonymous_30)
FN:494,(anonymous_31)
FN:508,(anonymous_32)
FN:512,(anonymous_33)
FN:516,(anonymous_34)
FN:520,(anonymous_35)
FN:540,(anonymous_36)
FN:560,(anonymous_37)
FN:564,(anonymous_38)
FN:568,(anonymous_39)
FN:570,(anonymous_40)
FN:571,(anonymous_41)
FN:577,(anonymous_42)
FN:584,(anonymous_43)
FN:610,(anonymous_44)
FNF:35
FNH:0
FNDA:0,(anonymous_10)
FNDA:0,(anonymous_11)
FNDA:0,(anonymous_12)
FNDA:0,(anonymous_13)
FNDA:0,(anonymous_14)
FNDA:0,(anonymous_15)
FNDA:0,(anonymous_16)
FNDA:0,(anonymous_17)
FNDA:0,(anonymous_18)
FNDA:0,(anonymous_19)
FNDA:0,(anonymous_20)
FNDA:0,(anonymous_21)
FNDA:0,(anonymous_22)
FNDA:0,(anonymous_23)
FNDA:0,(anonymous_24)
FNDA:0,(anonymous_25)
FNDA:0,(anonymous_26)
FNDA:0,(anonymous_27)
FNDA:0,(anonymous_28)
FNDA:0,(anonymous_29)
FNDA:0,(anonymous_30)
FNDA:0,(anonymous_31)
FNDA:0,(anonymous_32)
FNDA:0,(anonymous_33)
FNDA:0,(anonymous_34)
FNDA:0,(anonymous_35)
FNDA:0,(anonymous_36)
FNDA:0,(anonymous_37)
FNDA:0,(anonymous_38)
FNDA:0,(anonymous_39)
FNDA:0,(anonymous_40)
FNDA:0,(anonymous_41)
FNDA:0,(anonymous_42)
FNDA:0,(anonymous_43)
FNDA:0,(anonymous_44)
DA:1,0
DA:2,0
DA:3,0
DA:4,0
DA:5,0
DA:6,0
DA:8,0
DA:9,0
DA:60,0
DA:63,0
DA:73,0
DA:81,0
DA:82,0
DA:83,0
DA:84,0
DA:85,0
DA:86,0
DA:89,0
DA:90,0
DA:91,0
DA:96,0
DA:97,0
DA:98,0
DA:99,0
DA:103,0
DA:104,0
DA:105,0
DA:107,0
DA:108,0
DA:109,0
DA:119,0
DA:120,0
DA:121,0
DA:122,0
DA:123,0
DA:128,0
DA:129,0
DA:133,0
DA:134,0
DA:135,0
DA:136,0
DA:137,0
DA:138,0
DA:139,0
DA:140,0
DA:141,0
DA:143,0
DA:146,0
DA:147,0
DA:148,0
DA:150,0
DA:152,0
DA:153,0
DA:154,0
DA:155,0
DA:156,0
DA:157,0
DA:158,0
DA:160,0
DA:161,0
DA:163,0
DA:164,0
DA:166,0
DA:167,0
DA:168,0
DA:169,0
DA:170,0
DA:171,0
DA:173,0
DA:174,0
DA:179,0
DA:180,0
DA:181,0
DA:184,0
DA:185,0
DA:189,0
DA:190,0
DA:191,0
DA:192,0
DA:193,0
DA:199,0
DA:201,0
DA:202,0
DA:206,0
DA:207,0
DA:210,0
DA:211,0
DA:212,0
DA:215,0
DA:216,0
DA:219,0
DA:220,0
DA:224,0
DA:225,0
DA:226,0
DA:227,0
DA:233,0
DA:240,0
DA:244,0
DA:245,0
DA:246,0
DA:249,0
DA:254,0
DA:255,0
DA:256,0
DA:262,0
DA:264,0
DA:269,0
DA:271,0
DA:273,0
DA:274,0
DA:277,0
DA:278,0
DA:279,0
DA:280,0
DA:286,0
DA:287,0
DA:288,0
DA:289,0
DA:290,0
DA:294,0
DA:295,0
DA:296,0
DA:299,0
DA:300,0
DA:304,0
DA:309,0
DA:310,0
DA:311,0
DA:312,0
DA:313,0
DA:317,0
DA:318,0
DA:319,0
DA:322,0
DA:323,0
DA:324,0
DA:325,0
DA:328,0
DA:329,0
DA:330,0
DA:331,0
DA:332,0
DA:333,0
DA:334,0
DA:336,0
DA:340,0
DA:341,0
DA:356,0
DA:357,0
DA:358,0
DA:359,0
DA:360,0
DA:364,0
DA:365,0
DA:366,0
DA:369,0
DA:382,0
DA:383,0
DA:384,0
DA:385,0
DA:386,0
DA:390,0
DA:391,0
DA:392,0
DA:396,0
DA:407,0
DA:408,0
DA:412,0
DA:413,0
DA:414,0
DA:415,0
DA:416,0
DA:420,0
DA:421,0
DA:422,0
DA:423,0
DA:430,0
DA:431,0
DA:432,0
DA:433,0
DA:434,0
DA:435,0
DA:436,0
DA:440,0
DA:441,0
DA:442,0
DA:445,0
DA:446,0
DA:447,0
DA:450,0
DA:451,0
DA:452,0
DA:454,0
DA:460,0
DA:466,0
DA:467,0
DA:470,0
DA:472,0
DA:473,0
DA:480,0
DA:481,0
DA:483,0
DA:488,0
DA:489,0
DA:490,0
DA:491,0
DA:495,0
DA:500,0
DA:501,0
DA:509,0
DA:513,0
DA:517,0
DA:521,0
DA:522,0
DA:523,0
DA:528,0
DA:529,0
DA:530,0
DA:532,0
DA:533,0
DA:534,0
DA:537,0
DA:541,0
DA:546,0
DA:548,0
DA:549,0
DA:550,0
DA:551,0
DA:553,0
DA:554,0
DA:561,0
DA:565,0
DA:569,0
DA:570,0
DA:571,0
DA:578,0
DA:579,0
DA:580,0
DA:583,0
DA:584,0
DA:585,0
DA:587,0
DA:590,0
DA:599,0
DA:601,0
DA:602,0
DA:604,0
DA:605,0
DA:606,0
DA:612,0
DA:613,0
DA:614,0
DA:619,0
DA:622,0
DA:625,0
DA:626,0
LF:257
LH:0
BRDA:80,0,0,0
BRDA:82,1,0,0
BRDA:82,1,1,0
BRDA:83,2,0,0
BRDA:83,2,1,0
BRDA:96,3,0,0
BRDA:96,3,1,0
BRDA:103,4,0,0
BRDA:103,4,1,0
BRDA:103,5,0,0
BRDA:103,5,1,0
BRDA:104,6,0,0
BRDA:104,6,1,0
BRDA:107,7,0,0
BRDA:107,7,1,0
BRDA:119,8,0,0
BRDA:119,8,1,0
BRDA:139,9,0,0
BRDA:139,9,1,0
BRDA:147,10,0,0
BRDA:147,10,1,0
BRDA:160,11,0,0
BRDA:160,11,1,0
BRDA:169,12,0,0
BRDA:169,12,1,0
BRDA:190,13,0,0
BRDA:190,13,1,0
BRDA:199,14,0,0
BRDA:199,14,1,0
BRDA:199,14,2,0
BRDA:199,14,3,0
BRDA:199,14,4,0
BRDA:199,14,5,0
BRDA:199,14,6,0
BRDA:199,14,7,0
BRDA:210,15,0,0
BRDA:210,15,1,0
BRDA:226,16,0,0
BRDA:226,16,1,0
BRDA:254,17,0,0
BRDA:254,17,1,0
BRDA:273,18,0,0
BRDA:273,18,1,0
BRDA:288,19,0,0
BRDA:288,19,1,0
BRDA:294,20,0,0
BRDA:294,20,1,0
BRDA:294,21,0,0
BRDA:294,21,1,0
BRDA:299,22,0,0
BRDA:299,22,1,0
BRDA:299,23,0,0
BRDA:299,23,1,0
BRDA:311,24,0,0
BRDA:311,24,1,0
BRDA:317,25,0,0
BRDA:317,25,1,0
BRDA:317,26,0,0
BRDA:317,26,1,0
BRDA:322,27,0,0
BRDA:322,27,1,0
BRDA:328,28,0,0
BRDA:328,28,1,0
BRDA:332,29,0,0
BRDA:332,29,1,0
BRDA:333,30,0,0
BRDA:333,30,1,0
BRDA:358,31,0,0
BRDA:358,31,1,0
BRDA:364,32,0,0
BRDA:364,32,1,0
BRDA:364,33,0,0
BRDA:364,33,1,0
BRDA:371,34,0,0
BRDA:371,34,1,0
BRDA:384,35,0,0
BRDA:384,35,1,0
BRDA:390,36,0,0
BRDA:390,36,1,0
BRDA:390,37,0,0
BRDA:390,37,1,0
BRDA:402,38,0,0
BRDA:402,38,1,0
BRDA:414,39,0,0
BRDA:414,39,1,0
BRDA:420,40,0,0
BRDA:420,40,1,0
BRDA:422,41,0,0
BRDA:422,41,1,0
BRDA:433,42,0,0
BRDA:433,42,1,0
BRDA:440,43,0,0
BRDA:440,43,1,0
BRDA:440,44,0,0
BRDA:440,44,1,0
BRDA:445,45,0,0
BRDA:445,45,1,0
BRDA:445,46,0,0
BRDA:445,46,1,0
BRDA:472,47,0,0
BRDA:472,47,1,0
BRDA:488,48,0,0
BRDA:488,48,1,0
BRDA:489,49,0,0
BRDA:489,49,1,0
BRDA:490,50,0,0
BRDA:490,50,1,0
BRDA:522,51,0,0
BRDA:522,51,1,0
BRDA:522,52,0,0
BRDA:522,52,1,0
BRDA:549,53,0,0
BRDA:549,53,1,0
BRDA:579,54,0,0
BRDA:579,54,1,0
BRDA:579,55,0,0
BRDA:579,55,1,0
BRDA:604,56,0,0
BRDA:604,56,1,0
BRF:119
BRH:0
end_of_record
TN:
SF:src\tunnel.ts
FN:24,(anonymous_1)
FN:28,(anonymous_2)
FN:48,(anonymous_3)
FN:63,(anonymous_4)
FN:89,(anonymous_5)
FN:100,(anonymous_6)
FN:105,(anonymous_7)
FN:114,(anonymous_8)
FN:128,(anonymous_9)
FN:133,(anonymous_10)
FN:142,(anonymous_11)
FN:148,(anonymous_12)
FN:158,(anonymous_13)
FN:166,(anonymous_14)
FNF:14
FNH:0
FNDA:0,(anonymous_1)
FNDA:0,(anonymous_2)
FNDA:0,(anonymous_3)
FNDA:0,(anonymous_4)
FNDA:0,(anonymous_5)
FNDA:0,(anonymous_6)
FNDA:0,(anonymous_7)
FNDA:0,(anonymous_8)
FNDA:0,(anonymous_9)
FNDA:0,(anonymous_10)
FNDA:0,(anonymous_11)
FNDA:0,(anonymous_12)
FNDA:0,(anonymous_13)
FNDA:0,(anonymous_14)
DA:1,0
DA:2,0
DA:3,0
DA:5,0
DA:20,0
DA:22,0
DA:25,0
DA:29,0
DA:30,0
DA:31,0
DA:34,0
DA:36,0
DA:38,0
DA:40,0
DA:42,0
DA:44,0
DA:49,0
DA:50,0
DA:51,0
DA:54,0
DA:55,0
DA:56,0
DA:58,0
DA:64,0
DA:66,0
DA:67,0
DA:68,0
DA:69,0
DA:70,0
DA:71,0
DA:72,0
DA:73,0
DA:74,0
DA:75,0
DA:76,0
DA:77,0
DA:78,0
DA:80,0
DA:83,0
DA:84,0
DA:87,0
DA:89,0
DA:90,0
DA:92,0
DA:93,0
DA:94,0
DA:95,0
DA:96,0
DA:100,0
DA:101,0
DA:105,0
DA:107,0
DA:109,0
DA:110,0
DA:115,0
DA:117,0
DA:118,0
DA:119,0
DA:120,0
DA:121,0
DA:124,0
DA:125,0
DA:126,0
DA:128,0
DA:129,0
DA:130,0
DA:133,0
DA:135,0
DA:137,0
DA:138,0
DA:143,0
DA:144,0
DA:145,0
DA:149,0
DA:150,0
DA:151,0
DA:154,0
DA:155,0
DA:159,0
DA:160,0
DA:161,0
DA:162,0
DA:167,0
DA:168,0
DA:169,0
DA:170,0
DA:171,0
DA:172,0
DA:173,0
DA:174,0
DA:175,0
DA:176,0
DA:177,0
DA:178,0
DA:179,0
DA:180,0
LF:96
LH:0
BRDA:29,0,0,0
BRDA:29,0,1,0
BRDA:34,1,0,0
BRDA:34,1,1,0
BRDA:34,1,2,0
BRDA:34,1,3,0
BRDA:34,1,4,0
BRDA:67,2,0,0
BRDA:67,2,1,0
BRDA:93,3,0,0
BRDA:93,3,1,0
BRDA:118,4,0,0
BRDA:118,4,1,0
BRDA:149,5,0,0
BRDA:149,5,1,0
BRDA:159,6,0,0
BRDA:159,6,1,0
BRF:17
BRH:0
end_of_record
TN:
SF:src\agent\config.ts
FN:21,debugLog
FN:24,(anonymous_10)
FN:38,validateAgentName
FN:67,safeTruncate
FN:83,parseMarkdownFrontmatter
FN:154,parseTools
FN:156,(anonymous_15)
FN:162,getClaudeAgentsDir
FN:169,getUserClaudeAgentsDir
FN:176,scanAgentDirectory
FN:204,loadAgentFromMarkdown
FN:267,loadAgentContext
FN:326,listAvailableAgents
FN:344,(anonymous_22)
FN:344,(anonymous_23)
FN:344,(anonymous_24)
FN:344,(anonymous_25)
FN:344,(anonymous_26)
FN:346,getProjectAgentDir
FN:350,getUserAgentDir
FN:358,parseAgentConfig
FN:366,loadAgentConfig
FN:374,loadAgentMemory
FNF:23
FNH:0
FNDA:0,debugLog
FNDA:0,(anonymous_10)
FNDA:0,validateAgentName
FNDA:0,safeTruncate
FNDA:0,parseMarkdownFrontmatter
FNDA:0,parseTools
FNDA:0,(anonymous_15)
FNDA:0,getClaudeAgentsDir
FNDA:0,getUserClaudeAgentsDir
FNDA:0,scanAgentDirectory
FNDA:0,loadAgentFromMarkdown
FNDA:0,loadAgentContext
FNDA:0,listAvailableAgents
FNDA:0,(anonymous_22)
FNDA:0,(anonymous_23)
FNDA:0,(anonymous_24)
FNDA:0,(anonymous_25)
FNDA:0,(anonymous_26)
FNDA:0,getProjectAgentDir
FNDA:0,getUserAgentDir
FNDA:0,parseAgentConfig
FNDA:0,loadAgentConfig
FNDA:0,loadAgentMemory
DA:6,0
DA:7,0
DA:8,0
DA:12,0
DA:13,0
DA:16,0
DA:22,0
DA:24,0
DA:25,0
DA:26,0
DA:28,0
DA:30,0
DA:39,0
DA:40,0
DA:44,0
DA:45,0
DA:46,0
DA:50,0
DA:51,0
DA:52,0
DA:56,0
DA:57,0
DA:58,0
DA:61,0
DA:68,0
DA:69,0
DA:72,0
DA:73,0
DA:74,0
DA:76,0
DA:84,0
DA:86,0
DA:87,0
DA:90,0
DA:91,0
DA:92,0
DA:95,0
DA:96,0
DA:97,0
DA:99,0
DA:101,0
DA:102,0
DA:104,0
DA:105,0
DA:107,0
DA:108,0
DA:111,0
DA:113,0
DA:117,0
DA:118,0
DA:119,0
DA:121,0
DA:123,0
DA:125,0
DA:126,0
DA:129,0
DA:130,0
DA:131,0
DA:132,0
DA:134,0
DA:135,0
DA:136,0
DA:137,0
DA:144,0
DA:145,0
DA:148,0
DA:155,0
DA:156,0
DA:162,0
DA:163,0
DA:169,0
DA:170,0
DA:177,0
DA:178,0
DA:179,0
DA:182,0
DA:183,0
DA:185,0
DA:187,0
DA:188,0
DA:189,0
DA:195,0
DA:196,0
DA:205,0
DA:206,0
DA:208,0
DA:209,0
DA:212,0
DA:213,0
DA:214,0
DA:217,0
DA:218,0
DA:220,0
DA:222,0
DA:223,0
DA:224,0
DA:227,0
DA:228,0
DA:229,0
DA:231,0
DA:241,0
DA:247,0
DA:249,0
DA:251,0
DA:252,0
DA:254,0
DA:255,0
DA:256,0
DA:267,0
DA:272,0
DA:273,0
DA:274,0
DA:275,0
DA:278,0
DA:279,0
DA:282,0
DA:283,0
DA:284,0
DA:285,0
DA:291,0
DA:292,0
DA:293,0
DA:294,0
DA:295,0
DA:303,0
DA:304,0
DA:305,0
DA:311,0
DA:312,0
DA:313,0
DA:314,0
DA:315,0
DA:316,0
DA:320,0
DA:326,0
DA:327,0
DA:329,0
DA:330,0
DA:332,0
DA:333,0
DA:334,0
DA:338,0
DA:340,0
DA:344,0
DA:346,0
DA:347,0
DA:350,0
DA:351,0
DA:358,0
DA:359,0
DA:366,0
DA:367,0
DA:374,0
DA:375,0
LF:154
LH:0
BRDA:16,0,0,0
BRDA:16,0,1,0
BRDA:22,1,0,0
BRDA:22,1,1,0
BRDA:25,2,0,0
BRDA:25,2,1,0
BRDA:39,3,0,0
BRDA:39,3,1,0
BRDA:39,4,0,0
BRDA:39,4,1,0
BRDA:44,5,0,0
BRDA:44,5,1,0
BRDA:50,6,0,0
BRDA:50,6,1,0
BRDA:50,7,0,0
BRDA:50,7,1,0
BRDA:56,8,0,0
BRDA:56,8,1,0
BRDA:68,9,0,0
BRDA:68,9,1,0
BRDA:73,10,0,0
BRDA:73,10,1,0
BRDA:86,11,0,0
BRDA:86,11,1,0
BRDA:102,12,0,0
BRDA:102,12,1,0
BRDA:102,13,0,0
BRDA:102,13,1,0
BRDA:104,14,0,0
BRDA:104,14,1,0
BRDA:111,15,0,0
BRDA:111,15,1,0
BRDA:111,16,0,0
BRDA:111,16,1,0
BRDA:111,16,2,0
BRDA:111,16,3,0
BRDA:117,17,0,0
BRDA:117,17,1,0
BRDA:117,18,0,0
BRDA:117,18,1,0
BRDA:123,19,0,0
BRDA:123,19,1,0
BRDA:125,20,0,0
BRDA:125,20,1,0
BRDA:125,21,0,0
BRDA:125,21,1,0
BRDA:126,22,0,0
BRDA:126,22,1,0
BRDA:135,23,0,0
BRDA:135,23,1,0
BRDA:144,24,0,0
BRDA:144,24,1,0
BRDA:155,25,0,0
BRDA:155,25,1,0
BRDA:178,26,0,0
BRDA:178,26,1,0
BRDA:185,27,0,0
BRDA:185,27,1,0
BRDA:185,28,0,0
BRDA:185,28,1,0
BRDA:188,29,0,0
BRDA:188,29,1,0
BRDA:188,30,0,0
BRDA:188,30,1,0
BRDA:195,31,0,0
BRDA:195,31,1,0
BRDA:212,32,0,0
BRDA:212,32,1,0
BRDA:220,33,0,0
BRDA:220,33,1,0
BRDA:222,34,0,0
BRDA:222,34,1,0
BRDA:227,35,0,0
BRDA:227,35,1,0
BRDA:247,36,0,0
BRDA:247,36,1,0
BRDA:254,37,0,0
BRDA:254,37,1,0
BRDA:273,38,0,0
BRDA:273,38,1,0
BRDA:282,39,0,0
BRDA:282,39,1,0
BRDA:292,40,0,0
BRDA:292,40,1,0
BRDA:292,41,0,0
BRDA:292,41,1,0
BRDA:314,42,0,0
BRDA:314,42,1,0
BRDA:329,43,0,0
BRDA:329,43,1,0
BRDA:333,44,0,0
BRDA:333,44,1,0
BRDA:333,45,0,0
BRDA:333,45,1,0
BRF:94
BRH:0
end_of_record
TN:
SF:src\agent\context.ts
FN:19,safeTruncate
FN:39,buildCollaborationContext
FN:87,buildSystemPrompt
FN:125,getAvailableTools
FN:130,(anonymous_4)
FN:136,(anonymous_5)
FN:149,isSubagentMode
FN:158,getSubagentType
FNF:8
FNH:0
FNDA:0,safeTruncate
FNDA:0,buildCollaborationContext
FNDA:0,buildSystemPrompt
FNDA:0,getAvailableTools
FNDA:0,(anonymous_4)
FNDA:0,(anonymous_5)
FNDA:0,isSubagentMode
FNDA:0,getSubagentType
DA:8,0
DA:11,0
DA:20,0
DA:21,0
DA:24,0
DA:25,0
DA:26,0
DA:28,0
DA:39,0
DA:45,0
DA:48,0
DA:49,0
DA:50,0
DA:57,0
DA:58,0
DA:60,0
DA:61,0
DA:62,0
DA:63,0
DA:65,0
DA:70,0
DA:71,0
DA:75,0
DA:77,0
DA:88,0
DA:91,0
DA:92,0
DA:96,0
DA:97,0
DA:99,0
DA:100,0
DA:101,0
DA:103,0
DA:104,0
DA:107,0
DA:109,0
DA:110,0
DA:113,0
DA:116,0
DA:119,0
DA:125,0
DA:126,0
DA:129,0
DA:130,0
DA:134,0
DA:135,0
DA:136,0
DA:141,0
DA:149,0
DA:152,0
DA:158,0
DA:159,0
LF:52
LH:0
BRDA:20,0,0,0
BRDA:20,0,1,0
BRDA:25,1,0,0
BRDA:25,1,1,0
BRDA:48,2,0,0
BRDA:48,2,1,0
BRDA:52,3,0,0
BRDA:52,3,1,0
BRDA:62,4,0,0
BRDA:62,4,1,0
BRDA:70,5,0,0
BRDA:70,5,1,0
BRDA:91,6,0,0
BRDA:91,6,1,0
BRDA:96,7,0,0
BRDA:96,7,1,0
BRDA:103,8,0,0
BRDA:103,8,1,0
BRDA:107,9,0,0
BRDA:107,9,1,0
BRDA:110,10,0,0
BRDA:110,10,1,0
BRDA:129,11,0,0
BRDA:129,11,1,0
BRDA:135,12,0,0
BRDA:135,12,1,0
BRDA:141,13,0,0
BRDA:141,13,1,0
BRF:28
BRH:0
end_of_record
TN:
SF:src\agent\index.ts
FNF:0
FNH:0
DA:7,0
DA:8,0
DA:9,0
DA:10,0
LF:4
LH:0
BRF:0
BRH:0
end_of_record
TN:
SF:src\agent\parser.ts
FN:11,normalizeMessage
FN:30,parseAgentMentions
FN:55,(anonymous_2)
FN:74,hasAgentMention
FN:82,extractAgentNames
FNF:5
FNH:0
FNDA:0,normalizeMessage
FNDA:0,parseAgentMentions
FNDA:0,(anonymous_2)
FNDA:0,hasAgentMention
FNDA:0,extractAgentNames
DA:12,0
DA:13,0
DA:15,0
DA:16,0
DA:17,0
DA:19,0
DA:30,0
DA:32,0
DA:34,0
DA:35,0
DA:43,0
DA:44,0
DA:46,0
DA:47,0
DA:55,0
DA:58,0
DA:59,0
DA:62,0
DA:64,0
DA:74,0
DA:75,0
DA:76,0
DA:82,0
DA:83,0
DA:84,0
DA:85,0
DA:88,0
DA:89,0
DA:91,0
DA:92,0
DA:94,0
LF:31
LH:0
BRDA:12,0,0,0
BRDA:12,0,1,0
BRDA:12,1,0,0
BRDA:12,1,1,0
BRDA:15,2,0,0
BRDA:15,2,1,0
BRDA:34,3,0,0
BRDA:34,3,1,0
BRDA:46,4,0,0
BRDA:46,4,1,0
BRDA:84,5,0,0
BRDA:84,5,1,0
BRF:12
BRH:0
end_of_record
TN:
SF:src\agent\types.ts
FN:48,isValidAgentContext
FNF:1
FNH:0
FNDA:0,isValidAgentContext
DA:39,0
DA:40,0
DA:41,0
DA:42,0
DA:43,0
DA:48,0
DA:49,0
DA:51,0
DA:52,0
LF:9
LH:0
BRDA:49,0,0,0
BRDA:49,0,1,0
BRDA:49,1,0,0
BRDA:49,1,1,0
BRDA:53,2,0,0
BRDA:53,2,1,0
BRDA:53,2,2,0
BRDA:53,2,3,0
BRDA:53,2,4,0
BRDA:53,2,5,0
BRDA:53,2,6,0
BRF:11
BRH:0
end_of_record
TN:
SF:src\claude\engine.ts
FN:12,(anonymous_0)
FN:17,(anonymous_1)
FN:45,(anonymous_2)
FN:49,(anonymous_3)
FN:52,(anonymous_4)
FN:56,(anonymous_5)
FN:62,(anonymous_6)
FN:67,(anonymous_7)
FN:75,(anonymous_8)
FN:112,(anonymous_9)
FN:124,(anonymous_10)
FN:132,(anonymous_11)
FN:149,(anonymous_12)
FN:226,(anonymous_13)
FN:231,(anonymous_14)
FN:346,(anonymous_15)
FN:353,(anonymous_16)
FN:359,(anonymous_17)
FN:365,(anonymous_18)
FN:413,(anonymous_19)
FN:423,(anonymous_20)
FN:432,(anonymous_21)
FN:453,(anonymous_22)
FN:459,(anonymous_23)
FN:469,(anonymous_24)
FN:494,(anonymous_25)
FN:502,(anonymous_26)
FNF:27
FNH:0
FNDA:0,(anonymous_0)
FNDA:0,(anonymous_1)
FNDA:0,(anonymous_2)
FNDA:0,(anonymous_3)
FNDA:0,(anonymous_4)
FNDA:0,(anonymous_5)
FNDA:0,(anonymous_6)
FNDA:0,(anonymous_7)
FNDA:0,(anonymous_8)
FNDA:0,(anonymous_9)
FNDA:0,(anonymous_10)
FNDA:0,(anonymous_11)
FNDA:0,(anonymous_12)
FNDA:0,(anonymous_13)
FNDA:0,(anonymous_14)
FNDA:0,(anonymous_15)
FNDA:0,(anonymous_16)
FNDA:0,(anonymous_17)
FNDA:0,(anonymous_18)
FNDA:0,(anonymous_19)
FNDA:0,(anonymous_20)
FNDA:0,(anonymous_21)
FNDA:0,(anonymous_22)
FNDA:0,(anonymous_23)
FNDA:0,(anonymous_24)
FNDA:0,(anonymous_25)
FNDA:0,(anonymous_26)
DA:1,0
DA:2,0
DA:4,0
DA:6,0
DA:7,0
DA:8,0
DA:9,0
DA:10,0
DA:13,0
DA:18,0
DA:19,0
DA:20,0
DA:21,0
DA:24,0
DA:25,0
DA:26,0
DA:28,0
DA:29,0
DA:31,0
DA:32,0
DA:35,0
DA:38,0
DA:39,0
DA:41,0
DA:46,0
DA:50,0
DA:52,0
DA:53,0
DA:56,0
DA:57,0
DA:58,0
DA:59,0
DA:62,0
DA:63,0
DA:64,0
DA:65,0
DA:67,0
DA:68,0
DA:69,0
DA:70,0
DA:84,0
DA:87,0
DA:88,0
DA:89,0
DA:90,0
DA:91,0
DA:93,0
DA:94,0
DA:97,0
DA:98,0
DA:103,0
DA:105,0
DA:106,0
DA:109,0
DA:112,0
DA:113,0
DA:115,0
DA:121,0
DA:132,0
DA:134,0
DA:135,0
DA:136,0
DA:137,0
DA:141,0
DA:144,0
DA:145,0
DA:149,0
DA:150,0
DA:151,0
DA:154,0
DA:155,0
DA:156,0
DA:157,0
DA:159,0
DA:168,0
DA:169,0
DA:174,0
DA:175,0
DA:183,0
DA:189,0
DA:190,0
DA:194,0
DA:195,0
DA:199,0
DA:203,0
DA:206,0
DA:214,0
DA:215,0
DA:218,0
DA:219,0
DA:221,0
DA:222,0
DA:223,0
DA:224,0
DA:226,0
DA:227,0
DA:228,0
DA:231,0
DA:232,0
DA:233,0
DA:234,0
DA:235,0
DA:238,0
DA:239,0
DA:240,0
DA:241,0
DA:242,0
DA:243,0
DA:247,0
DA:248,0
DA:249,0
DA:252,0
DA:253,0
DA:255,0
DA:257,0
DA:258,0
DA:262,0
DA:263,0
DA:264,0
DA:268,0
DA:269,0
DA:270,0
DA:274,0
DA:275,0
DA:279,0
DA:280,0
DA:281,0
DA:282,0
DA:288,0
DA:289,0
DA:290,0
DA:295,0
DA:296,0
DA:298,0
DA:299,0
DA:300,0
DA:301,0
DA:305,0
DA:306,0
DA:308,0
DA:309,0
DA:310,0
DA:311,0
DA:312,0
DA:315,0
DA:316,0
DA:317,0
DA:318,0
DA:325,0
DA:326,0
DA:327,0
DA:328,0
DA:331,0
DA:332,0
DA:333,0
DA:337,0
DA:338,0
DA:346,0
DA:347,0
DA:348,0
DA:349,0
DA:353,0
DA:354,0
DA:355,0
DA:356,0
DA:359,0
DA:360,0
DA:361,0
DA:362,0
DA:365,0
DA:366,0
DA:367,0
DA:370,0
DA:371,0
DA:373,0
DA:374,0
DA:377,0
DA:378,0
DA:379,0
DA:383,0
DA:384,0
DA:385,0
DA:386,0
DA:388,0
DA:390,0
DA:394,0
DA:398,0
DA:399,0
DA:400,0
DA:402,0
DA:405,0
DA:418,0
DA:419,0
DA:423,0
DA:424,0
DA:425,0
DA:428,0
DA:429,0
DA:430,0
DA:432,0
DA:437,0
DA:438,0
DA:439,0
DA:441,0
DA:453,0
DA:454,0
DA:455,0
DA:459,0
DA:460,0
DA:461,0
DA:462,0
DA:463,0
DA:464,0
DA:469,0
DA:470,0
DA:471,0
DA:472,0
DA:476,0
DA:478,0
DA:479,0
DA:481,0
DA:484,0
DA:485,0
DA:487,0
DA:488,0
DA:490,0
DA:495,0
DA:497,0
DA:498,0
DA:503,0
LF:230
LH:0
BRDA:12,0,0,0
BRDA:18,1,0,0
BRDA:18,1,1,0
BRDA:24,2,0,0
BRDA:24,2,1,0
BRDA:50,3,0,0
BRDA:50,3,1,0
BRDA:84,4,0,0
BRDA:84,4,1,0
BRDA:90,5,0,0
BRDA:90,5,1,0
BRDA:97,6,0,0
BRDA:97,6,1,0
BRDA:98,7,0,0
BRDA:98,7,1,0
BRDA:98,7,2,0
BRDA:98,7,3,0
BRDA:103,8,0,0
BRDA:103,8,1,0
BRDA:103,9,0,0
BRDA:103,9,1,0
BRDA:121,10,0,0
BRDA:121,10,1,0
BRDA:141,11,0,0
BRDA:141,11,1,0
BRDA:144,12,0,0
BRDA:144,12,1,0
BRDA:144,13,0,0
BRDA:144,13,1,0
BRDA:156,14,0,0
BRDA:156,14,1,0
BRDA:168,15,0,0
BRDA:168,15,1,0
BRDA:174,16,0,0
BRDA:174,16,1,0
BRDA:186,17,0,0
BRDA:186,17,1,0
BRDA:189,18,0,0
BRDA:189,18,1,0
BRDA:194,19,0,0
BRDA:194,19,1,0
BRDA:194,20,0,0
BRDA:194,20,1,0
BRDA:238,21,0,0
BRDA:238,21,1,0
BRDA:238,22,0,0
BRDA:238,22,1,0
BRDA:239,23,0,0
BRDA:239,23,1,0
BRDA:239,23,2,0
BRDA:247,24,0,0
BRDA:247,24,1,0
BRDA:247,25,0,0
BRDA:247,25,1,0
BRDA:252,26,0,0
BRDA:252,26,1,0
BRDA:252,27,0,0
BRDA:252,27,1,0
BRDA:257,28,0,0
BRDA:257,28,1,0
BRDA:262,29,0,0
BRDA:262,29,1,0
BRDA:262,30,0,0
BRDA:262,30,1,0
BRDA:269,31,0,0
BRDA:269,31,1,0
BRDA:274,32,0,0
BRDA:274,32,1,0
BRDA:274,33,0,0
BRDA:274,33,1,0
BRDA:279,34,0,0
BRDA:279,34,1,0
BRDA:279,35,0,0
BRDA:279,35,1,0
BRDA:281,36,0,0
BRDA:281,36,1,0
BRDA:284,37,0,0
BRDA:284,37,1,0
BRDA:289,38,0,0
BRDA:289,38,1,0
BRDA:295,39,0,0
BRDA:295,39,1,0
BRDA:295,40,0,0
BRDA:295,40,1,0
BRDA:298,41,0,0
BRDA:298,41,1,0
BRDA:298,42,0,0
BRDA:298,42,1,0
BRDA:300,43,0,0
BRDA:300,43,1,0
BRDA:305,44,0,0
BRDA:305,44,1,0
BRDA:305,45,0,0
BRDA:305,45,1,0
BRDA:308,46,0,0
BRDA:308,46,1,0
BRDA:308,47,0,0
BRDA:308,47,1,0
BRDA:315,48,0,0
BRDA:315,48,1,0
BRDA:317,49,0,0
BRDA:317,49,1,0
BRDA:325,50,0,0
BRDA:325,50,1,0
BRDA:326,51,0,0
BRDA:326,51,1,0
BRDA:327,52,0,0
BRDA:327,52,1,0
BRDA:331,53,0,0
BRDA:331,53,1,0
BRDA:337,54,0,0
BRDA:337,54,1,0
BRDA:337,55,0,0
BRDA:337,55,1,0
BRDA:370,56,0,0
BRDA:370,56,1,0
BRDA:377,57,0,0
BRDA:377,57,1,0
BRDA:377,58,0,0
BRDA:377,58,1,0
BRDA:377,58,2,0
BRDA:383,59,0,0
BRDA:383,59,1,0
BRDA:385,60,0,0
BRDA:385,60,1,0
BRDA:399,61,0,0
BRDA:399,61,1,0
BRDA:418,62,0,0
BRDA:418,62,1,0
BRDA:454,63,0,0
BRDA:454,63,1,0
BRDA:460,64,0,0
BRDA:460,64,1,0
BRDA:461,65,0,0
BRDA:461,65,1,0
BRDA:463,66,0,0
BRDA:463,66,1,0
BRDA:471,67,0,0
BRDA:471,67,1,0
BRDA:478,68,0,0
BRDA:478,68,1,0
BRDA:487,69,0,0
BRDA:487,69,1,0
BRDA:497,70,0,0
BRDA:497,70,1,0
BRF:145
BRH:0
end_of_record
TN:
SF:src\claude\index.ts
FN:1,(anonymous_4)
FN:2,(anonymous_5)
FN:3,(anonymous_6)
FNF:3
FNH:0
FNDA:0,(anonymous_4)
FNDA:0,(anonymous_5)
FNDA:0,(anonymous_6)
DA:1,0
DA:2,0
DA:3,0
DA:4,0
LF:4
LH:0
BRF:0
BRH:0
end_of_record
TN:
SF:src\claude\session.ts
FN:10,(anonymous_0)
FN:15,(anonymous_1)
FN:22,(anonymous_2)
FN:33,(anonymous_3)
FN:42,(anonymous_4)
FN:65,(anonymous_5)
FN:82,(anonymous_6)
FN:95,(anonymous_7)
FN:104,(anonymous_8)
FN:120,(anonymous_9)
FN:124,(anonymous_10)
FN:128,(anonymous_11)
FN:132,(anonymous_12)
FN:140,(anonymous_13)
FN:150,(anonymous_14)
FN:155,(anonymous_15)
FN:163,(anonymous_16)
FN:171,(anonymous_17)
FNF:18
FNH:16
FNDA:20,(anonymous_0)
FNDA:20,(anonymous_1)
FNDA:12,(anonymous_2)
FNDA:1,(anonymous_3)
FNDA:1,(anonymous_4)
FNDA:2,(anonymous_5)
FNDA:1,(anonymous_6)
FNDA:0,(anonymous_7)
FNDA:5,(anonymous_8)
FNDA:12,(anonymous_9)
FNDA:2,(anonymous_10)
FNDA:1,(anonymous_11)
FNDA:1,(anonymous_12)
FNDA:1,(anonymous_13)
FNDA:1,(anonymous_14)
FNDA:2,(anonymous_15)
FNDA:1,(anonymous_16)
FNDA:0,(anonymous_17)
DA:1,1
DA:2,1
DA:4,1
DA:6,20
DA:7,20
DA:8,20
DA:11,20
DA:12,20
DA:16,20
DA:17,20
DA:18,0
DA:23,12
DA:24,12
DA:25,12
DA:27,12
DA:28,12
DA:29,12
DA:34,1
DA:35,1
DA:36,1
DA:37,1
DA:38,1
DA:43,1
DA:45,1
DA:48,1
DA:49,1
DA:51,1
DA:52,1
DA:53,1
DA:54,1
DA:57,0
DA:58,0
DA:59,0
DA:60,0
DA:62,1
DA:67,2
DA:68,2
DA:70,2
DA:71,2
DA:72,1
DA:75,2
DA:76,1
DA:78,2
DA:87,1
DA:88,1
DA:89,1
DA:90,1
DA:92,1
DA:96,0
DA:97,0
DA:98,0
DA:99,0
DA:101,0
DA:105,5
DA:107,1
DA:109,5
DA:110,5
DA:111,5
DA:113,5
DA:114,4
DA:121,12
DA:125,2
DA:129,1
DA:133,1
DA:134,1
DA:136,1
DA:137,1
DA:142,1
DA:143,1
DA:144,1
DA:147,1
DA:151,1
DA:156,2
DA:157,1
DA:159,1
DA:164,1
DA:165,1
DA:172,0
DA:173,0
DA:174,0
DA:175,0
LF:81
LH:67
BRDA:23,0,0,12
BRDA:23,0,1,2
BRDA:34,1,0,1
BRDA:34,1,1,1
BRDA:43,2,0,0
BRDA:43,2,1,1
BRDA:49,3,0,1
BRDA:49,3,1,0
BRDA:67,4,0,2
BRDA:67,4,1,2
BRDA:68,5,0,2
BRDA:68,5,1,0
BRDA:71,6,0,1
BRDA:71,6,1,1
BRDA:75,7,0,1
BRDA:75,7,1,1
BRDA:84,8,0,0
BRDA:88,9,0,1
BRDA:88,9,1,0
BRDA:97,10,0,0
BRDA:97,10,1,0
BRDA:105,11,0,1
BRDA:105,11,1,4
BRDA:109,12,0,5
BRDA:109,12,1,0
BRDA:113,13,0,4
BRDA:113,13,1,1
BRDA:113,14,0,5
BRDA:113,14,1,4
BRDA:125,15,0,2
BRDA:125,15,1,1
BRDA:133,16,0,1
BRDA:133,16,1,0
BRDA:143,17,0,1
BRDA:143,17,1,0
BRDA:156,18,0,1
BRDA:156,18,1,1
BRDA:164,19,0,1
BRDA:164,19,1,0
BRF:39
BRH:28
end_of_record
TN:
SF:src\claude\storage.ts
FN:19,pathToClaudeDir
FN:42,claudeDirToPath
FN:74,(anonymous_3)
FN:84,(anonymous_4)
FN:97,(anonymous_5)
FN:152,(anonymous_6)
FN:162,(anonymous_7)
FN:211,(anonymous_8)
FN:213,(anonymous_9)
FN:307,(anonymous_10)
FN:386,(anonymous_11)
FN:393,(anonymous_12)
FN:402,(anonymous_13)
FN:418,(anonymous_14)
FN:461,(anonymous_15)
FN:467,(anonymous_16)
FN:469,(anonymous_17)
FN:472,(anonymous_18)
FN:475,(anonymous_19)
FN:478,(anonymous_20)
FN:479,(anonymous_21)
FN:487,(anonymous_22)
FN:496,(anonymous_23)
FN:505,(anonymous_24)
FN:509,(anonymous_25)
FN:543,(anonymous_26)
FN:548,(anonymous_27)
FN:552,(anonymous_28)
FN:557,(anonymous_29)
FN:577,(anonymous_30)
FN:592,(anonymous_31)
FN:615,(anonymous_32)
FN:621,(anonymous_33)
FN:628,(anonymous_34)
FN:692,(anonymous_35)
FN:698,(anonymous_36)
FN:708,(anonymous_37)
FN:723,(anonymous_38)
FN:735,(anonymous_39)
FN:743,(anonymous_40)
FN:746,(anonymous_41)
FNF:41
FNH:26
FNDA:14,pathToClaudeDir
FNDA:49,claudeDirToPath
FNDA:14,(anonymous_3)
FNDA:14,(anonymous_4)
FNDA:6,(anonymous_5)
FNDA:0,(anonymous_6)
FNDA:0,(anonymous_7)
FNDA:1250,(anonymous_8)
FNDA:1250,(anonymous_9)
FNDA:0,(anonymous_10)
FNDA:0,(anonymous_11)
FNDA:1,(anonymous_12)
FNDA:2,(anonymous_13)
FNDA:100,(anonymous_14)
FNDA:5,(anonymous_15)
FNDA:4,(anonymous_16)
FNDA:4,(anonymous_17)
FNDA:4,(anonymous_18)
FNDA:2,(anonymous_19)
FNDA:0,(anonymous_20)
FNDA:0,(anonymous_21)
FNDA:2,(anonymous_22)
FNDA:1,(anonymous_23)
FNDA:2,(anonymous_24)
FNDA:1,(anonymous_25)
FNDA:2,(anonymous_26)
FNDA:2,(anonymous_27)
FNDA:0,(anonymous_28)
FNDA:1,(anonymous_29)
FNDA:1,(anonymous_30)
FNDA:99,(anonymous_31)
FNDA:82,(anonymous_32)
FNDA:1,(anonymous_33)
FNDA:0,(anonymous_34)
FNDA:0,(anonymous_35)
FNDA:0,(anonymous_36)
FNDA:0,(anonymous_37)
FNDA:0,(anonymous_38)
FNDA:0,(anonymous_39)
FNDA:0,(anonymous_40)
FNDA:0,(anonymous_41)
DA:1,2
DA:2,2
DA:3,2
DA:7,2
DA:8,2
DA:22,14
DA:25,14
DA:26,14
DA:27,14
DA:28,14
DA:29,14
DA:33,0
DA:34,0
DA:38,0
DA:44,49
DA:45,49
DA:46,48
DA:47,48
DA:48,48
DA:52,1
DA:70,2
DA:76,14
DA:77,14
DA:78,14
DA:79,14
DA:80,14
DA:81,14
DA:85,14
DA:86,0
DA:88,14
DA:89,0
DA:91,14
DA:92,14
DA:98,6
DA:99,6
DA:100,6
DA:102,6
DA:103,6
DA:104,6
DA:105,6
DA:106,6
DA:107,6
DA:108,6
DA:109,6
DA:111,6
DA:112,104
DA:114,104
DA:115,104
DA:118,104
DA:119,6
DA:124,104
DA:125,6
DA:129,104
DA:130,0
DA:134,104
DA:135,104
DA:136,6
DA:138,104
DA:139,98
DA:143,104
DA:144,0
DA:148,104
DA:150,54
DA:151,0
DA:152,0
DA:154,0
DA:155,0
DA:160,54
DA:162,0
DA:167,54
DA:169,0
DA:172,54
DA:178,54
DA:179,54
DA:182,54
DA:183,6
DA:188,104
DA:189,50
DA:190,50
DA:192,50
DA:193,50
DA:195,50
DA:196,50
DA:198,0
DA:199,0
DA:200,0
DA:202,0
DA:203,0
DA:209,50
DA:211,1250
DA:213,50
DA:214,1250
DA:218,50
DA:221,50
DA:222,0
DA:225,50
DA:232,50
DA:233,50
DA:236,0
DA:237,0
DA:238,0
DA:240,0
DA:242,0
DA:244,0
DA:245,0
DA:247,0
DA:250,0
DA:252,0
DA:253,0
DA:254,0
DA:255,0
DA:257,0
DA:263,0
DA:264,0
DA:267,0
DA:273,0
DA:274,0
DA:279,104
DA:280,0
DA:287,6
DA:288,0
DA:291,6
DA:301,0
DA:302,0
DA:308,0
DA:309,0
DA:310,0
DA:311,0
DA:313,0
DA:314,0
DA:316,0
DA:317,0
DA:332,0
DA:333,0
DA:335,0
DA:336,0
DA:337,0
DA:338,0
DA:342,0
DA:343,0
DA:362,0
DA:363,0
DA:383,0
DA:389,0
DA:390,0
DA:394,1
DA:395,1
DA:396,1
DA:398,0
DA:407,2
DA:408,2
DA:409,0
DA:412,2
DA:413,2
DA:414,0
DA:418,2
DA:419,100
DA:420,0
DA:422,100
DA:425,2
DA:434,2
DA:436,1
DA:437,1
DA:440,1
DA:441,1
DA:445,2
DA:446,2
DA:448,2
DA:462,5
DA:463,0
DA:466,5
DA:467,4
DA:469,5
DA:470,4
DA:471,4
DA:472,4
DA:475,5
DA:479,0
DA:488,2
DA:489,2
DA:490,1
DA:491,1
DA:493,1
DA:497,1
DA:498,1
DA:499,0
DA:502,1
DA:504,1
DA:505,2
DA:508,1
DA:509,1
DA:510,1
DA:511,1
DA:512,1
DA:513,0
DA:514,0
DA:519,1
DA:523,1
DA:524,1
DA:530,1
DA:534,1
DA:535,1
DA:536,1
DA:538,0
DA:539,0
DA:544,2
DA:545,2
DA:549,2
DA:553,0
DA:558,1
DA:559,1
DA:560,1
DA:562,1
DA:563,0
DA:564,0
DA:565,0
DA:569,1
DA:578,1
DA:579,0
DA:582,1
DA:583,1
DA:585,1
DA:586,49
DA:588,49
DA:589,49
DA:591,49
DA:592,99
DA:593,49
DA:595,49
DA:596,68
DA:597,68
DA:598,68
DA:599,17
DA:603,49
DA:610,0
DA:615,82
DA:622,1
DA:624,1
DA:625,1
DA:628,0
DA:629,0
DA:631,0
DA:632,0
DA:633,0
DA:635,0
DA:636,0
DA:637,0
DA:638,0
DA:639,0
DA:640,0
DA:642,0
DA:643,0
DA:644,0
DA:645,0
DA:647,0
DA:648,0
DA:649,0
DA:650,0
DA:655,0
DA:656,0
DA:659,0
DA:660,0
DA:662,0
DA:663,0
DA:669,0
DA:670,0
DA:678,0
DA:679,0
DA:687,0
DA:692,0
DA:699,0
DA:700,0
DA:701,0
DA:702,0
DA:714,0
DA:715,0
DA:716,0
DA:717,0
DA:724,0
DA:725,0
DA:726,0
DA:727,0
DA:729,0
DA:736,0
DA:737,0
DA:738,0
DA:741,0
DA:742,0
DA:743,0
DA:745,0
DA:746,0
DA:747,0
DA:748,0
DA:749,0
DA:750,0
DA:751,0
DA:756,0
DA:759,0
DA:760,0
DA:766,0
DA:769,0
DA:770,0
DA:771,0
DA:773,0
DA:774,0
LF:305
LH:159
BRDA:26,0,0,14
BRDA:26,0,1,0
BRDA:33,1,0,0
BRDA:33,1,1,0
BRDA:45,2,0,48
BRDA:45,2,1,1
BRDA:76,3,0,14
BRDA:76,3,1,0
BRDA:85,4,0,0
BRDA:85,4,1,14
BRDA:88,5,0,0
BRDA:88,5,1,14
BRDA:91,6,0,14
BRDA:91,6,1,0
BRDA:112,7,0,0
BRDA:112,7,1,104
BRDA:118,8,0,6
BRDA:118,8,1,98
BRDA:118,9,0,104
BRDA:118,9,1,104
BRDA:124,10,0,6
BRDA:124,10,1,98
BRDA:124,11,0,104
BRDA:124,11,1,104
BRDA:129,12,0,0
BRDA:129,12,1,104
BRDA:129,13,0,104
BRDA:129,13,1,0
BRDA:135,14,0,6
BRDA:135,14,1,98
BRDA:138,15,0,98
BRDA:138,15,1,6
BRDA:143,16,0,0
BRDA:143,16,1,104
BRDA:148,17,0,54
BRDA:148,17,1,50
BRDA:148,18,0,104
BRDA:148,18,1,54
BRDA:150,19,0,0
BRDA:150,19,1,54
BRDA:154,20,0,0
BRDA:154,20,1,0
BRDA:160,21,0,54
BRDA:160,21,1,0
BRDA:162,22,0,0
BRDA:162,22,1,0
BRDA:167,23,0,0
BRDA:167,23,1,54
BRDA:167,24,0,54
BRDA:167,24,1,54
BRDA:167,24,2,54
BRDA:173,25,0,54
BRDA:173,25,1,2
BRDA:182,26,0,6
BRDA:182,26,1,48
BRDA:182,27,0,54
BRDA:182,27,1,6
BRDA:188,28,0,50
BRDA:188,28,1,54
BRDA:188,29,0,104
BRDA:188,29,1,50
BRDA:195,30,0,50
BRDA:195,30,1,0
BRDA:199,31,0,0
BRDA:199,31,1,0
BRDA:199,32,0,0
BRDA:199,32,1,0
BRDA:202,33,0,0
BRDA:202,33,1,0
BRDA:202,34,0,0
BRDA:202,34,1,0
BRDA:209,35,0,50
BRDA:209,35,1,50
BRDA:209,35,2,50
BRDA:211,36,0,50
BRDA:211,36,1,0
BRDA:211,37,0,50
BRDA:211,37,1,50
BRDA:214,38,0,1250
BRDA:214,38,1,1250
BRDA:218,39,0,50
BRDA:218,39,1,0
BRDA:221,40,0,0
BRDA:221,40,1,50
BRDA:221,41,0,50
BRDA:221,41,1,0
BRDA:226,42,0,50
BRDA:226,42,1,0
BRDA:228,43,0,0
BRDA:228,43,1,50
BRDA:237,44,0,0
BRDA:237,44,1,0
BRDA:238,45,0,0
BRDA:238,45,1,0
BRDA:240,46,0,0
BRDA:240,46,1,0
BRDA:240,47,0,0
BRDA:240,47,1,0
BRDA:242,48,0,0
BRDA:242,48,1,0
BRDA:250,49,0,0
BRDA:250,49,1,0
BRDA:250,50,0,0
BRDA:250,50,1,0
BRDA:252,51,0,0
BRDA:252,51,1,0
BRDA:263,52,0,0
BRDA:263,52,1,0
BRDA:263,53,0,0
BRDA:263,53,1,0
BRDA:268,54,0,0
BRDA:268,54,1,0
BRDA:270,55,0,0
BRDA:270,55,1,0
BRDA:279,56,0,0
BRDA:279,56,1,104
BRDA:279,57,0,104
BRDA:279,57,1,0
BRDA:287,58,0,0
BRDA:287,58,1,6
BRDA:297,59,0,6
BRDA:297,59,1,0
BRDA:298,60,0,6
BRDA:298,60,1,6
BRDA:316,61,0,0
BRDA:316,61,1,0
BRDA:336,62,0,0
BRDA:336,62,1,0
BRDA:342,63,0,0
BRDA:342,63,1,0
BRDA:362,64,0,0
BRDA:362,64,1,0
BRDA:367,65,0,0
BRDA:367,65,1,0
BRDA:395,66,0,1
BRDA:395,66,1,0
BRDA:402,67,0,0
BRDA:408,68,0,0
BRDA:408,68,1,2
BRDA:413,69,0,0
BRDA:413,69,1,2
BRDA:419,70,0,0
BRDA:419,70,1,100
BRDA:419,71,0,100
BRDA:419,71,1,100
BRDA:434,72,0,1
BRDA:434,72,1,1
BRDA:462,73,0,0
BRDA:462,73,1,5
BRDA:472,74,0,4
BRDA:472,74,1,4
BRDA:489,75,0,1
BRDA:489,75,1,1
BRDA:498,76,0,0
BRDA:498,76,1,1
BRDA:512,77,0,0
BRDA:512,77,1,1
BRDA:523,78,0,1
BRDA:523,78,1,0
BRDA:545,79,0,1
BRDA:545,79,1,1
BRDA:563,80,0,0
BRDA:563,80,1,0
BRDA:578,81,0,0
BRDA:578,81,1,1
BRDA:586,82,0,0
BRDA:586,82,1,49
BRDA:598,83,0,17
BRDA:598,83,1,51
BRDA:624,84,0,1
BRDA:624,84,1,0
BRDA:643,85,0,0
BRDA:643,85,1,0
BRDA:647,86,0,0
BRDA:647,86,1,0
BRDA:649,87,0,0
BRDA:649,87,1,0
BRDA:655,88,0,0
BRDA:655,88,1,0
BRDA:655,89,0,0
BRDA:655,89,1,0
BRDA:659,90,0,0
BRDA:659,90,1,0
BRDA:659,91,0,0
BRDA:659,91,1,0
BRDA:662,92,0,0
BRDA:662,92,1,0
BRDA:662,93,0,0
BRDA:662,93,1,0
BRDA:662,93,2,0
BRDA:663,94,0,0
BRDA:663,94,1,0
BRDA:669,95,0,0
BRDA:669,95,1,0
BRDA:678,96,0,0
BRDA:678,96,1,0
BRDA:711,97,0,0
BRDA:725,98,0,0
BRDA:725,98,1,0
BRDA:737,99,0,0
BRDA:737,99,1,0
BRDA:749,100,0,0
BRDA:749,100,1,0
BRDA:759,101,0,0
BRDA:759,101,1,0
BRF:205
BRH:86
end_of_record
TN:
SF:src\claude\types.ts
FN:77,createMessage
FN:87,createSession
FNF:2
FNH:1
FNDA:0,createMessage
FNDA:13,createSession
DA:1,1
DA:77,1
DA:78,0
DA:87,1
DA:88,13
DA:97,1
LF:6
LH:5
BRDA:87,0,0,0
BRF:1
BRH:0
end_of_record
TN:
SF:src\evolver-adapter\index.ts
FN:32,generateClaudeCodeGenes
FN:100,generateClaudeCodeCapsules
FN:128,initEvolverAssets
FN:163,generateEvolverPrompt
FN:174,(anonymous_13)
FN:186,(anonymous_14)
FN:202,generateEvolutionSuggestions
FN:206,(anonymous_16)
FN:211,(anonymous_17)
FN:216,(anonymous_18)
FN:231,runEvolverAnalysis
FN:251,(anonymous_20)
FN:271,(anonymous_21)
FN:283,(anonymous_22)
FN:284,(anonymous_23)
FNF:15
FNH:0
FNDA:0,generateClaudeCodeGenes
FNDA:0,generateClaudeCodeCapsules
FNDA:0,initEvolverAssets
FNDA:0,generateEvolverPrompt
FNDA:0,(anonymous_13)
FNDA:0,(anonymous_14)
FNDA:0,generateEvolutionSuggestions
FNDA:0,(anonymous_16)
FNDA:0,(anonymous_17)
FNDA:0,(anonymous_18)
FNDA:0,runEvolverAnalysis
FNDA:0,(anonymous_20)
FNDA:0,(anonymous_21)
FNDA:0,(anonymous_22)
FNDA:0,(anonymous_23)
DA:6,0
DA:7,0
DA:8,0
DA:11,0
DA:32,0
DA:33,0
DA:100,0
DA:101,0
DA:128,0
DA:129,0
DA:132,0
DA:135,0
DA:136,0
DA:141,0
DA:144,0
DA:145,0
DA:150,0
DA:153,0
DA:154,0
DA:155,0
DA:156,0
DA:163,0
DA:164,0
DA:165,0
DA:167,0
DA:174,0
DA:186,0
DA:196,0
DA:203,0
DA:206,0
DA:207,0
DA:208,0
DA:211,0
DA:212,0
DA:213,0
DA:216,0
DA:217,0
DA:218,0
DA:221,0
DA:222,0
DA:225,0
DA:231,0
DA:236,0
DA:238,0
DA:241,0
DA:244,0
DA:245,0
DA:248,0
DA:249,0
DA:250,0
DA:251,0
DA:252,0
DA:255,0
DA:256,0
DA:257,0
DA:258,0
DA:259,0
DA:260,0
DA:261,0
DA:262,0
DA:266,0
DA:267,0
DA:268,0
DA:269,0
DA:270,0
DA:271,0
DA:272,0
DA:276,0
DA:277,0
DA:281,0
DA:282,0
DA:283,0
DA:284,0
DA:285,0
DA:287,0
DA:294,0
LF:76
LH:0
BRDA:11,0,0,0
BRDA:11,0,1,0
BRDA:129,1,0,0
BRDA:129,1,1,0
BRDA:154,2,0,0
BRDA:154,2,1,0
BRDA:174,3,0,0
BRDA:174,3,1,0
BRDA:206,4,0,0
BRDA:206,4,1,0
BRDA:207,5,0,0
BRDA:207,5,1,0
BRDA:212,6,0,0
BRDA:212,6,1,0
BRDA:216,7,0,0
BRDA:216,7,1,0
BRDA:217,8,0,0
BRDA:217,8,1,0
BRDA:221,9,0,0
BRDA:221,9,1,0
BRDA:231,10,0,0
BRDA:236,11,0,0
BRDA:236,12,0,0
BRDA:255,13,0,0
BRDA:255,13,1,0
BRDA:269,14,0,0
BRDA:269,14,1,0
BRDA:281,15,0,0
BRDA:281,15,1,0
BRDA:284,16,0,0
BRDA:284,16,1,0
BRF:31
BRH:0
end_of_record
TN:
SF:src\evolver-adapter\integrate.ts
FN:27,mergeGenes
FN:43,(anonymous_10)
FN:50,(anonymous_11)
FN:70,mergeCapsules
FN:86,(anonymous_13)
FN:111,copyLogsToEvolver
FN:129,createMemoryStructure
FN:154,createEnvFile
FN:186,integrate
FN:253,runEvolver
FN:282,(anonymous_19)
FNF:11
FNH:0
FNDA:0,mergeGenes
FNDA:0,(anonymous_10)
FNDA:0,(anonymous_11)
FNDA:0,mergeCapsules
FNDA:0,(anonymous_13)
FNDA:0,copyLogsToEvolver
FNDA:0,createMemoryStructure
FNDA:0,createEnvFile
FNDA:0,integrate
FNDA:0,runEvolver
FNDA:0,(anonymous_19)
DA:6,0
DA:7,0
DA:8,0
DA:9,0
DA:12,0
DA:15,0
DA:28,0
DA:30,0
DA:31,0
DA:32,0
DA:33,0
DA:35,0
DA:36,0
DA:38,0
DA:43,0
DA:44,0
DA:46,0
DA:50,0
DA:56,0
DA:57,0
DA:58,0
DA:60,0
DA:64,0
DA:71,0
DA:73,0
DA:74,0
DA:75,0
DA:76,0
DA:78,0
DA:79,0
DA:81,0
DA:86,0
DA:87,0
DA:89,0
DA:97,0
DA:98,0
DA:99,0
DA:101,0
DA:105,0
DA:112,0
DA:113,0
DA:116,0
DA:119,0
DA:120,0
DA:121,0
DA:122,0
DA:130,0
DA:131,0
DA:133,0
DA:136,0
DA:137,0
DA:138,0
DA:147,0
DA:155,0
DA:157,0
DA:179,0
DA:180,0
DA:186,0
DA:188,0
DA:189,0
DA:190,0
DA:192,0
DA:199,0
DA:200,0
DA:201,0
DA:202,0
DA:205,0
DA:206,0
DA:207,0
DA:208,0
DA:209,0
DA:213,0
DA:214,0
DA:220,0
DA:221,0
DA:222,0
DA:225,0
DA:226,0
DA:227,0
DA:230,0
DA:231,0
DA:234,0
DA:235,0
DA:238,0
DA:239,0
DA:241,0
DA:242,0
DA:243,0
DA:244,0
DA:245,0
DA:246,0
DA:247,0
DA:253,0
DA:254,0
DA:256,0
DA:258,0
DA:259,0
DA:268,0
DA:273,0
DA:274,0
DA:275,0
DA:277,0
DA:278,0
DA:279,0
DA:282,0
DA:283,0
DA:287,0
LF:107
LH:0
BRDA:15,0,0,0
BRDA:15,0,1,0
BRDA:15,1,0,0
BRDA:15,1,1,0
BRDA:15,1,2,0
BRDA:31,2,0,0
BRDA:31,2,1,0
BRDA:35,3,0,0
BRDA:35,3,1,0
BRDA:53,4,0,0
BRDA:53,4,1,0
BRDA:56,5,0,0
BRDA:56,5,1,0
BRDA:74,6,0,0
BRDA:74,6,1,0
BRDA:78,7,0,0
BRDA:78,7,1,0
BRDA:97,8,0,0
BRDA:97,8,1,0
BRDA:120,9,0,0
BRDA:120,9,1,0
BRDA:137,10,0,0
BRDA:137,10,1,0
BRDA:186,11,0,0
BRDA:188,12,0,0
BRDA:188,12,1,0
BRDA:189,13,0,0
BRDA:189,13,1,0
BRDA:190,14,0,0
BRDA:190,14,1,0
BRDA:205,15,0,0
BRDA:205,15,1,0
BRDA:253,16,0,0
BRDA:253,17,0,0
BRDA:256,18,0,0
BRDA:256,18,1,0
BRDA:273,19,0,0
BRDA:273,19,1,0
BRDA:277,20,0,0
BRDA:277,20,1,0
BRF:40
BRH:0
end_of_record
TN:
SF:src\evolver-adapter\logConverter.ts
FN:34,parseHistoryLog
FN:72,parseDebugLogs
FN:81,(anonymous_11)
FN:107,parseDebugLine
FN:145,parseTranscripts
FN:154,(anonymous_14)
FN:190,convertAllLogs
FN:232,generateEvolverLog
FN:236,(anonymous_17)
FN:241,(anonymous_18)
FN:247,extractErrorSignals
FN:249,(anonymous_20)
FN:257,(anonymous_21)
FN:258,(anonymous_22)
FN:270,(anonymous_23)
FNF:15
FNH:0
FNDA:0,parseHistoryLog
FNDA:0,parseDebugLogs
FNDA:0,(anonymous_11)
FNDA:0,parseDebugLine
FNDA:0,parseTranscripts
FNDA:0,(anonymous_14)
FNDA:0,convertAllLogs
FNDA:0,generateEvolverLog
FNDA:0,(anonymous_17)
FNDA:0,(anonymous_18)
FNDA:0,extractErrorSignals
FNDA:0,(anonymous_20)
FNDA:0,(anonymous_21)
FNDA:0,(anonymous_22)
FNDA:0,(anonymous_23)
DA:6,0
DA:7,0
DA:10,0
DA:34,0
DA:35,0
DA:36,0
DA:38,0
DA:39,0
DA:40,0
DA:43,0
DA:44,0
DA:46,0
DA:47,0
DA:48,0
DA:50,0
DA:66,0
DA:72,0
DA:73,0
DA:74,0
DA:76,0
DA:77,0
DA:78,0
DA:81,0
DA:83,0
DA:85,0
DA:86,0
DA:89,0
DA:90,0
DA:91,0
DA:93,0
DA:94,0
DA:95,0
DA:96,0
DA:101,0
DA:109,0
DA:111,0
DA:112,0
DA:115,0
DA:119,0
DA:120,0
DA:121,0
DA:122,0
DA:123,0
DA:124,0
DA:126,0
DA:129,0
DA:145,0
DA:146,0
DA:147,0
DA:149,0
DA:150,0
DA:151,0
DA:154,0
DA:156,0
DA:157,0
DA:158,0
DA:159,0
DA:161,0
DA:162,0
DA:163,0
DA:166,0
DA:167,0
DA:184,0
DA:190,0
DA:191,0
DA:194,0
DA:195,0
DA:196,0
DA:198,0
DA:201,0
DA:203,0
DA:204,0
DA:205,0
DA:206,0
DA:208,0
DA:212,0
DA:213,0
DA:226,0
DA:232,0
DA:233,0
DA:236,0
DA:238,0
DA:239,0
DA:240,0
DA:241,0
DA:247,0
DA:248,0
DA:249,0
DA:255,0
DA:256,0
DA:257,0
DA:258,0
DA:260,0
DA:261,0
DA:262,0
DA:264,0
DA:267,0
DA:268,0
DA:269,0
DA:270,0
DA:271,0
DA:273,0
DA:274,0
DA:279,0
LF:104
LH:0
BRDA:10,0,0,0
BRDA:10,0,1,0
BRDA:10,1,0,0
BRDA:10,1,1,0
BRDA:10,1,2,0
BRDA:38,2,0,0
BRDA:38,2,1,0
BRDA:76,3,0,0
BRDA:76,3,1,0
BRDA:85,4,0,0
BRDA:85,4,1,0
BRDA:85,5,0,0
BRDA:85,5,1,0
BRDA:95,6,0,0
BRDA:95,6,1,0
BRDA:111,7,0,0
BRDA:111,7,1,0
BRDA:119,8,0,0
BRDA:119,8,1,0
BRDA:121,9,0,0
BRDA:121,9,1,0
BRDA:121,10,0,0
BRDA:121,10,1,0
BRDA:123,11,0,0
BRDA:123,11,1,0
BRDA:123,12,0,0
BRDA:123,12,1,0
BRDA:149,13,0,0
BRDA:149,13,1,0
BRDA:166,14,0,0
BRDA:166,14,1,0
BRDA:166,15,0,0
BRDA:166,15,1,0
BRDA:204,16,0,0
BRDA:204,16,1,0
BRDA:205,17,0,0
BRDA:205,17,1,0
BRDA:255,18,0,0
BRDA:255,18,1,0
BRDA:258,19,0,0
BRDA:258,19,1,0
BRDA:262,20,0,0
BRDA:262,20,1,0
BRDA:268,21,0,0
BRDA:268,21,1,0
BRDA:273,22,0,0
BRDA:273,22,1,0
BRF:47
BRH:0
end_of_record
TN:
SF:src\handlers\claude.ts
FN:13,(anonymous_0)
FN:22,(anonymous_1)
FN:27,(anonymous_2)
FN:172,(anonymous_3)
FN:204,(anonymous_4)
FN:231,(anonymous_5)
FN:290,(anonymous_6)
FN:367,(anonymous_7)
FN:410,(anonymous_8)
FN:476,(anonymous_9)
FN:489,(anonymous_10)
FNF:11
FNH:0
FNDA:0,(anonymous_0)
FNDA:0,(anonymous_1)
FNDA:0,(anonymous_2)
FNDA:0,(anonymous_3)
FNDA:0,(anonymous_4)
FNDA:0,(anonymous_5)
FNDA:0,(anonymous_6)
FNDA:0,(anonymous_7)
FNDA:0,(anonymous_8)
FNDA:0,(anonymous_9)
FNDA:0,(anonymous_10)
DA:2,0
DA:3,0
DA:4,0
DA:5,0
DA:7,0
DA:14,0
DA:15,0
DA:16,0
DA:17,0
DA:18,0
DA:23,0
DA:24,0
DA:41,0
DA:42,0
DA:44,0
DA:46,0
DA:48,0
DA:56,0
DA:60,0
DA:64,0
DA:65,0
DA:67,0
DA:68,0
DA:69,0
DA:70,0
DA:72,0
DA:73,0
DA:76,0
DA:78,0
DA:80,0
DA:83,0
DA:91,0
DA:93,0
DA:95,0
DA:96,0
DA:97,0
DA:109,0
DA:110,0
DA:111,0
DA:112,0
DA:114,0
DA:116,0
DA:118,0
DA:120,0
DA:121,0
DA:125,0
DA:126,0
DA:128,0
DA:131,0
DA:132,0
DA:134,0
DA:138,0
DA:139,0
DA:140,0
DA:141,0
DA:142,0
DA:145,0
DA:146,0
DA:149,0
DA:150,0
DA:151,0
DA:154,0
DA:155,0
DA:157,0
DA:159,0
DA:160,0
DA:161,0
DA:162,0
DA:165,0
DA:166,0
DA:167,0
DA:172,0
DA:173,0
DA:176,0
DA:177,0
DA:181,0
DA:182,0
DA:185,0
DA:188,0
DA:194,0
DA:196,0
DA:197,0
DA:198,0
DA:201,0
DA:205,0
DA:207,0
DA:211,0
DA:212,0
DA:213,0
DA:214,0
DA:215,0
DA:216,0
DA:217,0
DA:218,0
DA:220,0
DA:222,0
DA:233,0
DA:251,0
DA:253,0
DA:254,0
DA:257,0
DA:264,0
DA:266,0
DA:267,0
DA:271,0
DA:272,0
DA:275,0
DA:284,0
DA:285,0
DA:286,0
DA:299,0
DA:302,0
DA:303,0
DA:314,0
DA:317,0
DA:318,0
DA:323,0
DA:327,0
DA:328,0
DA:333,0
DA:337,0
DA:338,0
DA:339,0
DA:346,0
DA:349,0
DA:351,0
DA:354,0
DA:356,0
DA:357,0
DA:358,0
DA:362,0
DA:365,0
DA:367,0
DA:371,0
DA:386,0
DA:393,0
DA:397,0
DA:398,0
DA:399,0
DA:402,0
DA:403,0
DA:405,0
DA:408,0
DA:409,0
DA:410,0
DA:414,0
DA:424,0
DA:431,0
DA:434,0
DA:436,0
DA:438,0
DA:441,0
DA:443,0
DA:451,0
DA:454,0
DA:456,0
DA:458,0
DA:461,0
DA:463,0
DA:472,0
DA:477,0
DA:478,0
DA:480,0
DA:481,0
DA:483,0
DA:484,0
DA:486,0
DA:490,0
LF:168
LH:0
BRDA:18,0,0,0
BRDA:18,0,1,0
BRDA:41,1,0,0
BRDA:41,1,1,0
BRDA:44,2,0,0
BRDA:44,2,1,0
BRDA:67,3,0,0
BRDA:67,3,1,0
BRDA:72,4,0,0
BRDA:72,4,1,0
BRDA:73,5,0,0
BRDA:73,5,1,0
BRDA:78,6,0,0
BRDA:78,6,1,0
BRDA:96,7,0,0
BRDA:96,7,1,0
BRDA:109,8,0,0
BRDA:109,8,1,0
BRDA:109,9,0,0
BRDA:109,9,1,0
BRDA:112,10,0,0
BRDA:112,10,1,0
BRDA:118,11,0,0
BRDA:118,11,1,0
BRDA:120,12,0,0
BRDA:120,12,1,0
BRDA:131,13,0,0
BRDA:131,13,1,0
BRDA:139,14,0,0
BRDA:139,14,1,0
BRDA:139,15,0,0
BRDA:139,15,1,0
BRDA:146,16,0,0
BRDA:146,16,1,0
BRDA:150,17,0,0
BRDA:150,17,1,0
BRDA:159,18,0,0
BRDA:159,18,1,0
BRDA:160,19,0,0
BRDA:160,19,1,0
BRDA:205,20,0,0
BRDA:205,20,1,0
BRDA:211,21,0,0
BRDA:211,21,1,0
BRDA:215,22,0,0
BRDA:215,22,1,0
BRDA:242,23,0,0
BRDA:242,23,1,0
BRDA:251,24,0,0
BRDA:251,24,1,0
BRDA:251,25,0,0
BRDA:251,25,1,0
BRDA:264,26,0,0
BRDA:264,26,1,0
BRDA:264,27,0,0
BRDA:264,27,1,0
BRDA:284,28,0,0
BRDA:284,28,1,0
BRDA:299,29,0,0
BRDA:299,29,1,0
BRDA:299,29,2,0
BRDA:299,29,3,0
BRDA:299,29,4,0
BRDA:299,29,5,0
BRDA:299,29,6,0
BRDA:299,29,7,0
BRDA:337,30,0,0
BRDA:337,30,1,0
BRDA:349,31,0,0
BRDA:349,31,1,0
BRDA:351,32,0,0
BRDA:351,32,1,0
BRDA:354,33,0,0
BRDA:354,33,1,0
BRDA:357,34,0,0
BRDA:357,34,1,0
BRDA:365,35,0,0
BRDA:365,35,1,0
BRDA:369,36,0,0
BRDA:369,36,1,0
BRDA:397,37,0,0
BRDA:397,37,1,0
BRDA:398,38,0,0
BRDA:398,38,1,0
BRDA:399,39,0,0
BRDA:399,39,1,0
BRDA:402,40,0,0
BRDA:402,40,1,0
BRDA:409,41,0,0
BRDA:409,41,1,0
BRDA:412,42,0,0
BRDA:412,42,1,0
BRDA:434,43,0,0
BRDA:434,43,1,0
BRDA:436,44,0,0
BRDA:436,44,1,0
BRDA:454,45,0,0
BRDA:454,45,1,0
BRDA:454,46,0,0
BRDA:454,46,1,0
BRDA:456,47,0,0
BRDA:456,47,1,0
BRDA:477,48,0,0
BRDA:477,48,1,0
BRDA:477,49,0,0
BRDA:477,49,1,0
BRDA:480,50,0,0
BRDA:480,50,1,0
BRDA:480,51,0,0
BRDA:480,51,1,0
BRDA:483,52,0,0
BRDA:483,52,1,0
BRDA:483,53,0,0
BRDA:483,53,1,0
BRF:114
BRH:0
end_of_record
TN:
SF:src\handlers\commands.ts
FN:30,(anonymous_9)
FN:37,(anonymous_10)
FN:57,(anonymous_11)
FN:81,(anonymous_12)
FN:100,(anonymous_13)
FN:128,(anonymous_14)
FN:163,(anonymous_15)
FN:201,(anonymous_16)
FN:209,(anonymous_17)
FN:229,(anonymous_18)
FN:251,(anonymous_19)
FN:268,(anonymous_20)
FN:298,(anonymous_21)
FN:308,(anonymous_22)
FN:331,(anonymous_23)
FN:367,(anonymous_24)
FN:395,(anonymous_25)
FN:430,(anonymous_26)
FNF:18
FNH:0
FNDA:0,(anonymous_9)
FNDA:0,(anonymous_10)
FNDA:0,(anonymous_11)
FNDA:0,(anonymous_12)
FNDA:0,(anonymous_13)
FNDA:0,(anonymous_14)
FNDA:0,(anonymous_15)
FNDA:0,(anonymous_16)
FNDA:0,(anonymous_17)
FNDA:0,(anonymous_18)
FNDA:0,(anonymous_19)
FNDA:0,(anonymous_20)
FNDA:0,(anonymous_21)
FNDA:0,(anonymous_22)
FNDA:0,(anonymous_23)
FNDA:0,(anonymous_24)
FNDA:0,(anonymous_25)
FNDA:0,(anonymous_26)
DA:2,0
DA:3,0
DA:6,0
DA:27,0
DA:31,0
DA:38,0
DA:39,0
DA:41,0
DA:42,0
DA:43,0
DA:45,0
DA:47,0
DA:48,0
DA:51,0
DA:61,0
DA:62,0
DA:64,0
DA:66,0
DA:75,0
DA:82,0
DA:83,0
DA:84,0
DA:87,0
DA:88,0
DA:91,0
DA:93,0
DA:101,0
DA:103,0
DA:105,0
DA:107,0
DA:109,0
DA:111,0
DA:113,0
DA:115,0
DA:117,0
DA:119,0
DA:121,0
DA:129,0
DA:130,0
DA:133,0
DA:134,0
DA:136,0
DA:137,0
DA:140,0
DA:141,0
DA:142,0
DA:144,0
DA:155,0
DA:156,0
DA:164,0
DA:165,0
DA:168,0
DA:169,0
DA:170,0
DA:172,0
DA:173,0
DA:174,0
DA:177,0
DA:178,0
DA:180,0
DA:181,0
DA:184,0
DA:185,0
DA:187,0
DA:193,0
DA:194,0
DA:202,0
DA:203,0
DA:206,0
DA:208,0
DA:209,0
DA:210,0
DA:215,0
DA:221,0
DA:222,0
DA:230,0
DA:231,0
DA:234,0
DA:235,0
DA:237,0
DA:238,0
DA:240,0
DA:242,0
DA:243,0
DA:244,0
DA:247,0
DA:248,0
DA:249,0
DA:251,0
DA:252,0
DA:253,0
DA:258,0
DA:259,0
DA:261,0
DA:262,0
DA:263,0
DA:264,0
DA:265,0
DA:266,0
DA:268,0
DA:269,0
DA:270,0
DA:284,0
DA:290,0
DA:291,0
DA:299,0
DA:300,0
DA:302,0
DA:303,0
DA:306,0
DA:307,0
DA:308,0
DA:314,0
DA:323,0
DA:324,0
DA:332,0
DA:333,0
DA:336,0
DA:337,0
DA:339,0
DA:340,0
DA:341,0
DA:344,0
DA:346,0
DA:347,0
DA:348,0
DA:351,0
DA:353,0
DA:359,0
DA:360,0
DA:368,0
DA:369,0
DA:372,0
DA:373,0
DA:375,0
DA:376,0
DA:379,0
DA:380,0
DA:381,0
DA:387,0
DA:388,0
DA:396,0
DA:397,0
DA:400,0
DA:401,0
DA:403,0
DA:404,0
DA:407,0
DA:408,0
DA:410,0
DA:411,0
DA:413,0
DA:416,0
DA:422,0
DA:423,0
DA:431,0
DA:453,0
LF:157
LH:0
BRDA:6,0,0,0
BRDA:6,0,1,0
BRDA:31,1,0,0
BRDA:31,1,1,0
BRDA:39,2,0,0
BRDA:39,2,1,0
BRDA:47,3,0,0
BRDA:47,3,1,0
BRDA:62,4,0,0
BRDA:62,4,1,0
BRDA:87,5,0,0
BRDA:87,5,1,0
BRDA:101,6,0,0
BRDA:101,6,1,0
BRDA:101,6,2,0
BRDA:101,6,3,0
BRDA:101,6,4,0
BRDA:101,6,5,0
BRDA:101,6,6,0
BRDA:101,6,7,0
BRDA:101,6,8,0
BRDA:101,6,9,0
BRDA:129,7,0,0
BRDA:129,7,1,0
BRDA:136,8,0,0
BRDA:136,8,1,0
BRDA:155,9,0,0
BRDA:155,9,1,0
BRDA:164,10,0,0
BRDA:164,10,1,0
BRDA:173,11,0,0
BRDA:173,11,1,0
BRDA:180,12,0,0
BRDA:180,12,1,0
BRDA:193,13,0,0
BRDA:193,13,1,0
BRDA:202,14,0,0
BRDA:202,14,1,0
BRDA:221,15,0,0
BRDA:221,15,1,0
BRDA:230,16,0,0
BRDA:230,16,1,0
BRDA:240,17,0,0
BRDA:240,17,1,0
BRDA:243,18,0,0
BRDA:243,18,1,0
BRDA:252,19,0,0
BRDA:252,19,1,0
BRDA:262,20,0,0
BRDA:262,20,1,0
BRDA:262,21,0,0
BRDA:262,21,1,0
BRDA:264,22,0,0
BRDA:264,22,1,0
BRDA:269,23,0,0
BRDA:269,23,1,0
BRDA:290,24,0,0
BRDA:290,24,1,0
BRDA:299,25,0,0
BRDA:299,25,1,0
BRDA:302,26,0,0
BRDA:302,26,1,0
BRDA:310,27,0,0
BRDA:310,27,1,0
BRDA:311,28,0,0
BRDA:311,28,1,0
BRDA:323,29,0,0
BRDA:323,29,1,0
BRDA:332,30,0,0
BRDA:332,30,1,0
BRDA:340,31,0,0
BRDA:340,31,1,0
BRDA:347,32,0,0
BRDA:347,32,1,0
BRDA:359,33,0,0
BRDA:359,33,1,0
BRDA:368,34,0,0
BRDA:368,34,1,0
BRDA:375,35,0,0
BRDA:375,35,1,0
BRDA:387,36,0,0
BRDA:387,36,1,0
BRDA:396,37,0,0
BRDA:396,37,1,0
BRDA:403,38,0,0
BRDA:403,38,1,0
BRDA:410,39,0,0
BRDA:410,39,1,0
BRDA:422,40,0,0
BRDA:422,40,1,0
BRF:90
BRH:0
end_of_record
TN:
SF:src\handlers\discussion.ts
FN:74,(anonymous_1)
FN:92,(anonymous_2)
FN:100,(anonymous_3)
FN:110,(anonymous_4)
FN:120,(anonymous_5)
FN:127,(anonymous_6)
FN:143,(anonymous_7)
FN:169,(anonymous_8)
FN:256,(anonymous_9)
FN:265,(anonymous_10)
FN:310,(anonymous_11)
FN:342,(anonymous_12)
FN:353,(anonymous_13)
FN:364,(anonymous_14)
FN:371,(anonymous_15)
FN:378,(anonymous_16)
FNF:16
FNH:0
FNDA:0,(anonymous_1)
FNDA:0,(anonymous_2)
FNDA:0,(anonymous_3)
FNDA:0,(anonymous_4)
FNDA:0,(anonymous_5)
FNDA:0,(anonymous_6)
FNDA:0,(anonymous_7)
FNDA:0,(anonymous_8)
FNDA:0,(anonymous_9)
FNDA:0,(anonymous_10)
FNDA:0,(anonymous_11)
FNDA:0,(anonymous_12)
FNDA:0,(anonymous_13)
FNDA:0,(anonymous_14)
FNDA:0,(anonymous_15)
FNDA:0,(anonymous_16)
DA:9,0
DA:20,0
DA:67,0
DA:70,0
DA:71,0
DA:72,0
DA:75,0
DA:82,0
DA:85,0
DA:86,0
DA:93,0
DA:94,0
DA:101,0
DA:102,0
DA:104,0
DA:111,0
DA:112,0
DA:114,0
DA:121,0
DA:131,0
DA:133,0
DA:135,0
DA:136,0
DA:137,0
DA:140,0
DA:141,0
DA:142,0
DA:143,0
DA:144,0
DA:145,0
DA:148,0
DA:162,0
DA:165,0
DA:169,0
DA:185,0
DA:186,0
DA:198,0
DA:201,0
DA:204,0
DA:215,0
DA:216,0
DA:230,0
DA:231,0
DA:232,0
DA:233,0
DA:235,0
DA:240,0
DA:241,0
DA:243,0
DA:246,0
DA:247,0
DA:248,0
DA:260,0
DA:262,0
DA:263,0
DA:264,0
DA:265,0
DA:266,0
DA:267,0
DA:270,0
DA:271,0
DA:272,0
DA:273,0
DA:274,0
DA:275,0
DA:279,0
DA:280,0
DA:281,0
DA:282,0
DA:283,0
DA:287,0
DA:288,0
DA:289,0
DA:290,0
DA:291,0
DA:293,0
DA:297,0
DA:298,0
DA:299,0
DA:300,0
DA:301,0
DA:302,0
DA:304,0
DA:311,0
DA:312,0
DA:315,0
DA:328,0
DA:330,0
DA:343,0
DA:344,0
DA:346,0
DA:354,0
DA:365,0
DA:372,0
DA:379,0
DA:380,0
DA:387,0
LF:97
LH:0
BRDA:94,0,0,0
BRDA:94,0,1,0
BRDA:101,1,0,0
BRDA:101,1,1,0
BRDA:135,2,0,0
BRDA:135,2,1,0
BRDA:144,3,0,0
BRDA:144,3,1,0
BRDA:145,4,0,0
BRDA:145,4,1,0
BRDA:149,5,0,0
BRDA:149,5,1,0
BRDA:150,6,0,0
BRDA:150,6,1,0
BRDA:151,7,0,0
BRDA:151,7,1,0
BRDA:152,8,0,0
BRDA:152,8,1,0
BRDA:153,9,0,0
BRDA:153,9,1,0
BRDA:155,10,0,0
BRDA:155,10,1,0
BRDA:156,11,0,0
BRDA:156,11,1,0
BRDA:185,12,0,0
BRDA:185,12,1,0
BRDA:215,13,0,0
BRDA:215,13,1,0
BRDA:215,14,0,0
BRDA:215,14,1,0
BRDA:230,15,0,0
BRDA:230,15,1,0
BRDA:247,16,0,0
BRDA:247,16,1,0
BRDA:264,17,0,0
BRDA:264,17,1,0
BRDA:279,18,0,0
BRDA:279,18,1,0
BRDA:287,19,0,0
BRDA:287,19,1,0
BRDA:287,20,0,0
BRDA:287,20,1,0
BRDA:312,21,0,0
BRDA:312,21,1,0
BRDA:320,22,0,0
BRDA:320,22,1,0
BRDA:328,23,0,0
BRDA:328,23,1,0
BRDA:328,24,0,0
BRDA:328,24,1,0
BRDA:328,24,2,0
BRDA:328,24,3,0
BRDA:333,25,0,0
BRDA:333,25,1,0
BRF:54
BRH:0
end_of_record
TN:
SF:src\multi-agent\agents.ts
FN:44,(anonymous_0)
FN:62,(anonymous_1)
FN:79,(anonymous_2)
FN:94,(anonymous_3)
FN:132,(anonymous_4)
FN:141,(anonymous_5)
FN:169,(anonymous_6)
FN:191,(anonymous_7)
FN:202,(anonymous_8)
FN:203,(anonymous_9)
FN:207,(anonymous_10)
FN:210,(anonymous_11)
FN:224,(anonymous_12)
FN:243,(anonymous_13)
FN:265,(anonymous_14)
FN:283,(anonymous_15)
FN:310,(anonymous_16)
FN:336,(anonymous_17)
FN:369,(anonymous_18)
FN:370,(anonymous_19)
FN:378,(anonymous_20)
FN:393,(anonymous_21)
FN:414,(anonymous_22)
FN:428,(anonymous_23)
FN:455,(anonymous_24)
FN:482,(anonymous_25)
FN:494,(anonymous_26)
FN:506,(anonymous_27)
FN:513,(anonymous_28)
FN:531,(anonymous_29)
FN:539,(anonymous_30)
FNF:31
FNH:0
FNDA:0,(anonymous_0)
FNDA:0,(anonymous_1)
FNDA:0,(anonymous_2)
FNDA:0,(anonymous_3)
FNDA:0,(anonymous_4)
FNDA:0,(anonymous_5)
FNDA:0,(anonymous_6)
FNDA:0,(anonymous_7)
FNDA:0,(anonymous_8)
FNDA:0,(anonymous_9)
FNDA:0,(anonymous_10)
FNDA:0,(anonymous_11)
FNDA:0,(anonymous_12)
FNDA:0,(anonymous_13)
FNDA:0,(anonymous_14)
FNDA:0,(anonymous_15)
FNDA:0,(anonymous_16)
FNDA:0,(anonymous_17)
FNDA:0,(anonymous_18)
FNDA:0,(anonymous_19)
FNDA:0,(anonymous_20)
FNDA:0,(anonymous_21)
FNDA:0,(anonymous_22)
FNDA:0,(anonymous_23)
FNDA:0,(anonymous_24)
FNDA:0,(anonymous_25)
FNDA:0,(anonymous_26)
FNDA:0,(anonymous_27)
FNDA:0,(anonymous_28)
FNDA:0,(anonymous_29)
FNDA:0,(anonymous_30)
DA:28,0
DA:29,0
DA:35,0
DA:42,0
DA:45,0
DA:46,0
DA:47,0
DA:48,0
DA:49,0
DA:50,0
DA:66,0
DA:73,0
DA:81,0
DA:84,0
DA:85,0
DA:88,0
DA:95,0
DA:103,0
DA:104,0
DA:105,0
DA:108,0
DA:131,0
DA:133,0
DA:142,0
DA:143,0
DA:145,0
DA:160,0
DA:176,0
DA:177,0
DA:178,0
DA:180,0
DA:195,0
DA:202,0
DA:203,0
DA:207,0
DA:210,0
DA:223,0
DA:225,0
DA:233,0
DA:246,0
DA:254,0
DA:264,0
DA:266,0
DA:273,0
DA:284,0
DA:296,0
DA:306,0
DA:308,0
DA:311,0
DA:319,0
DA:321,0
DA:337,0
DA:338,0
DA:340,0
DA:341,0
DA:348,0
DA:349,0
DA:350,0
DA:353,0
DA:354,0
DA:355,0
DA:356,0
DA:360,0
DA:364,0
DA:369,0
DA:370,0
DA:379,0
DA:381,0
DA:384,0
DA:387,0
DA:394,0
DA:396,0
DA:404,0
DA:406,0
DA:407,0
DA:415,0
DA:425,0
DA:430,0
DA:431,0
DA:435,0
DA:442,0
DA:445,0
DA:456,0
DA:463,0
DA:476,0
DA:477,0
DA:483,0
DA:484,0
DA:485,0
DA:486,0
DA:487,0
DA:495,0
DA:496,0
DA:497,0
DA:498,0
DA:500,0
DA:507,0
DA:515,0
DA:516,0
DA:520,0
DA:521,0
DA:525,0
DA:532,0
DA:533,0
DA:540,0
LF:105
LH:0
BRDA:45,0,0,0
BRDA:45,0,1,0
BRDA:50,1,0,0
BRDA:50,1,1,0
BRDA:71,2,0,0
BRDA:71,2,1,0
BRDA:79,3,0,0
BRDA:84,4,0,0
BRDA:84,4,1,0
BRDA:158,5,0,0
BRDA:158,5,1,0
BRDA:202,6,0,0
BRDA:202,6,1,0
BRDA:207,7,0,0
BRDA:207,7,1,0
BRDA:210,8,0,0
BRDA:210,8,1,0
BRDA:319,9,0,0
BRDA:319,9,1,0
BRDA:340,10,0,0
BRDA:340,10,1,0
BRDA:355,11,0,0
BRDA:355,11,1,0
BRDA:365,12,0,0
BRDA:365,12,1,0
BRDA:483,13,0,0
BRDA:483,13,1,0
BRDA:497,14,0,0
BRDA:497,14,1,0
BRDA:515,15,0,0
BRDA:515,15,1,0
BRDA:515,16,0,0
BRDA:515,16,1,0
BRDA:520,17,0,0
BRDA:520,17,1,0
BRF:35
BRH:0
end_of_record
TN:
SF:src\multi-agent\blackboard.ts
FN:25,(anonymous_0)
FN:42,(anonymous_1)
FN:46,(anonymous_2)
FN:53,(anonymous_3)
FN:60,(anonymous_4)
FN:67,(anonymous_5)
FN:69,(anonymous_6)
FN:77,(anonymous_7)
FN:86,(anonymous_8)
FN:93,(anonymous_9)
FN:100,(anonymous_10)
FN:109,(anonymous_11)
FN:118,(anonymous_12)
FN:128,(anonymous_13)
FN:135,(anonymous_14)
FN:142,(anonymous_15)
FN:150,(anonymous_16)
FN:170,(anonymous_17)
FN:182,(anonymous_18)
FN:185,(anonymous_19)
FN:196,(anonymous_20)
FN:220,(anonymous_21)
FN:230,(anonymous_22)
FN:259,(anonymous_23)
FN:286,(anonymous_24)
FN:298,(anonymous_25)
FNF:26
FNH:0
FNDA:0,(anonymous_0)
FNDA:0,(anonymous_1)
FNDA:0,(anonymous_2)
FNDA:0,(anonymous_3)
FNDA:0,(anonymous_4)
FNDA:0,(anonymous_5)
FNDA:0,(anonymous_6)
FNDA:0,(anonymous_7)
FNDA:0,(anonymous_8)
FNDA:0,(anonymous_9)
FNDA:0,(anonymous_10)
FNDA:0,(anonymous_11)
FNDA:0,(anonymous_12)
FNDA:0,(anonymous_13)
FNDA:0,(anonymous_14)
FNDA:0,(anonymous_15)
FNDA:0,(anonymous_16)
FNDA:0,(anonymous_17)
FNDA:0,(anonymous_18)
FNDA:0,(anonymous_19)
FNDA:0,(anonymous_20)
FNDA:0,(anonymous_21)
FNDA:0,(anonymous_22)
FNDA:0,(anonymous_23)
FNDA:0,(anonymous_24)
FNDA:0,(anonymous_25)
DA:17,0
DA:19,0
DA:20,0
DA:26,0
DA:36,0
DA:43,0
DA:47,0
DA:54,0
DA:61,0
DA:68,0
DA:69,0
DA:71,0
DA:78,0
DA:79,0
DA:80,0
DA:87,0
DA:94,0
DA:101,0
DA:102,0
DA:110,0
DA:111,0
DA:119,0
DA:120,0
DA:121,0
DA:129,0
DA:136,0
DA:143,0
DA:151,0
DA:152,0
DA:156,0
DA:159,0
DA:162,0
DA:164,0
DA:171,0
DA:173,0
DA:174,0
DA:175,0
DA:177,0
DA:180,0
DA:182,0
DA:183,0
DA:184,0
DA:185,0
DA:187,0
DA:190,0
DA:198,0
DA:200,0
DA:201,0
DA:205,0
DA:206,0
DA:207,0
DA:208,0
DA:209,0
DA:214,0
DA:221,0
DA:231,0
DA:232,0
DA:233,0
DA:234,0
DA:242,0
DA:243,0
DA:264,0
DA:265,0
DA:267,0
DA:268,0
DA:269,0
DA:270,0
DA:271,0
DA:275,0
DA:290,0
DA:293,0
DA:294,0
DA:298,0
DA:299,0
DA:300,0
DA:301,0
DA:305,0
LF:77
LH:0
BRDA:68,0,0,0
BRDA:68,0,1,0
BRDA:101,1,0,0
BRDA:101,1,1,0
BRDA:110,2,0,0
BRDA:110,2,1,0
BRDA:120,3,0,0
BRDA:120,3,1,0
BRDA:142,4,0,0
BRDA:151,5,0,0
BRDA:151,5,1,0
BRDA:174,6,0,0
BRDA:174,6,1,0
BRDA:196,7,0,0
BRDA:200,8,0,0
BRDA:200,8,1,0
BRDA:206,9,0,0
BRDA:206,9,1,0
BRDA:206,10,0,0
BRDA:206,10,1,0
BRDA:208,11,0,0
BRDA:208,11,1,0
BRDA:233,12,0,0
BRDA:233,12,1,0
BRDA:269,13,0,0
BRDA:269,13,1,0
BRDA:293,14,0,0
BRDA:293,14,1,0
BRDA:293,15,0,0
BRDA:293,15,1,0
BRDA:293,15,2,0
BRDA:300,16,0,0
BRDA:300,16,1,0
BRF:33
BRH:0
end_of_record
TN:
SF:src\multi-agent\continue-debate.ts
FN:19,findLatestDebateState
FN:26,(anonymous_10)
FN:41,continueDebate
FN:92,(anonymous_12)
FN:217,saveDebateState
FN:229,startNewDebate
FN:251,(anonymous_15)
FN:271,(anonymous_16)
FN:276,(anonymous_17)
FNF:9
FNH:0
FNDA:0,findLatestDebateState
FNDA:0,(anonymous_10)
FNDA:0,continueDebate
FNDA:0,(anonymous_12)
FNDA:0,saveDebateState
FNDA:0,startNewDebate
FNDA:0,(anonymous_15)
FNDA:0,(anonymous_16)
FNDA:0,(anonymous_17)
DA:7,0
DA:12,0
DA:13,0
DA:16,0
DA:20,0
DA:21,0
DA:25,0
DA:26,0
DA:30,0
DA:31,0
DA:34,0
DA:35,0
DA:36,0
DA:38,0
DA:42,0
DA:43,0
DA:44,0
DA:47,0
DA:49,0
DA:50,0
DA:51,0
DA:52,0
DA:55,0
DA:57,0
DA:60,0
DA:61,0
DA:62,0
DA:63,0
DA:66,0
DA:67,0
DA:68,0
DA:69,0
DA:70,0
DA:75,0
DA:76,0
DA:77,0
DA:78,0
DA:81,0
DA:88,0
DA:91,0
DA:92,0
DA:93,0
DA:95,0
DA:96,0
DA:97,0
DA:98,0
DA:99,0
DA:100,0
DA:103,0
DA:104,0
DA:105,0
DA:106,0
DA:107,0
DA:108,0
DA:111,0
DA:113,0
DA:114,0
DA:117,0
DA:118,0
DA:119,0
DA:123,0
DA:127,0
DA:128,0
DA:130,0
DA:132,0
DA:133,0
DA:134,0
DA:135,0
DA:136,0
DA:138,0
DA:141,0
DA:145,0
DA:146,0
DA:148,0
DA:151,0
DA:152,0
DA:153,0
DA:155,0
DA:157,0
DA:158,0
DA:159,0
DA:160,0
DA:161,0
DA:162,0
DA:164,0
DA:165,0
DA:166,0
DA:167,0
DA:168,0
DA:169,0
DA:170,0
DA:173,0
DA:174,0
DA:175,0
DA:176,0
DA:177,0
DA:178,0
DA:179,0
DA:182,0
DA:183,0
DA:185,0
DA:188,0
DA:191,0
DA:192,0
DA:193,0
DA:194,0
DA:197,0
DA:205,0
DA:206,0
DA:207,0
DA:209,0
DA:210,0
DA:213,0
DA:218,0
DA:219,0
DA:225,0
DA:226,0
DA:230,0
DA:235,0
DA:249,0
DA:251,0
DA:252,0
DA:253,0
DA:254,0
DA:258,0
DA:259,0
DA:260,0
DA:261,0
DA:262,0
DA:263,0
DA:266,0
DA:270,0
DA:272,0
DA:273,0
DA:274,0
DA:277,0
DA:278,0
LF:137
LH:0
BRDA:20,0,0,0
BRDA:20,0,1,0
BRDA:30,1,0,0
BRDA:30,1,1,0
BRDA:49,2,0,0
BRDA:49,2,1,0
BRDA:66,3,0,0
BRDA:66,3,1,0
BRDA:69,4,0,0
BRDA:69,4,1,0
BRDA:93,5,0,0
BRDA:93,5,1,0
BRDA:93,5,2,0
BRDA:93,5,3,0
BRDA:99,6,0,0
BRDA:99,6,1,0
BRDA:132,7,0,0
BRDA:132,7,1,0
BRDA:182,8,0,0
BRDA:182,8,1,0
BRDA:252,9,0,0
BRDA:252,9,1,0
BRDA:259,10,0,0
BRDA:259,10,1,0
BRF:24
BRH:0
end_of_record
TN:
SF:src\multi-agent\debate-multi-agent.ts
FN:10,debateMultiAgentSystem
FN:37,(anonymous_1)
FN:125,(anonymous_2)
FN:130,(anonymous_3)
FNF:4
FNH:0
FNDA:0,debateMultiAgentSystem
FNDA:0,(anonymous_1)
FNDA:0,(anonymous_2)
FNDA:0,(anonymous_3)
DA:5,0
DA:11,0
DA:12,0
DA:13,0
DA:16,0
DA:19,0
DA:34,0
DA:37,0
DA:38,0
DA:40,0
DA:41,0
DA:42,0
DA:43,0
DA:44,0
DA:45,0
DA:48,0
DA:49,0
DA:50,0
DA:51,0
DA:52,0
DA:53,0
DA:56,0
DA:57,0
DA:60,0
DA:61,0
DA:65,0
DA:66,0
DA:67,0
DA:68,0
DA:69,0
DA:70,0
DA:72,0
DA:75,0
DA:76,0
DA:77,0
DA:78,0
DA:79,0
DA:80,0
DA:82,0
DA:86,0
DA:87,0
DA:88,0
DA:90,0
DA:91,0
DA:93,0
DA:94,0
DA:95,0
DA:96,0
DA:97,0
DA:99,0
DA:100,0
DA:106,0
DA:107,0
DA:108,0
DA:111,0
DA:113,0
DA:114,0
DA:115,0
DA:116,0
DA:117,0
DA:120,0
DA:124,0
DA:126,0
DA:127,0
DA:128,0
DA:131,0
DA:132,0
LF:67
LH:0
BRDA:38,0,0,0
BRDA:38,0,1,0
BRDA:38,0,2,0
BRDA:38,0,3,0
BRDA:76,1,0,0
BRDA:76,1,1,0
BRDA:107,2,0,0
BRDA:107,2,1,0
BRDA:115,3,0,0
BRDA:115,3,1,0
BRF:10
BRH:0
end_of_record
TN:
SF:src\multi-agent\index.ts
FNF:0
FNH:0
DA:34,0
DA:35,0
DA:36,0
DA:37,0
DA:38,0
DA:39,0
DA:42,0
DA:43,0
DA:46,0
DA:49,0
DA:52,0
LF:11
LH:0
BRF:0
BRH:0
end_of_record
TN:
SF:src\multi-agent\llm-adapter.ts
FN:112,(anonymous_9)
FN:128,(anonymous_10)
FN:137,(anonymous_11)
FN:157,(anonymous_12)
FN:181,(anonymous_13)
FN:188,(anonymous_14)
FN:195,(anonymous_15)
FN:202,(anonymous_16)
FN:211,(anonymous_17)
FN:220,(anonymous_18)
FN:227,(anonymous_19)
FN:235,(anonymous_20)
FN:265,(anonymous_21)
FN:269,(anonymous_22)
FN:272,(anonymous_23)
FN:279,(anonymous_24)
FN:305,(anonymous_25)
FN:311,(anonymous_26)
FN:336,(anonymous_27)
FN:340,(anonymous_28)
FN:343,(anonymous_29)
FN:350,(anonymous_30)
FN:372,(anonymous_31)
FN:381,(anonymous_32)
FN:391,(anonymous_33)
FN:398,(anonymous_34)
FN:414,(anonymous_35)
FN:421,(anonymous_36)
FN:425,(anonymous_37)
FN:431,(anonymous_38)
FN:502,(anonymous_39)
FN:508,(anonymous_40)
FN:558,(anonymous_41)
FN:568,(anonymous_42)
FN:577,(anonymous_43)
FN:593,(anonymous_44)
FN:598,(anonymous_45)
FN:640,createLLMAdapter
FNF:38
FNH:0
FNDA:0,(anonymous_9)
FNDA:0,(anonymous_10)
FNDA:0,(anonymous_11)
FNDA:0,(anonymous_12)
FNDA:0,(anonymous_13)
FNDA:0,(anonymous_14)
FNDA:0,(anonymous_15)
FNDA:0,(anonymous_16)
FNDA:0,(anonymous_17)
FNDA:0,(anonymous_18)
FNDA:0,(anonymous_19)
FNDA:0,(anonymous_20)
FNDA:0,(anonymous_21)
FNDA:0,(anonymous_22)
FNDA:0,(anonymous_23)
FNDA:0,(anonymous_24)
FNDA:0,(anonymous_25)
FNDA:0,(anonymous_26)
FNDA:0,(anonymous_27)
FNDA:0,(anonymous_28)
FNDA:0,(anonymous_29)
FNDA:0,(anonymous_30)
FNDA:0,(anonymous_31)
FNDA:0,(anonymous_32)
FNDA:0,(anonymous_33)
FNDA:0,(anonymous_34)
FNDA:0,(anonymous_35)
FNDA:0,(anonymous_36)
FNDA:0,(anonymous_37)
FNDA:0,(anonymous_38)
FNDA:0,(anonymous_39)
FNDA:0,(anonymous_40)
FNDA:0,(anonymous_41)
FNDA:0,(anonymous_42)
FNDA:0,(anonymous_43)
FNDA:0,(anonymous_44)
FNDA:0,(anonymous_45)
FNDA:0,createLLMAdapter
DA:11,0
DA:13,0
DA:88,0
DA:91,0
DA:98,0
DA:101,0
DA:113,0
DA:114,0
DA:115,0
DA:118,0
DA:119,0
DA:122,0
DA:129,0
DA:130,0
DA:131,0
DA:138,0
DA:139,0
DA:140,0
DA:141,0
DA:142,0
DA:144,0
DA:145,0
DA:147,0
DA:150,0
DA:158,0
DA:160,0
DA:161,0
DA:164,0
DA:172,0
DA:174,0
DA:182,0
DA:189,0
DA:196,0
DA:203,0
DA:204,0
DA:205,0
DA:212,0
DA:213,0
DA:214,0
DA:221,0
DA:228,0
DA:229,0
DA:230,0
DA:232,0
DA:240,0
DA:241,0
DA:242,0
DA:245,0
DA:246,0
DA:249,0
DA:251,0
DA:253,0
DA:254,0
DA:255,0
DA:258,0
DA:259,0
DA:263,0
DA:265,0
DA:266,0
DA:273,0
DA:281,0
DA:282,0
DA:284,0
DA:288,0
DA:291,0
DA:292,0
DA:293,0
DA:295,0
DA:306,0
DA:317,0
DA:318,0
DA:319,0
DA:321,0
DA:322,0
DA:325,0
DA:327,0
DA:328,0
DA:329,0
DA:331,0
DA:334,0
DA:336,0
DA:337,0
DA:341,0
DA:344,0
DA:351,0
DA:352,0
DA:353,0
DA:356,0
DA:358,0
DA:359,0
DA:360,0
DA:362,0
DA:373,0
DA:382,0
DA:392,0
DA:399,0
DA:410,0
DA:411,0
DA:415,0
DA:422,0
DA:431,0
DA:433,0
DA:436,0
DA:438,0
DA:439,0
DA:440,0
DA:441,0
DA:442,0
DA:448,0
DA:449,0
DA:450,0
DA:454,0
DA:492,0
DA:496,0
DA:503,0
DA:504,0
DA:505,0
DA:513,0
DA:531,0
DA:532,0
DA:533,0
DA:536,0
DA:539,0
DA:540,0
DA:541,0
DA:542,0
DA:545,0
DA:559,0
DA:569,0
DA:576,0
DA:578,0
DA:589,0
DA:594,0
DA:595,0
DA:603,0
DA:620,0
DA:621,0
DA:624,0
DA:626,0
DA:640,0
DA:644,0
DA:646,0
DA:649,0
DA:652,0
DA:653,0
DA:655,0
DA:658,0
DA:659,0
DA:661,0
DA:664,0
DA:665,0
DA:667,0
DA:670,0
LF:153
LH:0
BRDA:114,0,0,0
BRDA:114,0,1,0
BRDA:115,1,0,0
BRDA:115,1,1,0
BRDA:118,2,0,0
BRDA:118,2,1,0
BRDA:139,3,0,0
BRDA:139,3,1,0
BRDA:141,4,0,0
BRDA:141,4,1,0
BRDA:144,5,0,0
BRDA:144,5,1,0
BRDA:160,6,0,0
BRDA:160,6,1,0
BRDA:240,7,0,0
BRDA:240,7,1,0
BRDA:246,8,0,0
BRDA:246,8,1,0
BRDA:251,9,0,0
BRDA:251,9,1,0
BRDA:251,10,0,0
BRDA:251,10,1,0
BRDA:281,11,0,0
BRDA:281,11,1,0
BRDA:317,12,0,0
BRDA:317,12,1,0
BRDA:322,13,0,0
BRDA:322,13,1,0
BRDA:327,14,0,0
BRDA:327,14,1,0
BRDA:327,15,0,0
BRDA:327,15,1,0
BRDA:351,16,0,0
BRDA:351,16,1,0
BRDA:415,17,0,0
BRDA:415,17,1,0
BRDA:439,18,0,0
BRDA:439,18,1,0
BRDA:439,19,0,0
BRDA:439,19,1,0
BRDA:441,20,0,0
BRDA:441,20,1,0
BRDA:449,21,0,0
BRDA:449,21,1,0
BRDA:449,22,0,0
BRDA:449,22,1,0
BRDA:520,23,0,0
BRDA:520,23,1,0
BRDA:525,24,0,0
BRDA:525,24,1,0
BRDA:526,25,0,0
BRDA:526,25,1,0
BRDA:531,26,0,0
BRDA:531,26,1,0
BRDA:539,27,0,0
BRDA:539,27,1,0
BRDA:547,28,0,0
BRDA:547,28,1,0
BRDA:580,29,0,0
BRDA:580,29,1,0
BRDA:581,30,0,0
BRDA:581,30,1,0
BRDA:595,31,0,0
BRDA:595,31,1,0
BRDA:611,32,0,0
BRDA:611,32,1,0
BRDA:612,33,0,0
BRDA:612,33,1,0
BRDA:620,34,0,0
BRDA:620,34,1,0
BRDA:628,35,0,0
BRDA:628,35,1,0
BRDA:644,36,0,0
BRDA:644,36,1,0
BRDA:644,36,2,0
BRDA:644,36,3,0
BRDA:644,36,4,0
BRDA:644,36,5,0
BRDA:652,37,0,0
BRDA:652,37,1,0
BRDA:658,38,0,0
BRDA:658,38,1,0
BRDA:664,39,0,0
BRDA:664,39,1,0
BRDA:664,40,0,0
BRDA:664,40,1,0
BRDA:664,40,2,0
BRF:87
BRH:0
end_of_record
TN:
SF:src\multi-agent\orchestrator.ts
FN:83,(anonymous_0)
FN:114,(anonymous_1)
FN:142,(anonymous_2)
FN:163,(anonymous_3)
FN:166,(anonymous_4)
FN:175,(anonymous_5)
FN:190,(anonymous_6)
FN:207,(anonymous_7)
FN:214,(anonymous_8)
FN:223,(anonymous_9)
FN:225,(anonymous_10)
FN:231,(anonymous_11)
FN:246,(anonymous_12)
FN:304,(anonymous_13)
FN:391,(anonymous_14)
FN:489,(anonymous_15)
FN:515,(anonymous_16)
FN:535,(anonymous_17)
FN:544,(anonymous_18)
FN:547,(anonymous_19)
FN:572,(anonymous_20)
FN:576,(anonymous_21)
FN:577,(anonymous_22)
FN:584,(anonymous_23)
FN:596,(anonymous_24)
FN:629,(anonymous_25)
FN:636,(anonymous_26)
FN:697,(anonymous_27)
FN:718,(anonymous_28)
FN:725,(anonymous_29)
FN:734,(anonymous_30)
FN:741,(anonymous_31)
FN:748,(anonymous_32)
FN:765,(anonymous_33)
FN:792,generateId
FNF:35
FNH:0
FNDA:0,(anonymous_0)
FNDA:0,(anonymous_1)
FNDA:0,(anonymous_2)
FNDA:0,(anonymous_3)
FNDA:0,(anonymous_4)
FNDA:0,(anonymous_5)
FNDA:0,(anonymous_6)
FNDA:0,(anonymous_7)
FNDA:0,(anonymous_8)
FNDA:0,(anonymous_9)
FNDA:0,(anonymous_10)
FNDA:0,(anonymous_11)
FNDA:0,(anonymous_12)
FNDA:0,(anonymous_13)
FNDA:0,(anonymous_14)
FNDA:0,(anonymous_15)
FNDA:0,(anonymous_16)
FNDA:0,(anonymous_17)
FNDA:0,(anonymous_18)
FNDA:0,(anonymous_19)
FNDA:0,(anonymous_20)
FNDA:0,(anonymous_21)
FNDA:0,(anonymous_22)
FNDA:0,(anonymous_23)
FNDA:0,(anonymous_24)
FNDA:0,(anonymous_25)
FNDA:0,(anonymous_26)
FNDA:0,(anonymous_27)
FNDA:0,(anonymous_28)
FNDA:0,(anonymous_29)
FNDA:0,(anonymous_30)
FNDA:0,(anonymous_31)
FNDA:0,(anonymous_32)
FNDA:0,(anonymous_33)
FNDA:0,generateId
DA:19,0
DA:20,0
DA:30,0
DA:46,0
DA:58,0
DA:62,0
DA:63,0
DA:69,0
DA:72,0
DA:88,0
DA:89,0
DA:91,0
DA:102,0
DA:104,0
DA:105,0
DA:108,0
DA:115,0
DA:116,0
DA:118,0
DA:129,0
DA:130,0
DA:132,0
DA:133,0
DA:136,0
DA:147,0
DA:148,0
DA:149,0
DA:152,0
DA:153,0
DA:154,0
DA:155,0
DA:156,0
DA:164,0
DA:166,0
DA:167,0
DA:168,0
DA:177,0
DA:178,0
DA:179,0
DA:184,0
DA:191,0
DA:198,0
DA:199,0
DA:208,0
DA:215,0
DA:216,0
DA:217,0
DA:224,0
DA:225,0
DA:232,0
DA:233,0
DA:247,0
DA:248,0
DA:251,0
DA:252,0
DA:255,0
DA:260,0
DA:261,0
DA:265,0
DA:268,0
DA:271,0
DA:272,0
DA:276,0
DA:279,0
DA:280,0
DA:283,0
DA:284,0
DA:285,0
DA:287,0
DA:290,0
DA:293,0
DA:294,0
DA:298,0
DA:305,0
DA:307,0
DA:308,0
DA:309,0
DA:313,0
DA:318,0
DA:320,0
DA:323,0
DA:326,0
DA:327,0
DA:328,0
DA:329,0
DA:332,0
DA:333,0
DA:334,0
DA:335,0
DA:336,0
DA:337,0
DA:339,0
DA:341,0
DA:344,0
DA:348,0
DA:349,0
DA:350,0
DA:351,0
DA:356,0
DA:366,0
DA:367,0
DA:369,0
DA:372,0
DA:375,0
DA:377,0
DA:381,0
DA:392,0
DA:394,0
DA:395,0
DA:396,0
DA:400,0
DA:405,0
DA:407,0
DA:410,0
DA:413,0
DA:414,0
DA:415,0
DA:416,0
DA:419,0
DA:420,0
DA:421,0
DA:422,0
DA:423,0
DA:424,0
DA:426,0
DA:428,0
DA:431,0
DA:435,0
DA:445,0
DA:446,0
DA:448,0
DA:451,0
DA:453,0
DA:457,0
DA:464,0
DA:465,0
DA:468,0
DA:475,0
DA:490,0
DA:493,0
DA:496,0
DA:499,0
DA:502,0
DA:503,0
DA:506,0
DA:507,0
DA:509,0
DA:516,0
DA:518,0
DA:520,0
DA:522,0
DA:524,0
DA:526,0
DA:528,0
DA:536,0
DA:538,0
DA:544,0
DA:547,0
DA:556,0
DA:557,0
DA:558,0
DA:559,0
DA:560,0
DA:561,0
DA:566,0
DA:573,0
DA:575,0
DA:576,0
DA:577,0
DA:586,0
DA:587,0
DA:588,0
DA:590,0
DA:597,0
DA:599,0
DA:600,0
DA:605,0
DA:616,0
DA:619,0
DA:630,0
DA:637,0
DA:638,0
DA:640,0
DA:641,0
DA:643,0
DA:644,0
DA:645,0
DA:646,0
DA:647,0
DA:648,0
DA:649,0
DA:650,0
DA:652,0
DA:653,0
DA:655,0
DA:656,0
DA:659,0
DA:660,0
DA:661,0
DA:662,0
DA:665,0
DA:666,0
DA:667,0
DA:668,0
DA:671,0
DA:673,0
DA:675,0
DA:676,0
DA:677,0
DA:678,0
DA:681,0
DA:683,0
DA:685,0
DA:688,0
DA:689,0
DA:690,0
DA:691,0
DA:693,0
DA:696,0
DA:697,0
DA:698,0
DA:699,0
DA:700,0
DA:701,0
DA:702,0
DA:706,0
DA:709,0
DA:710,0
DA:712,0
DA:719,0
DA:726,0
DA:727,0
DA:735,0
DA:742,0
DA:749,0
DA:767,0
DA:776,0
DA:779,0
DA:781,0
DA:782,0
DA:784,0
DA:793,0
LF:242
LH:0
BRDA:104,0,0,0
BRDA:104,0,1,0
BRDA:123,1,0,0
BRDA:123,1,1,0
BRDA:129,2,0,0
BRDA:129,2,1,0
BRDA:132,3,0,0
BRDA:132,3,1,0
BRDA:155,4,0,0
BRDA:155,4,1,0
BRDA:177,5,0,0
BRDA:177,5,1,0
BRDA:177,6,0,0
BRDA:177,6,1,0
BRDA:198,7,0,0
BRDA:198,7,1,0
BRDA:198,8,0,0
BRDA:198,8,1,0
BRDA:247,9,0,0
BRDA:247,9,1,0
BRDA:260,10,0,0
BRDA:260,10,1,0
BRDA:260,11,0,0
BRDA:260,11,1,0
BRDA:271,12,0,0
BRDA:271,12,1,0
BRDA:271,13,0,0
BRDA:271,13,1,0
BRDA:283,14,0,0
BRDA:283,14,1,0
BRDA:285,15,0,0
BRDA:285,15,1,0
BRDA:293,16,0,0
BRDA:293,16,1,0
BRDA:293,17,0,0
BRDA:293,17,1,0
BRDA:308,18,0,0
BRDA:308,18,1,0
BRDA:318,19,0,0
BRDA:318,19,1,0
BRDA:326,20,0,0
BRDA:326,20,1,0
BRDA:333,21,0,0
BRDA:333,21,1,0
BRDA:339,22,0,0
BRDA:339,22,1,0
BRDA:348,23,0,0
BRDA:348,23,1,0
BRDA:350,24,0,0
BRDA:350,24,1,0
BRDA:395,25,0,0
BRDA:395,25,1,0
BRDA:405,26,0,0
BRDA:405,26,1,0
BRDA:413,27,0,0
BRDA:413,27,1,0
BRDA:420,28,0,0
BRDA:420,28,1,0
BRDA:426,29,0,0
BRDA:426,29,1,0
BRDA:516,30,0,0
BRDA:516,30,1,0
BRDA:516,30,2,0
BRDA:516,30,3,0
BRDA:516,30,4,0
BRDA:516,30,5,0
BRDA:544,31,0,0
BRDA:544,31,1,0
BRDA:547,32,0,0
BRDA:547,32,1,0
BRDA:550,33,0,0
BRDA:550,33,1,0
BRDA:556,34,0,0
BRDA:556,34,1,0
BRDA:556,35,0,0
BRDA:556,35,1,0
BRDA:558,36,0,0
BRDA:558,36,1,0
BRDA:587,37,0,0
BRDA:587,37,1,0
BRDA:630,38,0,0
BRDA:630,38,1,0
BRDA:650,39,0,0
BRDA:650,39,1,0
BRDA:655,40,0,0
BRDA:655,40,1,0
BRDA:666,41,0,0
BRDA:666,41,1,0
BRDA:676,42,0,0
BRDA:676,42,1,0
BRDA:690,43,0,0
BRDA:690,43,1,0
BRDA:696,44,0,0
BRDA:696,44,1,0
BRDA:726,45,0,0
BRDA:726,45,1,0
BRDA:769,46,0,0
BRDA:769,46,1,0
BRDA:779,47,0,0
BRDA:779,47,1,0
BRDA:782,48,0,0
BRDA:782,48,1,0
BRF:102
BRH:0
end_of_record
TN:
SF:src\multi-agent\prompt-loader.ts
FN:20,loadPrompt
FN:40,clearCache
FN:47,listPrompts
FN:51,(anonymous_12)
FN:52,(anonymous_13)
FNF:5
FNH:0
FNDA:0,loadPrompt
FNDA:0,clearCache
FNDA:0,listPrompts
FNDA:0,(anonymous_12)
FNDA:0,(anonymous_13)
DA:7,0
DA:8,0
DA:10,0
DA:15,0
DA:20,0
DA:22,0
DA:23,0
DA:26,0
DA:28,0
DA:29,0
DA:30,0
DA:31,0
DA:33,0
DA:40,0
DA:41,0
DA:47,0
DA:48,0
DA:49,0
DA:50,0
DA:51,0
DA:52,0
DA:54,0
LF:22
LH:0
BRDA:22,0,0,0
BRDA:22,0,1,0
BRF:2
BRH:0
end_of_record
TN:
SF:src\multi-agent\bus\EventBus.ts
FN:125,(anonymous_0)
FN:132,(anonymous_1)
FN:139,(anonymous_2)
FN:170,(anonymous_3)
FN:175,(anonymous_4)
FN:185,(anonymous_5)
FN:201,(anonymous_6)
FN:214,(anonymous_7)
FN:241,(anonymous_8)
FN:254,(anonymous_9)
FN:264,(anonymous_10)
FN:278,(anonymous_11)
FN:305,(anonymous_12)
FN:313,(anonymous_13)
FN:315,(anonymous_14)
FN:342,(anonymous_15)
FN:359,(anonymous_16)
FN:377,(anonymous_17)
FN:384,(anonymous_18)
FN:397,(anonymous_19)
FN:399,(anonymous_20)
FN:406,(anonymous_21)
FN:409,(anonymous_22)
FNF:23
FNH:0
FNDA:0,(anonymous_0)
FNDA:0,(anonymous_1)
FNDA:0,(anonymous_2)
FNDA:0,(anonymous_3)
FNDA:0,(anonymous_4)
FNDA:0,(anonymous_5)
FNDA:0,(anonymous_6)
FNDA:0,(anonymous_7)
FNDA:0,(anonymous_8)
FNDA:0,(anonymous_9)
FNDA:0,(anonymous_10)
FNDA:0,(anonymous_11)
FNDA:0,(anonymous_12)
FNDA:0,(anonymous_13)
FNDA:0,(anonymous_14)
FNDA:0,(anonymous_15)
FNDA:0,(anonymous_16)
FNDA:0,(anonymous_17)
FNDA:0,(anonymous_18)
FNDA:0,(anonymous_19)
FNDA:0,(anonymous_20)
FNDA:0,(anonymous_21)
FNDA:0,(anonymous_22)
DA:102,0
DA:112,0
DA:113,0
DA:114,0
DA:115,0
DA:117,0
DA:126,0
DA:133,0
DA:140,0
DA:142,0
DA:149,0
DA:152,0
DA:153,0
DA:154,0
DA:156,0
DA:160,0
DA:161,0
DA:164,0
DA:171,0
DA:172,0
DA:175,0
DA:176,0
DA:179,0
DA:186,0
DA:187,0
DA:189,0
DA:190,0
DA:191,0
DA:192,0
DA:194,0
DA:202,0
DA:203,0
DA:205,0
DA:206,0
DA:207,0
DA:215,0
DA:222,0
DA:223,0
DA:224,0
DA:227,0
DA:228,0
DA:229,0
DA:230,0
DA:235,0
DA:237,0
DA:239,0
DA:241,0
DA:243,0
DA:245,0
DA:248,0
DA:249,0
DA:251,0
DA:252,0
DA:254,0
DA:255,0
DA:256,0
DA:257,0
DA:261,0
DA:264,0
DA:265,0
DA:266,0
DA:267,0
DA:272,0
DA:283,0
DA:284,0
DA:287,0
DA:288,0
DA:289,0
DA:290,0
DA:293,0
DA:294,0
DA:297,0
DA:298,0
DA:311,0
DA:313,0
DA:315,0
DA:316,0
DA:320,0
DA:329,0
DA:331,0
DA:332,0
DA:334,0
DA:347,0
DA:364,0
DA:378,0
DA:385,0
DA:398,0
DA:399,0
DA:407,0
DA:408,0
DA:409,0
DA:417,0
LF:92
LH:0
BRDA:139,0,0,0
BRDA:153,1,0,0
BRDA:153,1,1,0
BRDA:160,2,0,0
BRDA:160,2,1,0
BRDA:172,3,0,0
BRDA:172,3,1,0
BRDA:187,4,0,0
BRDA:187,4,1,0
BRDA:191,5,0,0
BRDA:191,5,1,0
BRDA:203,6,0,0
BRDA:203,6,1,0
BRDA:223,7,0,0
BRDA:223,7,1,0
BRDA:227,8,0,0
BRDA:227,8,1,0
BRDA:227,9,0,0
BRDA:227,9,1,0
BRDA:227,9,2,0
BRDA:229,10,0,0
BRDA:229,10,1,0
BRDA:237,11,0,0
BRDA:237,11,1,0
BRDA:237,12,0,0
BRDA:237,12,1,0
BRDA:243,13,0,0
BRDA:243,13,1,0
BRDA:249,14,0,0
BRDA:249,14,1,0
BRDA:251,15,0,0
BRDA:251,15,1,0
BRDA:256,16,0,0
BRDA:256,16,1,0
BRDA:256,17,0,0
BRDA:256,17,1,0
BRDA:265,18,0,0
BRDA:265,18,1,0
BRDA:289,19,0,0
BRDA:289,19,1,0
BRDA:293,20,0,0
BRDA:293,20,1,0
BRDA:309,21,0,0
BRDA:331,22,0,0
BRDA:331,22,1,0
BRDA:345,23,0,0
BRDA:409,24,0,0
BRDA:409,24,1,0
BRF:48
BRH:0
end_of_record
TN:
SF:src\multi-agent\bus\LockManager.ts
FN:60,(anonymous_0)
FN:67,(anonymous_1)
FN:75,(anonymous_2)
FN:83,(anonymous_3)
FN:90,(anonymous_4)
FN:104,(anonymous_5)
FN:113,(anonymous_6)
FN:122,(anonymous_7)
FN:144,(anonymous_8)
FN:153,(anonymous_9)
FN:163,(anonymous_10)
FN:185,(anonymous_11)
FN:190,(anonymous_12)
FN:198,(anonymous_13)
FN:207,(anonymous_14)
FN:228,(anonymous_15)
FN:249,(anonymous_16)
FN:253,(anonymous_17)
FN:263,(anonymous_18)
FN:271,(anonymous_19)
FN:282,(anonymous_20)
FN:289,(anonymous_21)
FN:307,(anonymous_22)
FN:311,(anonymous_23)
FN:312,(anonymous_24)
FN:337,(anonymous_25)
FN:343,(anonymous_26)
FN:348,(anonymous_27)
FN:357,(anonymous_28)
FNF:29
FNH:0
FNDA:0,(anonymous_0)
FNDA:0,(anonymous_1)
FNDA:0,(anonymous_2)
FNDA:0,(anonymous_3)
FNDA:0,(anonymous_4)
FNDA:0,(anonymous_5)
FNDA:0,(anonymous_6)
FNDA:0,(anonymous_7)
FNDA:0,(anonymous_8)
FNDA:0,(anonymous_9)
FNDA:0,(anonymous_10)
FNDA:0,(anonymous_11)
FNDA:0,(anonymous_12)
FNDA:0,(anonymous_13)
FNDA:0,(anonymous_14)
FNDA:0,(anonymous_15)
FNDA:0,(anonymous_16)
FNDA:0,(anonymous_17)
FNDA:0,(anonymous_18)
FNDA:0,(anonymous_19)
FNDA:0,(anonymous_20)
FNDA:0,(anonymous_21)
FNDA:0,(anonymous_22)
FNDA:0,(anonymous_23)
FNDA:0,(anonymous_24)
FNDA:0,(anonymous_25)
FNDA:0,(anonymous_26)
FNDA:0,(anonymous_27)
FNDA:0,(anonymous_28)
DA:45,0
DA:54,0
DA:56,0
DA:57,0
DA:58,0
DA:61,0
DA:68,0
DA:76,0
DA:84,0
DA:95,0
DA:98,0
DA:99,0
DA:100,0
DA:104,0
DA:106,0
DA:107,0
DA:108,0
DA:109,0
DA:113,0
DA:114,0
DA:115,0
DA:119,0
DA:123,0
DA:124,0
DA:125,0
DA:127,0
DA:134,0
DA:135,0
DA:137,0
DA:145,0
DA:147,0
DA:148,0
DA:151,0
DA:153,0
DA:156,0
DA:169,0
DA:176,0
DA:177,0
DA:179,0
DA:186,0
DA:187,0
DA:190,0
DA:191,0
DA:192,0
DA:196,0
DA:197,0
DA:198,0
DA:200,0
DA:208,0
DA:209,0
DA:212,0
DA:214,0
DA:215,0
DA:216,0
DA:220,0
DA:221,0
DA:229,0
DA:230,0
DA:232,0
DA:234,0
DA:235,0
DA:236,0
DA:237,0
DA:239,0
DA:243,0
DA:250,0
DA:251,0
DA:253,0
DA:254,0
DA:255,0
DA:256,0
DA:264,0
DA:265,0
DA:276,0
DA:277,0
DA:279,0
DA:282,0
DA:291,0
DA:294,0
DA:295,0
DA:296,0
DA:297,0
DA:298,0
DA:300,0
DA:308,0
DA:309,0
DA:311,0
DA:312,0
DA:313,0
DA:314,0
DA:315,0
DA:318,0
DA:319,0
DA:320,0
DA:321,0
DA:322,0
DA:326,0
DA:333,0
DA:334,0
DA:335,0
DA:338,0
DA:339,0
DA:340,0
DA:343,0
DA:344,0
DA:349,0
DA:350,0
DA:351,0
DA:353,0
DA:358,0
DA:365,0
LF:111
LH:0
BRDA:76,0,0,0
BRDA:76,0,1,0
BRDA:84,1,0,0
BRDA:84,1,1,0
BRDA:98,2,0,0
BRDA:98,2,1,0
BRDA:106,3,0,0
BRDA:106,3,1,0
BRDA:107,4,0,0
BRDA:107,4,1,0
BRDA:124,5,0,0
BRDA:124,5,1,0
BRDA:134,6,0,0
BRDA:134,6,1,0
BRDA:145,7,0,0
BRDA:145,7,1,0
BRDA:147,8,0,0
BRDA:147,8,1,0
BRDA:151,9,0,0
BRDA:151,9,1,0
BRDA:176,10,0,0
BRDA:176,10,1,0
BRDA:187,11,0,0
BRDA:187,11,1,0
BRDA:191,12,0,0
BRDA:191,12,1,0
BRDA:196,13,0,0
BRDA:196,13,1,0
BRDA:198,14,0,0
BRDA:198,14,1,0
BRDA:209,15,0,0
BRDA:209,15,1,0
BRDA:209,16,0,0
BRDA:209,16,1,0
BRDA:214,17,0,0
BRDA:214,17,1,0
BRDA:220,18,0,0
BRDA:220,18,1,0
BRDA:230,19,0,0
BRDA:230,19,1,0
BRDA:235,20,0,0
BRDA:235,20,1,0
BRDA:251,21,0,0
BRDA:251,21,1,0
BRDA:254,22,0,0
BRDA:254,22,1,0
BRDA:265,23,0,0
BRDA:265,23,1,0
BRDA:276,24,0,0
BRDA:276,24,1,0
BRDA:277,25,0,0
BRDA:277,25,1,0
BRDA:295,26,0,0
BRDA:295,26,1,0
BRDA:314,27,0,0
BRDA:314,27,1,0
BRDA:318,28,0,0
BRDA:318,28,1,0
BRDA:321,29,0,0
BRDA:321,29,1,0
BRDA:338,30,0,0
BRDA:338,30,1,0
BRDA:350,31,0,0
BRDA:350,31,1,0
BRF:64
BRH:0
end_of_record
TN:
SF:src\multi-agent\bus\MessageQueue.ts
FN:37,(anonymous_0)
FN:44,(anonymous_1)
FN:77,(anonymous_2)
FN:84,(anonymous_3)
FN:91,(anonymous_4)
FN:98,(anonymous_5)
FN:105,(anonymous_6)
FN:106,(anonymous_7)
FN:112,(anonymous_8)
FN:113,(anonymous_9)
FN:119,(anonymous_10)
FN:120,(anonymous_11)
FN:126,(anonymous_12)
FN:127,(anonymous_13)
FN:138,(anonymous_14)
FN:145,(anonymous_15)
FN:152,(anonymous_16)
FN:159,(anonymous_17)
FN:166,(anonymous_18)
FN:179,(anonymous_19)
FN:183,(anonymous_20)
FN:191,(anonymous_21)
FNF:22
FNH:0
FNDA:0,(anonymous_0)
FNDA:0,(anonymous_1)
FNDA:0,(anonymous_2)
FNDA:0,(anonymous_3)
FNDA:0,(anonymous_4)
FNDA:0,(anonymous_5)
FNDA:0,(anonymous_6)
FNDA:0,(anonymous_7)
FNDA:0,(anonymous_8)
FNDA:0,(anonymous_9)
FNDA:0,(anonymous_10)
FNDA:0,(anonymous_11)
FNDA:0,(anonymous_12)
FNDA:0,(anonymous_13)
FNDA:0,(anonymous_14)
FNDA:0,(anonymous_15)
FNDA:0,(anonymous_16)
FNDA:0,(anonymous_17)
FNDA:0,(anonymous_18)
FNDA:0,(anonymous_19)
FNDA:0,(anonymous_20)
FNDA:0,(anonymous_21)
DA:24,0
DA:33,0
DA:34,0
DA:38,0
DA:46,0
DA:48,0
DA:52,0
DA:53,0
DA:57,0
DA:58,0
DA:64,0
DA:67,0
DA:68,0
DA:71,0
DA:78,0
DA:85,0
DA:92,0
DA:99,0
DA:106,0
DA:113,0
DA:120,0
DA:127,0
DA:128,0
DA:129,0
DA:130,0
DA:132,0
DA:139,0
DA:146,0
DA:153,0
DA:160,0
DA:166,0
DA:168,0
DA:169,0
DA:172,0
DA:180,0
DA:181,0
DA:182,0
DA:183,0
DA:185,0
DA:197,0
DA:203,0
DA:205,0
DA:206,0
DA:207,0
DA:210,0
LF:45
LH:0
BRDA:46,0,0,0
BRDA:46,0,1,0
BRDA:52,1,0,0
BRDA:52,1,1,0
BRDA:52,2,0,0
BRDA:52,2,1,0
BRDA:57,3,0,0
BRDA:57,3,1,0
BRDA:67,4,0,0
BRDA:67,4,1,0
BRDA:128,5,0,0
BRDA:128,5,1,0
BRDA:169,6,0,0
BRDA:169,6,1,0
BRDA:183,7,0,0
BRDA:183,7,1,0
BRDA:207,8,0,0
BRDA:207,8,1,0
BRF:18
BRH:0
end_of_record
TN:
SF:src\multi-agent\bus\index.ts
FN:10,(anonymous_0)
FN:10,(anonymous_1)
FN:22,(anonymous_2)
FN:25,(anonymous_3)
FN:25,(anonymous_4)
FN:25,(anonymous_5)
FNF:6
FNH:0
FNDA:0,(anonymous_0)
FNDA:0,(anonymous_1)
FNDA:0,(anonymous_2)
FNDA:0,(anonymous_3)
FNDA:0,(anonymous_4)
FNDA:0,(anonymous_5)
DA:10,0
DA:22,0
DA:25,0
LF:3
LH:0
BRF:0
BRH:0
end_of_record
TN:
SF:src\multi-agent\concurrent\ConcurrentAgent.ts
FN:66,(anonymous_0)
FN:78,(anonymous_1)
FN:90,(anonymous_2)
FN:100,(anonymous_3)
FN:101,(anonymous_4)
FN:130,(anonymous_5)
FN:155,(anonymous_6)
FN:181,(anonymous_7)
FN:196,(anonymous_8)
FN:203,(anonymous_9)
FN:213,(anonymous_10)
FN:223,(anonymous_11)
FN:235,createConcurrentAgent
FN:242,(anonymous_13)
FN:253,(anonymous_14)
FN:283,(anonymous_15)
FN:287,(anonymous_16)
FNF:17
FNH:0
FNDA:0,(anonymous_0)
FNDA:0,(anonymous_1)
FNDA:0,(anonymous_2)
FNDA:0,(anonymous_3)
FNDA:0,(anonymous_4)
FNDA:0,(anonymous_5)
FNDA:0,(anonymous_6)
FNDA:0,(anonymous_7)
FNDA:0,(anonymous_8)
FNDA:0,(anonymous_9)
FNDA:0,(anonymous_10)
FNDA:0,(anonymous_11)
FNDA:0,createConcurrentAgent
FNDA:0,(anonymous_13)
FNDA:0,(anonymous_14)
FNDA:0,(anonymous_15)
FNDA:0,(anonymous_16)
DA:17,0
DA:18,0
DA:54,0
DA:64,0
DA:67,0
DA:68,0
DA:72,0
DA:79,0
DA:80,0
DA:91,0
DA:92,0
DA:93,0
DA:101,0
DA:103,0
DA:106,0
DA:107,0
DA:111,0
DA:113,0
DA:131,0
DA:133,0
DA:134,0
DA:135,0
DA:136,0
DA:137,0
DA:139,0
DA:144,0
DA:164,0
DA:165,0
DA:168,0
DA:186,0
DA:187,0
DA:190,0
DA:197,0
DA:204,0
DA:205,0
DA:206,0
DA:214,0
DA:215,0
DA:216,0
DA:228,0
DA:235,0
DA:239,0
DA:243,0
DA:253,0
DA:254,0
DA:259,0
DA:267,0
DA:284,0
DA:288,0
LF:49
LH:0
BRDA:69,0,0,0
BRDA:69,0,1,0
BRDA:70,1,0,0
BRDA:70,1,1,0
BRDA:72,2,0,0
BRDA:72,2,1,0
BRDA:91,3,0,0
BRDA:91,3,1,0
BRDA:91,4,0,0
BRDA:91,4,1,0
BRDA:106,5,0,0
BRDA:106,5,1,0
BRDA:111,6,0,0
BRDA:111,6,1,0
BRDA:135,7,0,0
BRDA:135,7,1,0
BRDA:164,8,0,0
BRDA:164,8,1,0
BRDA:169,9,0,0
BRDA:169,9,1,0
BRDA:174,10,0,0
BRDA:174,10,1,0
BRDA:186,11,0,0
BRDA:186,11,1,0
BRDA:205,12,0,0
BRDA:205,12,1,0
BRDA:205,13,0,0
BRDA:205,13,1,0
BRDA:215,14,0,0
BRDA:215,14,1,0
BRDA:215,15,0,0
[...]
BRDA:1071,62,3,0
BRDA:1083,63,0,0
BRDA:1083,63,1,0
BRDA:1100,64,0,0
BRDA:1100,64,1,0
BRDA:1103,65,0,0
BRDA:1103,65,1,0
BRDA:1107,66,0,0
BRDA:1107,66,1,0
BRDA:1119,67,0,0
BRDA:1119,67,1,0
BRDA:1143,68,0,0
BRDA:1143,68,1,0
BRDA:1148,69,0,0
BRDA:1148,69,1,0
BRDA:1150,70,0,0
BRDA:1150,70,1,0
BRDA:1156,71,0,0
BRDA:1156,71,1,0
BRDA:1190,72,0,0
BRDA:1190,72,1,0
BRDA:1204,73,0,0
BRDA:1204,73,1,0
BRDA:1204,74,0,0
BRDA:1204,74,1,0
BRDA:1204,74,2,0
BRDA:1204,74,3,0
BRDA:1206,75,0,0
BRDA:1206,75,1,0
BRDA:1209,76,0,0
BRDA:1209,76,1,0
BRDA:1209,77,0,0
BRDA:1209,77,1,0
BRDA:1211,78,0,0
BRDA:1211,78,1,0
BRDA:1212,79,0,0
BRDA:1212,79,1,0
BRDA:1223,80,0,0
BRDA:1223,80,1,0
BRDA:1230,81,0,0
BRDA:1230,81,1,0
BRDA:1251,82,0,0
BRDA:1251,82,1,0
BRDA:1253,83,0,0
BRDA:1253,83,1,0
BRDA:1257,84,0,0
BRDA:1257,84,1,0
BRDA:1269,85,0,0
BRDA:1269,85,1,0
BRDA:1272,86,0,0
BRDA:1272,86,1,0
BRDA:1281,87,0,0
BRDA:1281,87,1,0
BRDA:1281,88,0,0
BRDA:1281,88,1,0
BRDA:1296,89,0,0
BRDA:1296,89,1,0
BRDA:1310,90,0,0
BRDA:1310,90,1,0
BRDA:1312,91,0,0
BRDA:1312,91,1,0
BRDA:1379,92,0,0
BRDA:1379,92,1,0
BRDA:1396,93,0,0
BRDA:1396,93,1,0
BRDA:1431,94,0,0
BRDA:1431,94,1,0
BRDA:1459,95,0,0
BRDA:1459,95,1,0
BRDA:1489,96,0,0
BRDA:1489,96,1,0
BRDA:1489,97,0,0
BRDA:1489,97,1,0
BRDA:1489,97,2,0
BRF:204
BRH:0
end_of_record
TN:
SF:src\multi-agent\discussion\ModeDetector.ts
FN:109,(anonymous_0)
FN:111,(anonymous_1)
FN:112,(anonymous_2)
FN:123,(anonymous_3)
FN:138,(anonymous_4)
FN:177,(anonymous_5)
FN:178,(anonymous_6)
FN:214,(anonymous_7)
FN:218,(anonymous_8)
FN:222,(anonymous_9)
FN:232,(anonymous_10)
FN:235,(anonymous_11)
FN:244,(anonymous_12)
FN:261,(anonymous_13)
FN:303,(anonymous_14)
FN:307,(anonymous_15)
FN:310,(anonymous_16)
FN:336,(anonymous_17)
FN:351,createModeDetector
FNF:19
FNH:0
FNDA:0,(anonymous_0)
FNDA:0,(anonymous_1)
FNDA:0,(anonymous_2)
FNDA:0,(anonymous_3)
FNDA:0,(anonymous_4)
FNDA:0,(anonymous_5)
FNDA:0,(anonymous_6)
FNDA:0,(anonymous_7)
FNDA:0,(anonymous_8)
FNDA:0,(anonymous_9)
FNDA:0,(anonymous_10)
FNDA:0,(anonymous_11)
FNDA:0,(anonymous_12)
FNDA:0,(anonymous_13)
FNDA:0,(anonymous_14)
FNDA:0,(anonymous_15)
FNDA:0,(anonymous_16)
FNDA:0,(anonymous_17)
FNDA:0,createModeDetector
DA:50,0
DA:61,0
DA:67,0
DA:77,0
DA:87,0
DA:97,0
DA:105,0
DA:111,0
DA:112,0
DA:114,0
DA:115,0
DA:123,0
DA:129,0
DA:130,0
DA:138,0
DA:145,0
DA:148,0
DA:149,0
DA:152,0
DA:153,0
DA:157,0
DA:158,0
DA:162,0
DA:163,0
DA:167,0
DA:168,0
DA:172,0
DA:173,0
DA:177,0
DA:178,0
DA:179,0
DA:182,0
DA:183,0
DA:187,0
DA:188,0
DA:192,0
DA:195,0
DA:196,0
DA:201,0
DA:203,0
DA:215,0
DA:218,0
DA:219,0
DA:222,0
DA:223,0
DA:226,0
DA:232,0
DA:235,0
DA:238,0
DA:239,0
DA:240,0
DA:241,0
DA:242,0
DA:243,0
DA:244,0
DA:249,0
DA:267,0
DA:269,0
DA:270,0
DA:272,0
DA:273,0
DA:275,0
DA:276,0
DA:278,0
DA:279,0
DA:282,0
DA:284,0
DA:285,0
DA:287,0
DA:288,0
DA:290,0
DA:291,0
DA:295,0
DA:297,0
DA:304,0
DA:307,0
DA:308,0
DA:310,0
DA:311,0
DA:315,0
DA:316,0
DA:317,0
DA:322,0
DA:323,0
DA:324,0
DA:329,0
DA:337,0
DA:340,0
DA:341,0
DA:344,0
DA:351,0
DA:352,0
LF:92
LH:0
BRDA:114,0,0,0
BRDA:114,0,1,0
BRDA:129,1,0,0
BRDA:129,1,1,0
BRDA:152,2,0,0
BRDA:152,2,1,0
BRDA:157,3,0,0
BRDA:157,3,1,0
BRDA:162,4,0,0
BRDA:162,4,1,0
BRDA:167,5,0,0
BRDA:167,5,1,0
BRDA:167,6,0,0
BRDA:167,6,1,0
BRDA:172,7,0,0
BRDA:172,7,1,0
BRDA:177,8,0,0
BRDA:177,8,1,0
BRDA:178,9,0,0
BRDA:178,9,1,0
BRDA:182,10,0,0
BRDA:182,10,1,0
BRDA:182,11,0,0
BRDA:182,11,1,0
BRDA:187,12,0,0
BRDA:187,12,1,0
BRDA:187,13,0,0
BRDA:187,13,1,0
BRDA:192,14,0,0
BRDA:192,14,1,0
BRDA:196,15,0,0
BRDA:196,15,1,0
BRDA:226,16,0,0
BRDA:226,16,1,0
BRDA:226,16,2,0
BRDA:226,16,3,0
BRDA:239,17,0,0
BRDA:239,17,1,0
BRDA:239,18,0,0
BRDA:239,18,1,0
BRDA:241,19,0,0
BRDA:241,19,1,0
BRDA:243,20,0,0
BRDA:243,20,1,0
BRDA:244,21,0,0
BRDA:244,21,1,0
BRDA:269,22,0,0
BRDA:269,22,1,0
BRDA:272,23,0,0
BRDA:272,23,1,0
BRDA:275,24,0,0
BRDA:275,24,1,0
BRDA:278,25,0,0
BRDA:278,25,1,0
BRDA:284,26,0,0
BRDA:284,26,1,0
BRDA:287,27,0,0
BRDA:287,27,1,0
BRDA:290,28,0,0
BRDA:290,28,1,0
BRDA:307,29,0,0
BRDA:307,29,1,0
BRDA:310,30,0,0
BRDA:310,30,1,0
BRDA:316,31,0,0
BRDA:316,31,1,0
BRDA:323,32,0,0
BRDA:323,32,1,0
BRF:68
BRH:0
end_of_record
TN:
SF:src\multi-agent\discussion\SubagentSessionManager.ts
FN:70,(anonymous_0)
FN:77,(anonymous_1)
FN:84,(anonymous_2)
FN:91,(anonymous_3)
FN:99,(anonymous_4)
FN:140,(anonymous_5)
FN:173,(anonymous_6)
FN:179,(anonymous_7)
FN:243,(anonymous_8)
FN:252,(anonymous_9)
FN:257,(anonymous_10)
FN:301,(anonymous_11)
FN:307,(anonymous_12)
FN:346,(anonymous_13)
FN:363,(anonymous_14)
FN:389,(anonymous_15)
FN:403,(anonymous_16)
FN:405,(anonymous_17)
FN:412,(anonymous_18)
FN:421,(anonymous_19)
FN:427,(anonymous_20)
FN:434,(anonymous_21)
FN:443,(anonymous_22)
FN:450,(anonymous_23)
FN:457,(anonymous_24)
FN:465,(anonymous_25)
FN:478,(anonymous_26)
FN:493,(anonymous_27)
FN:507,(anonymous_28)
FN:522,(anonymous_29)
FN:531,(anonymous_30)
FN:538,(anonymous_31)
FN:578,createSubagentSessionManager
FNF:33
FNH:0
FNDA:0,(anonymous_0)
FNDA:0,(anonymous_1)
FNDA:0,(anonymous_2)
FNDA:0,(anonymous_3)
FNDA:0,(anonymous_4)
FNDA:0,(anonymous_5)
FNDA:0,(anonymous_6)
FNDA:0,(anonymous_7)
FNDA:0,(anonymous_8)
FNDA:0,(anonymous_9)
FNDA:0,(anonymous_10)
FNDA:0,(anonymous_11)
FNDA:0,(anonymous_12)
FNDA:0,(anonymous_13)
FNDA:0,(anonymous_14)
FNDA:0,(anonymous_15)
FNDA:0,(anonymous_16)
FNDA:0,(anonymous_17)
FNDA:0,(anonymous_18)
FNDA:0,(anonymous_19)
FNDA:0,(anonymous_20)
FNDA:0,(anonymous_21)
FNDA:0,(anonymous_22)
FNDA:0,(anonymous_23)
FNDA:0,(anonymous_24)
FNDA:0,(anonymous_25)
FNDA:0,(anonymous_26)
FNDA:0,(anonymous_27)
FNDA:0,(anonymous_28)
FNDA:0,(anonymous_29)
FNDA:0,(anonymous_30)
FNDA:0,(anonymous_31)
FNDA:0,createSubagentSessionManager
DA:8,0
DA:48,0
DA:61,0
DA:63,0
DA:65,0
DA:68,0
DA:71,0
DA:78,0
DA:85,0
DA:92,0
DA:104,0
DA:107,0
DA:116,0
DA:118,0
DA:120,0
DA:123,0
DA:126,0
DA:128,0
DA:130,0
DA:131,0
DA:132,0
DA:133,0
DA:141,0
DA:144,0
DA:145,0
DA:148,0
DA:149,0
DA:150,0
DA:154,0
DA:155,0
DA:156,0
DA:157,0
DA:161,0
DA:162,0
DA:163,0
DA:164,0
DA:166,0
DA:179,0
DA:181,0
DA:182,0
DA:183,0
DA:184,0
DA:187,0
DA:193,0
DA:201,0
DA:202,0
DA:203,0
DA:207,0
DA:208,0
DA:212,0
DA:215,0
DA:217,0
DA:218,0
DA:221,0
DA:228,0
DA:229,0
DA:232,0
DA:233,0
DA:235,0
DA:237,0
DA:238,0
DA:240,0
DA:243,0
DA:244,0
DA:245,0
DA:246,0
DA:247,0
DA:248,0
DA:252,0
DA:253,0
DA:254,0
DA:257,0
DA:258,0
DA:259,0
DA:260,0
DA:263,0
DA:264,0
DA:265,0
DA:269,0
DA:270,0
DA:271,0
DA:272,0
DA:274,0
DA:275,0
DA:276,0
DA:277,0
DA:280,0
DA:281,0
DA:282,0
DA:284,0
DA:285,0
DA:290,0
DA:291,0
DA:292,0
DA:293,0
DA:301,0
DA:302,0
DA:303,0
DA:307,0
DA:308,0
DA:309,0
DA:311,0
DA:312,0
DA:315,0
DA:316,0
DA:317,0
DA:318,0
DA:322,0
DA:323,0
DA:325,0
DA:326,0
DA:327,0
DA:328,0
DA:331,0
DA:332,0
DA:334,0
DA:335,0
DA:337,0
DA:339,0
DA:340,0
DA:341,0
DA:346,0
DA:347,0
DA:348,0
DA:349,0
DA:350,0
DA:351,0
DA:352,0
DA:356,0
DA:365,0
DA:366,0
DA:367,0
DA:368,0
DA:372,0
DA:373,0
DA:374,0
DA:375,0
DA:380,0
DA:381,0
DA:383,0
DA:394,0
DA:395,0
DA:398,0
DA:399,0
DA:402,0
DA:403,0
DA:404,0
DA:406,0
DA:407,0
DA:411,0
DA:412,0
DA:415,0
DA:422,0
DA:423,0
DA:425,0
DA:426,0
DA:427,0
DA:430,0
DA:431,0
DA:434,0
DA:437,0
DA:444,0
DA:451,0
DA:458,0
DA:459,0
DA:466,0
DA:467,0
DA:468,0
DA:469,0
DA:472,0
DA:479,0
DA:480,0
DA:481,0
DA:482,0
DA:483,0
DA:484,0
DA:485,0
DA:487,0
DA:494,0
DA:495,0
DA:496,0
DA:497,0
DA:498,0
DA:499,0
DA:508,0
DA:509,0
DA:511,0
DA:512,0
DA:514,0
DA:523,0
DA:524,0
DA:525,0
DA:532,0
DA:545,0
DA:547,0
DA:548,0
DA:551,0
DA:552,0
DA:554,0
DA:555,0
DA:557,0
DA:558,0
DA:560,0
DA:561,0
DA:565,0
DA:578,0
DA:581,0
LF:207
LH:0
BRDA:131,0,0,0
BRDA:131,0,1,0
BRDA:148,1,0,0
BRDA:148,1,1,0
BRDA:154,2,0,0
BRDA:154,2,1,0
BRDA:189,3,0,0
BRDA:189,3,1,0
BRDA:201,4,0,0
BRDA:201,4,1,0
BRDA:207,5,0,0
BRDA:207,5,1,0
BRDA:263,6,0,0
BRDA:263,6,1,0
BRDA:263,7,0,0
BRDA:263,7,1,0
BRDA:269,8,0,0
BRDA:269,8,1,0
BRDA:270,9,0,0
BRDA:270,9,1,0
BRDA:271,10,0,0
BRDA:271,10,1,0
BRDA:272,11,0,0
BRDA:272,11,1,0
BRDA:274,12,0,0
BRDA:274,12,1,0
BRDA:275,13,0,0
BRDA:275,13,1,0
BRDA:276,14,0,0
BRDA:276,14,1,0
BRDA:277,15,0,0
BRDA:277,15,1,0
BRDA:281,16,0,0
BRDA:281,16,1,0
BRDA:284,17,0,0
BRDA:284,17,1,0
BRDA:290,18,0,0
BRDA:290,18,1,0
BRDA:292,19,0,0
BRDA:292,19,1,0
BRDA:315,20,0,0
BRDA:315,20,1,0
BRDA:322,21,0,0
BRDA:322,21,1,0
BRDA:331,22,0,0
BRDA:331,22,1,0
BRDA:331,23,0,0
BRDA:331,23,1,0
BRDA:334,24,0,0
BRDA:334,24,1,0
BRDA:340,25,0,0
BRDA:340,25,1,0
BRDA:365,26,0,0
BRDA:365,26,1,0
BRDA:365,27,0,0
BRDA:365,27,1,0
BRDA:367,28,0,0
BRDA:367,28,1,0
BRDA:367,29,0,0
BRDA:367,29,1,0
BRDA:372,30,0,0
BRDA:372,30,1,0
BRDA:372,31,0,0
BRDA:372,31,1,0
BRDA:374,32,0,0
BRDA:374,32,1,0
BRDA:374,33,0,0
BRDA:374,33,1,0
BRDA:380,34,0,0
BRDA:380,34,1,0
BRDA:380,35,0,0
BRDA:380,35,1,0
BRDA:423,36,0,0
BRDA:423,36,1,0
BRDA:427,37,0,0
BRDA:427,37,1,0
BRDA:427,37,2,0
BRDA:430,38,0,0
BRDA:430,38,1,0
BRDA:468,39,0,0
BRDA:468,39,1,0
BRDA:480,40,0,0
BRDA:480,40,1,0
BRDA:495,41,0,0
BRDA:495,41,1,0
BRDA:495,42,0,0
BRDA:495,42,1,0
BRDA:509,43,0,0
BRDA:509,43,1,0
BRDA:509,44,0,0
BRDA:509,44,1,0
BRDA:511,45,0,0
BRDA:511,45,1,0
BRDA:548,46,0,0
BRDA:548,46,1,0
BRDA:548,46,2,0
BRDA:548,46,3,0
BRDA:548,46,4,0
BRF:98
BRH:0
end_of_record
TN:
SF:src\multi-agent\discussion\index.ts
FN:41,(anonymous_0)
FN:44,(anonymous_1)
FN:44,(anonymous_2)
FN:44,(anonymous_3)
FN:47,(anonymous_4)
FN:47,(anonymous_5)
FN:52,(anonymous_6)
FN:53,(anonymous_7)
FN:54,(anonymous_8)
FN:59,(anonymous_9)
FN:60,(anonymous_10)
FNF:11
FNH:0
FNDA:0,(anonymous_0)
FNDA:0,(anonymous_1)
FNDA:0,(anonymous_2)
FNDA:0,(anonymous_3)
FNDA:0,(anonymous_4)
FNDA:0,(anonymous_5)
FNDA:0,(anonymous_6)
FNDA:0,(anonymous_7)
FNDA:0,(anonymous_8)
FNDA:0,(anonymous_9)
FNDA:0,(anonymous_10)
DA:41,0
DA:44,0
DA:47,0
DA:51,0
DA:52,0
DA:53,0
DA:54,0
DA:58,0
DA:59,0
DA:60,0
LF:10
LH:0
BRF:0
BRH:0
end_of_record
TN:
SF:src\multi-agent\discussion\types.ts
FNF:0
FNH:0
DA:249,0
LF:1
LH:0
BRF:0
BRH:0
end_of_record
TN:
SF:src\multi-agent\state\StateManager.ts
FN:85,(anonymous_0)
FN:102,(anonymous_1)
FN:124,(anonymous_2)
FN:150,(anonymous_3)
FN:157,(anonymous_4)
FN:164,(anonymous_5)
FN:171,(anonymous_6)
FN:178,(anonymous_7)
FN:187,(anonymous_8)
FN:213,(anonymous_9)
FN:248,(anonymous_10)
FN:270,(anonymous_11)
FN:292,(anonymous_12)
FN:314,(anonymous_13)
FN:328,(anonymous_14)
FN:356,(anonymous_15)
FN:369,(anonymous_16)
FN:393,(anonymous_17)
FN:416,(anonymous_18)
FN:417,(anonymous_19)
FN:423,(anonymous_20)
FN:430,(anonymous_21)
FN:463,(anonymous_22)
FN:464,(anonymous_23)
FN:477,(anonymous_24)
FN:494,(anonymous_25)
FN:544,(anonymous_26)
FN:559,(anonymous_27)
FN:565,(anonymous_28)
FN:566,(anonymous_29)
FN:580,(anonymous_30)
FN:582,(anonymous_31)
FN:588,(anonymous_32)
FN:603,(anonymous_33)
FN:610,(anonymous_34)
FN:620,generateSessionId
FN:627,createStateManager
FNF:37
FNH:0
FNDA:0,(anonymous_0)
FNDA:0,(anonymous_1)
FNDA:0,(anonymous_2)
FNDA:0,(anonymous_3)
FNDA:0,(anonymous_4)
FNDA:0,(anonymous_5)
FNDA:0,(anonymous_6)
FNDA:0,(anonymous_7)
FNDA:0,(anonymous_8)
FNDA:0,(anonymous_9)
FNDA:0,(anonymous_10)
FNDA:0,(anonymous_11)
FNDA:0,(anonymous_12)
FNDA:0,(anonymous_13)
FNDA:0,(anonymous_14)
FNDA:0,(anonymous_15)
FNDA:0,(anonymous_16)
FNDA:0,(anonymous_17)
FNDA:0,(anonymous_18)
FNDA:0,(anonymous_19)
FNDA:0,(anonymous_20)
FNDA:0,(anonymous_21)
FNDA:0,(anonymous_22)
FNDA:0,(anonymous_23)
FNDA:0,(anonymous_24)
FNDA:0,(anonymous_25)
FNDA:0,(anonymous_26)
FNDA:0,(anonymous_27)
FNDA:0,(anonymous_28)
FNDA:0,(anonymous_29)
FNDA:0,(anonymous_30)
FNDA:0,(anonymous_31)
FNDA:0,(anonymous_32)
FNDA:0,(anonymous_33)
FNDA:0,(anonymous_34)
FNDA:0,generateSessionId
FNDA:0,createStateManager
DA:19,0
DA:20,0
DA:64,0
DA:74,0
DA:81,0
DA:82,0
DA:83,0
DA:90,0
DA:91,0
DA:92,0
DA:93,0
DA:96,0
DA:107,0
DA:108,0
DA:118,0
DA:125,0
DA:126,0
DA:128,0
DA:139,0
DA:140,0
DA:142,0
DA:151,0
DA:158,0
DA:165,0
DA:172,0
DA:179,0
DA:188,0
DA:189,0
DA:191,0
DA:194,0
DA:195,0
DA:198,0
DA:206,0
DA:216,0
DA:217,0
DA:218,0
DA:221,0
DA:222,0
DA:224,0
DA:225,0
DA:229,0
DA:230,0
DA:233,0
DA:241,0
DA:249,0
DA:250,0
DA:251,0
DA:252,0
DA:253,0
DA:255,0
DA:263,0
DA:271,0
DA:272,0
DA:273,0
DA:274,0
DA:275,0
DA:277,0
DA:285,0
DA:293,0
DA:294,0
DA:295,0
DA:296,0
DA:297,0
DA:299,0
DA:307,0
DA:315,0
DA:316,0
DA:317,0
DA:318,0
DA:319,0
DA:321,0
DA:329,0
DA:330,0
DA:331,0
DA:332,0
DA:333,0
DA:334,0
DA:337,0
DA:338,0
DA:341,0
DA:349,0
DA:357,0
DA:358,0
DA:359,0
DA:360,0
DA:362,0
DA:370,0
DA:371,0
DA:372,0
DA:373,0
DA:374,0
DA:376,0
DA:384,0
DA:394,0
DA:403,0
DA:406,0
DA:407,0
DA:410,0
DA:417,0
DA:424,0
DA:431,0
DA:432,0
DA:433,0
DA:436,0
DA:437,0
DA:439,0
DA:442,0
DA:443,0
DA:444,0
DA:446,0
DA:454,0
DA:456,0
DA:464,0
DA:465,0
DA:466,0
DA:467,0
DA:469,0
DA:478,0
DA:495,0
DA:496,0
DA:498,0
DA:499,0
DA:500,0
DA:501,0
DA:503,0
DA:505,0
DA:506,0
DA:507,0
DA:509,0
DA:510,0
DA:511,0
DA:512,0
DA:514,0
DA:517,0
DA:518,0
DA:519,0
DA:520,0
DA:522,0
DA:525,0
DA:526,0
DA:527,0
DA:528,0
DA:532,0
DA:533,0
DA:536,0
DA:537,0
DA:538,0
DA:539,0
DA:541,0
DA:544,0
DA:545,0
DA:546,0
DA:547,0
DA:548,0
DA:553,0
DA:560,0
DA:562,0
DA:565,0
DA:566,0
DA:581,0
DA:582,0
DA:589,0
DA:590,0
DA:591,0
DA:593,0
DA:604,0
DA:611,0
DA:612,0
DA:613,0
DA:621,0
DA:627,0
DA:631,0
LF:172
LH:0
BRDA:133,0,0,0
BRDA:133,0,1,0
BRDA:140,1,0,0
BRDA:140,1,1,0
BRDA:221,2,0,0
BRDA:221,2,1,0
BRDA:224,3,0,0
BRDA:224,3,1,0
BRDA:337,4,0,0
BRDA:337,4,1,0
BRDA:337,5,0,0
BRDA:337,5,1,0
BRDA:406,6,0,0
BRDA:406,6,1,0
BRDA:432,7,0,0
BRDA:432,7,1,0
BRDA:465,8,0,0
BRDA:465,8,1,0
BRDA:509,9,0,0
BRDA:509,9,1,0
BRDA:517,10,0,0
BRDA:517,10,1,0
BRDA:525,11,0,0
BRDA:525,11,1,0
BRDA:532,12,0,0
BRDA:532,12,1,0
BRDA:538,13,0,0
BRDA:538,13,1,0
BRDA:565,14,0,0
BRDA:565,14,1,0
BRF:30
BRH:0
end_of_record
TN:
SF:src\multi-agent\state\index.ts
FN:7,(anonymous_0)
FN:7,(anonymous_1)
FNF:2
FNH:0
FNDA:0,(anonymous_0)
FNDA:0,(anonymous_1)
DA:7,0
LF:1
LH:0
BRF:0
BRH:0
end_of_record
TN:
SF:src\multi-agent\tools\ToolManager.ts
FN:59,(anonymous_0)
FN:67,(anonymous_1)
FN:86,(anonymous_2)
FN:107,(anonymous_3)
FN:124,(anonymous_4)
FN:150,(anonymous_5)
FN:157,(anonymous_6)
FN:164,(anonymous_7)
FN:171,(anonymous_8)
FN:178,(anonymous_9)
FN:183,(anonymous_10)
FN:193,(anonymous_11)
FN:251,(anonymous_12)
FN:255,(anonymous_13)
FN:256,(anonymous_14)
FN:261,(anonymous_15)
FN:265,(anonymous_16)
FN:275,(anonymous_17)
FN:307,(anonymous_18)
FN:314,(anonymous_19)
FN:323,(anonymous_20)
FN:368,(anonymous_21)
FN:408,(anonymous_22)
FN:430,(anonymous_23)
FN:481,createToolManager
FNF:25
FNH:0
FNDA:0,(anonymous_0)
FNDA:0,(anonymous_1)
FNDA:0,(anonymous_2)
FNDA:0,(anonymous_3)
FNDA:0,(anonymous_4)
FNDA:0,(anonymous_5)
FNDA:0,(anonymous_6)
FNDA:0,(anonymous_7)
FNDA:0,(anonymous_8)
FNDA:0,(anonymous_9)
FNDA:0,(anonymous_10)
FNDA:0,(anonymous_11)
FNDA:0,(anonymous_12)
FNDA:0,(anonymous_13)
FNDA:0,(anonymous_14)
FNDA:0,(anonymous_15)
FNDA:0,(anonymous_16)
FNDA:0,(anonymous_17)
FNDA:0,(anonymous_18)
FNDA:0,(anonymous_19)
FNDA:0,(anonymous_20)
FNDA:0,(anonymous_21)
FNDA:0,(anonymous_22)
FNDA:0,(anonymous_23)
FNDA:0,createToolManager
DA:44,0
DA:54,0
DA:55,0
DA:57,0
DA:60,0
DA:61,0
DA:69,0
DA:86,0
DA:90,0
DA:107,0
DA:111,0
DA:124,0
DA:128,0
DA:150,0
DA:158,0
DA:165,0
DA:172,0
DA:183,0
DA:194,0
DA:195,0
DA:197,0
DA:198,0
DA:205,0
DA:206,0
DA:210,0
DA:211,0
DA:212,0
DA:219,0
DA:220,0
DA:224,0
DA:225,0
DA:226,0
DA:233,0
DA:234,0
DA:236,0
DA:243,0
DA:244,0
DA:255,0
DA:256,0
DA:257,0
DA:260,0
DA:262,0
DA:263,0
DA:266,0
DA:267,0
DA:279,0
DA:282,0
DA:283,0
DA:284,0
DA:285,0
DA:291,0
DA:292,0
DA:293,0
DA:294,0
DA:295,0
DA:296,0
DA:301,0
DA:308,0
DA:315,0
DA:324,0
DA:325,0
DA:328,0
DA:330,0
DA:331,0
DA:333,0
DA:334,0
DA:337,0
DA:340,0
DA:342,0
DA:343,0
DA:346,0
DA:347,0
DA:348,0
DA:349,0
DA:350,0
DA:355,0
DA:356,0
DA:359,0
DA:361,0
DA:369,0
DA:370,0
DA:373,0
DA:374,0
DA:380,0
DA:381,0
DA:384,0
DA:387,0
DA:395,0
DA:396,0
DA:399,0
DA:401,0
DA:409,0
DA:412,0
DA:415,0
DA:417,0
DA:418,0
DA:421,0
DA:423,0
DA:431,0
DA:433,0
DA:435,0
DA:438,0
DA:439,0
DA:441,0
DA:442,0
DA:445,0
DA:446,0
DA:447,0
DA:449,0
DA:453,0
DA:455,0
DA:456,0
DA:459,0
DA:468,0
DA:476,0
DA:481,0
DA:482,0
LF:117
LH:0
BRDA:197,0,0,0
BRDA:197,0,1,0
BRDA:211,1,0,0
BRDA:211,1,1,0
BRDA:239,2,0,0
BRDA:239,2,1,0
BRDA:282,3,0,0
BRDA:282,3,1,0
BRDA:284,4,0,0
BRDA:284,4,1,0
BRDA:293,5,0,0
BRDA:293,5,1,0
BRDA:295,6,0,0
BRDA:295,6,1,0
BRDA:295,7,0,0
BRDA:295,7,1,0
BRDA:295,8,0,0
BRDA:295,8,1,0
BRDA:324,9,0,0
BRDA:324,9,1,0
BRDA:333,10,0,0
BRDA:333,10,1,0
BRDA:342,11,0,0
BRDA:342,11,1,0
BRDA:346,12,0,0
BRDA:346,12,1,0
BRDA:346,13,0,0
BRDA:346,13,1,0
BRDA:347,14,0,0
BRDA:347,14,1,0
BRDA:349,15,0,0
BRDA:349,15,1,0
BRDA:355,16,0,0
BRDA:355,16,1,0
BRDA:361,17,0,0
BRDA:361,17,1,0
BRDA:369,18,0,0
BRDA:369,18,1,0
BRDA:380,19,0,0
BRDA:380,19,1,0
BRDA:395,20,0,0
BRDA:395,20,1,0
BRDA:401,21,0,0
BRDA:401,21,1,0
BRDA:417,22,0,0
BRDA:417,22,1,0
BRDA:417,23,0,0
BRDA:417,23,1,0
BRDA:423,24,0,0
BRDA:423,24,1,0
BRDA:433,25,0,0
BRDA:433,25,1,0
BRDA:433,25,2,0
BRDA:433,25,3,0
BRDA:439,26,0,0
BRDA:439,26,1,0
BRDA:441,27,0,0
BRDA:441,27,1,0
BRDA:453,28,0,0
BRDA:453,28,1,0
BRDA:455,29,0,0
BRDA:455,29,1,0
BRF:62
BRH:0
end_of_record
TN:
SF:src\multi-agent\tools\index.ts
FN:8,(anonymous_0)
FN:8,(anonymous_1)
FN:8,(anonymous_2)
FN:12,(anonymous_3)
FN:12,(anonymous_4)
FN:12,(anonymous_5)
FN:19,(anonymous_6)
FN:19,(anonymous_7)
FN:20,(anonymous_8)
FN:20,(anonymous_9)
FN:25,registerBuiltinTools
FNF:11
FNH:0
FNDA:0,(anonymous_0)
FNDA:0,(anonymous_1)
FNDA:0,(anonymous_2)
FNDA:0,(anonymous_3)
FNDA:0,(anonymous_4)
FNDA:0,(anonymous_5)
FNDA:0,(anonymous_6)
FNDA:0,(anonymous_7)
FNDA:0,(anonymous_8)
FNDA:0,(anonymous_9)
FNDA:0,registerBuiltinTools
DA:8,0
DA:12,0
DA:19,0
DA:20,0
DA:25,0
DA:26,0
DA:27,0
DA:28,0
DA:30,0
DA:31,0
DA:33,0
DA:34,0
LF:12
LH:0
BRDA:30,0,0,0
BRDA:30,0,1,0
BRDA:33,1,0,0
BRDA:33,1,1,0
BRF:4
BRH:0
end_of_record
TN:
SF:src\multi-agent\tools\registry.ts
FN:19,(anonymous_0)
FN:32,(anonymous_1)
FN:44,(anonymous_2)
FN:54,(anonymous_3)
FN:62,(anonymous_4)
FN:70,(anonymous_5)
FN:77,(anonymous_6)
FN:78,(anonymous_7)
FN:85,(anonymous_8)
FN:86,(anonymous_9)
FN:87,(anonymous_10)
FN:97,(anonymous_11)
FN:147,(anonymous_12)
FN:153,(anonymous_13)
FN:154,(anonymous_14)
FN:162,(anonymous_15)
FN:169,(anonymous_16)
FN:182,createTool
FN:189,(anonymous_18)
FNF:19
FNH:0
FNDA:0,(anonymous_0)
FNDA:0,(anonymous_1)
FNDA:0,(anonymous_2)
FNDA:0,(anonymous_3)
FNDA:0,(anonymous_4)
FNDA:0,(anonymous_5)
FNDA:0,(anonymous_6)
FNDA:0,(anonymous_7)
FNDA:0,(anonymous_8)
FNDA:0,(anonymous_9)
FNDA:0,(anonymous_10)
FNDA:0,(anonymous_11)
FNDA:0,(anonymous_12)
FNDA:0,(anonymous_13)
FNDA:0,(anonymous_14)
FNDA:0,(anonymous_15)
FNDA:0,(anonymous_16)
FNDA:0,createTool
FNDA:0,(anonymous_18)
DA:15,0
DA:16,0
DA:20,0
DA:33,0
DA:34,0
DA:35,0
DA:37,0
DA:45,0
DA:46,0
DA:55,0
DA:63,0
DA:71,0
DA:78,0
DA:86,0
DA:87,0
DA:98,0
DA:99,0
DA:100,0
DA:111,0
DA:112,0
DA:113,0
DA:114,0
DA:126,0
DA:127,0
DA:131,0
DA:133,0
DA:151,0
DA:154,0
DA:163,0
DA:170,0
DA:177,0
DA:182,0
DA:186,0
DA:190,0
DA:193,0
DA:194,0
DA:195,0
DA:196,0
DA:202,0
DA:203,0
DA:204,0
DA:205,0
DA:206,0
DA:207,0
DA:212,0
LF:45
LH:0
BRDA:34,0,0,0
BRDA:34,0,1,0
BRDA:34,1,0,0
BRDA:34,1,1,0
BRDA:99,2,0,0
BRDA:99,2,1,0
BRDA:111,3,0,0
BRDA:111,3,1,0
BRDA:113,4,0,0
BRDA:113,4,1,0
BRDA:138,5,0,0
BRDA:138,5,1,0
BRDA:193,6,0,0
BRDA:193,6,1,0
BRDA:195,7,0,0
BRDA:195,7,1,0
BRDA:195,8,0,0
BRDA:195,8,1,0
BRDA:204,9,0,0
BRDA:204,9,1,0
BRDA:205,10,0,0
BRDA:205,10,1,0
BRDA:206,11,0,0
BRDA:206,11,1,0
BRDA:206,12,0,0
BRDA:206,12,1,0
BRDA:214,13,0,0
BRDA:214,13,1,0
BRF:28
BRH:0
end_of_record
TN:
SF:src\multi-agent\tools\web-fetch.ts
FN:37,executeWebFetch
FN:95,registerWebFetchTool
FNF:2
FNH:0
FNDA:0,executeWebFetch
FNDA:0,registerWebFetchTool
DA:7,0
DA:12,0
DA:38,0
DA:39,0
DA:48,0
DA:69,0
DA:73,0
DA:90,0
DA:95,0
DA:96,0
DA:97,0
LF:11
LH:0
BRDA:39,0,0,0
BRDA:39,0,1,0
BRDA:69,1,0,0
BRDA:69,1,1,0
BRF:4
BRH:0
end_of_record
TN:
SF:src\multi-agent\tools\web-search.ts
FN:42,executeWebSearch
FN:70,(anonymous_1)
FN:95,registerWebSearchTool
FNF:3
FNH:0
FNDA:0,executeWebSearch
FNDA:0,(anonymous_1)
FNDA:0,registerWebSearchTool
DA:7,0
DA:12,0
DA:43,0
DA:44,0
DA:53,0
DA:62,0
DA:63,0
DA:70,0
DA:71,0
DA:74,0
DA:90,0
DA:95,0
DA:96,0
DA:97,0
LF:14
LH:0
BRDA:44,0,0,0
BRDA:44,0,1,0
BRF:2
BRH:0
end_of_record
